<?xml version="1.0" encoding="UTF-8"?>
<testsuites name="CURA_MAKEAPPOINTMENT_TESTSUITE" time="61.983" tests="5" failures="0" errors="0">
   <testsuite name="CURA_MAKEAPPOINTMENT_TESTSUITE" tests="5" failures="0" errors="0" time="61.983" skipped="0" timestamp="31-01-2024T19:22:16" hostname="hp - LAPTOP-F3RG2V3G" id="Test Suites/CURA_MAKEAPPOINTMENT_TESTSUITE/CURA_MAKEAPPOINTMENT_TESTSUITE">
      <properties>
         <property name="deviceName" value=""/>
         <property name="devicePlatform" value=""/>
         <property name="logFolder" value="C:\\Users\\hp\\Katalon Studio\\CURA_HEALTHCARE_SERVICE\\Reports\\20240131_192202\\CURA_MAKEAPPOINTMENT_TESTSUITE\\CURA_MAKEAPPOINTMENT_TESTSUITE\\20240131_192202"/>
         <property name="logFiles" value="C:\\Users\\hp\\Katalon Studio\\CURA_HEALTHCARE_SERVICE\\Reports\\20240131_192202\\CURA_MAKEAPPOINTMENT_TESTSUITE\\CURA_MAKEAPPOINTMENT_TESTSUITE\\20240131_192202\\execution0.log"/>
         <property name="attachments" value=""/>
         <property name="hostName" value="hp - LAPTOP-F3RG2V3G"/>
         <property name="os" value="Windows 10 64bit"/>
         <property name="katalonVersion" value="9.1.0.212"/>
         <property name="browser" value="Chrome 120.0.0.0"/>
         <property name="hostAddress" value="192.168.1.10"/>
         <property name="sessionId" value="f9f24e02126fd9767de5d085bc5a898a"/>
         <property name="seleniumVersion" value="3.141.59"/>
         <property name="proxyInformation" value="ProxyInformation { proxyOption=NO_PROXY, proxyServerType=HTTP, username=, password=********, proxyServerAddress=, proxyServerPort=0, executionList=&quot;&quot;, isApplyToDesiredCapabilities=true }"/>
         <property name="platform" value="Windows 10"/>
      </properties>
      <testcase name="Test Cases/TC_CURA_MAKEAPPOINTMENT/CURA_MAKAEAPPOINTMENT_VERIFYING" time="10.167" classname="Test Cases/TC_CURA_MAKEAPPOINTMENT/CURA_MAKAEAPPOINTMENT_VERIFYING" status="PASSED">
         <system-out><![CDATA[31-01-2024T19:22:38 - [TEST_CASE][PASSED] - Test Cases/TC_CURA_MAKEAPPOINTMENT/CURA_MAKAEAPPOINTMENT_VERIFYING: Test Cases/TC_CURA_MAKEAPPOINTMENT/CURA_MAKAEAPPOINTMENT_VERIFYING

31-01-2024T19:22:38 - [TEST_STEP][PASSED] - Start listener action : sampleBeforeTestCase: Actual text 'CURA Healthcare Service' and expected text 'CURA Healthcare Service' are matched  using regular expression

31-01-2024T19:22:38 - [TEST_STEP][PASSED] - println(testCaseContext.getTestCaseId()): null

31-01-2024T19:22:38 - [TEST_STEP][PASSED] - println(testCaseContext.getTestCaseVariables()): null

31-01-2024T19:22:38 - [TEST_STEP][PASSED] - verifyMatch(getWindowTitle(), "CURA Healthcare Service", true): Actual text 'CURA Healthcare Service' and expected text 'CURA Healthcare Service' are matched  using regular expression

31-01-2024T19:22:38 - [MESSAGE][PASSED] - Current window's title is: 'CURA Healthcare Service'

31-01-2024T19:22:38 - [MESSAGE][PASSED] - Actual text 'CURA Healthcare Service' and expected text 'CURA Healthcare Service' are matched  using regular expression

31-01-2024T19:22:38 - [TEST_STEP][PASSED] - delay(2): Delayed 2 second(s)

31-01-2024T19:22:41 - [MESSAGE][PASSED] - Delayed 2 second(s)

31-01-2024T19:22:41 - [TEST_STEP][PASSED] - com.qa.test.customfunction.CuraDropdown(findTestObject("Cura_Pages/CURA_MAKEAPPOINTMENT_OR/CURA_MAKINGAPPOINTMENT_OR/Page_CURA Healthcare Service/select_Tokyo CURA Healthcare Center        _5b4107"), "Hongkong CURA Healthcare Center"): com.qa.test.customfunction.CuraDropdown is PASSED

31-01-2024T19:22:42 - [MESSAGE][PASSED] - com.qa.test.customfunction.CuraDropdown is PASSED

31-01-2024T19:22:42 - [TEST_STEP][PASSED] - click(findTestObject("Object Repository/Cura_Pages/CURA_MAKEAPPOINTMENT_OR/CURA_MAKINGAPPOINTMENT_OR/Page_CURA Healthcare Service/label_Medicaid")): Object: 'Object Repository/Cura_Pages/CURA_MAKEAPPOINTMENT_OR/CURA_MAKINGAPPOINTMENT_OR/Page_CURA Healthcare Service/label_Medicaid' is clicked on

31-01-2024T19:22:42 - [MESSAGE][PASSED] - Object: 'Object Repository/Cura_Pages/CURA_MAKEAPPOINTMENT_OR/CURA_MAKINGAPPOINTMENT_OR/Page_CURA Healthcare Service/label_Medicaid' is clicked on

31-01-2024T19:22:42 - [TEST_STEP][PASSED] - click(findTestObject("Object Repository/Cura_Pages/CURA_MAKEAPPOINTMENT_OR/CURA_MAKINGAPPOINTMENT_OR/Page_CURA Healthcare Service/label_Apply for hospital readmission")): Object: 'Object Repository/Cura_Pages/CURA_MAKEAPPOINTMENT_OR/CURA_MAKINGAPPOINTMENT_OR/Page_CURA Healthcare Service/label_Apply for hospital readmission' is clicked on

31-01-2024T19:22:43 - [MESSAGE][PASSED] - Object: 'Object Repository/Cura_Pages/CURA_MAKEAPPOINTMENT_OR/CURA_MAKINGAPPOINTMENT_OR/Page_CURA Healthcare Service/label_Apply for hospital readmission' is clicked on

31-01-2024T19:22:43 - [TEST_STEP][PASSED] - click(findTestObject("Object Repository/Cura_Pages/CURA_MAKEAPPOINTMENT_OR/CURA_MAKINGAPPOINTMENT_OR/Page_CURA Healthcare Service/div_input-group-addon")): Object: 'Object Repository/Cura_Pages/CURA_MAKEAPPOINTMENT_OR/CURA_MAKINGAPPOINTMENT_OR/Page_CURA Healthcare Service/div_input-group-addon' is clicked on

31-01-2024T19:22:43 - [MESSAGE][PASSED] - Object: 'Object Repository/Cura_Pages/CURA_MAKEAPPOINTMENT_OR/CURA_MAKINGAPPOINTMENT_OR/Page_CURA Healthcare Service/div_input-group-addon' is clicked on

31-01-2024T19:22:43 - [TEST_STEP][PASSED] - click(findTestObject("Object Repository/Cura_Pages/CURA_MAKEAPPOINTMENT_OR/CURA_MAKINGAPPOINTMENT_OR/Page_CURA Healthcare Service/td_30")): Object: 'Object Repository/Cura_Pages/CURA_MAKEAPPOINTMENT_OR/CURA_MAKINGAPPOINTMENT_OR/Page_CURA Healthcare Service/td_30' is clicked on

31-01-2024T19:22:44 - [MESSAGE][PASSED] - Object: 'Object Repository/Cura_Pages/CURA_MAKEAPPOINTMENT_OR/CURA_MAKINGAPPOINTMENT_OR/Page_CURA Healthcare Service/td_30' is clicked on

31-01-2024T19:22:44 - [TEST_STEP][PASSED] - setText(findTestObject("Object Repository/Cura_Pages/CURA_MAKEAPPOINTMENT_OR/CURA_MAKINGAPPOINTMENT_OR/Page_CURA Healthcare Service/textarea_comment"), "csdiufhasicmals;kcopa"): Text 'csdiufhasicmals;kcopa' is set on object 'Object Repository/Cura_Pages/CURA_MAKEAPPOINTMENT_OR/CURA_MAKINGAPPOINTMENT_OR/Page_CURA Healthcare Service/textarea_comment'

31-01-2024T19:22:44 - [MESSAGE][PASSED] - Text 'csdiufhasicmals;kcopa' is set on object 'Object Repository/Cura_Pages/CURA_MAKEAPPOINTMENT_OR/CURA_MAKINGAPPOINTMENT_OR/Page_CURA Healthcare Service/textarea_comment'

31-01-2024T19:22:44 - [TEST_STEP][PASSED] - click(findTestObject("Object Repository/Cura_Pages/CURA_MAKEAPPOINTMENT_OR/CURA_MAKINGAPPOINTMENT_OR/Page_CURA Healthcare Service/button_Book Appointment")): Object: 'Object Repository/Cura_Pages/CURA_MAKEAPPOINTMENT_OR/CURA_MAKINGAPPOINTMENT_OR/Page_CURA Healthcare Service/button_Book Appointment' is clicked on

31-01-2024T19:22:46 - [MESSAGE][PASSED] - Object: 'Object Repository/Cura_Pages/CURA_MAKEAPPOINTMENT_OR/CURA_MAKINGAPPOINTMENT_OR/Page_CURA Healthcare Service/button_Book Appointment' is clicked on

31-01-2024T19:22:46 - [TEST_STEP][PASSED] - verifyElementPresent(findTestObject("Object Repository/Cura_Pages/CURA_MAKEAPPOINTMENT_OR/CURA_MAKINGAPPOINTMENT_OR/Page_CURA Healthcare Service/p_Please be informed that your appointment _11813a"), 0): Object 'Object Repository/Cura_Pages/CURA_MAKEAPPOINTMENT_OR/CURA_MAKINGAPPOINTMENT_OR/Page_CURA Healthcare Service/p_Please be informed that your appointment _11813a' is present

31-01-2024T19:22:47 - [MESSAGE][WARNING] - Timeout '0' is invalid. Using default page load timeout: '30'

31-01-2024T19:22:47 - [MESSAGE][PASSED] - Object 'Object Repository/Cura_Pages/CURA_MAKEAPPOINTMENT_OR/CURA_MAKINGAPPOINTMENT_OR/Page_CURA Healthcare Service/p_Please be informed that your appointment _11813a' is present

31-01-2024T19:22:47 - [TEST_STEP][PASSED] - Start tear down : tearDownTestCase: Method 'tearDownTestCase' complete successfully

31-01-2024T19:22:47 - [TEST_STEP][PASSED] - delay(1): Delayed 1 second(s)

31-01-2024T19:22:48 - [MESSAGE][PASSED] - Delayed 1 second(s)

31-01-2024T19:22:48 - [MESSAGE][PASSED] - Method 'tearDownTestCase' complete successfully

31-01-2024T19:22:48 - [TEST_STEP][PASSED] - Start listener action : sampleAfterTestCase: null

31-01-2024T19:22:48 - [TEST_STEP][PASSED] - println(testCaseContext.getTestCaseId()): null

31-01-2024T19:22:48 - [TEST_STEP][PASSED] - println(testCaseContext.getTestCaseStatus()): null]]></system-out>
         <system-err><![CDATA[]]></system-err>
      </testcase>
      <testcase name="Test Cases/TC_CURA_MAKEAPPOINTMENT/CURA_MAKEAPPOINTMENT_HISTORY" time="16.476" classname="Test Cases/TC_CURA_MAKEAPPOINTMENT/CURA_MAKEAPPOINTMENT_HISTORY" status="PASSED">
         <system-out><![CDATA[31-01-2024T19:22:48 - [TEST_CASE][PASSED] - Test Cases/TC_CURA_MAKEAPPOINTMENT/CURA_MAKEAPPOINTMENT_HISTORY: Test Cases/TC_CURA_MAKEAPPOINTMENT/CURA_MAKEAPPOINTMENT_HISTORY

31-01-2024T19:22:48 - [TEST_STEP][PASSED] - Start listener action : sampleBeforeTestCase: Actual text 'CURA Healthcare Service' and expected text 'CURA Healthcare Service' are matched  using regular expression

31-01-2024T19:22:48 - [TEST_STEP][PASSED] - println(testCaseContext.getTestCaseId()): null

31-01-2024T19:22:48 - [TEST_STEP][PASSED] - println(testCaseContext.getTestCaseVariables()): null

31-01-2024T19:22:48 - [TEST_STEP][PASSED] - verifyMatch(getWindowTitle(), "CURA Healthcare Service", true): Actual text 'CURA Healthcare Service' and expected text 'CURA Healthcare Service' are matched  using regular expression

31-01-2024T19:22:48 - [MESSAGE][PASSED] - Current window's title is: 'CURA Healthcare Service'

31-01-2024T19:22:48 - [MESSAGE][PASSED] - Actual text 'CURA Healthcare Service' and expected text 'CURA Healthcare Service' are matched  using regular expression

31-01-2024T19:22:48 - [TEST_STEP][PASSED] - click(findTestObject("Object Repository/Cura_Pages/CURA_MAKEAPPOINTMENT_OR/CURA_MAKINGAPPOINTMENT_OR/Page_CURA Healthcare Service/a_Go to Homepage")): Object: 'Object Repository/Cura_Pages/CURA_MAKEAPPOINTMENT_OR/CURA_MAKINGAPPOINTMENT_OR/Page_CURA Healthcare Service/a_Go to Homepage' is clicked on

31-01-2024T19:22:50 - [MESSAGE][PASSED] - Object: 'Object Repository/Cura_Pages/CURA_MAKEAPPOINTMENT_OR/CURA_MAKINGAPPOINTMENT_OR/Page_CURA Healthcare Service/a_Go to Homepage' is clicked on

31-01-2024T19:22:50 - [TEST_STEP][PASSED] - click(findTestObject("Object Repository/Cura_Pages/CURA_MAKEAPPOINTMENT_OR/CURA_MAKINGAPPOINTMENT_OR/Page_CURA Healthcare Service/a_Make Appointment_1")): Object: 'Object Repository/Cura_Pages/CURA_MAKEAPPOINTMENT_OR/CURA_MAKINGAPPOINTMENT_OR/Page_CURA Healthcare Service/a_Make Appointment_1' is clicked on

31-01-2024T19:22:51 - [MESSAGE][PASSED] - Object: 'Object Repository/Cura_Pages/CURA_MAKEAPPOINTMENT_OR/CURA_MAKINGAPPOINTMENT_OR/Page_CURA Healthcare Service/a_Make Appointment_1' is clicked on

31-01-2024T19:22:51 - [TEST_STEP][PASSED] - selectOptionByValue(findTestObject("Object Repository/Cura_Pages/CURA_MAKEAPPOINTMENT_OR/CURA_CHECKHISTORY_OR/Page_CURA Healthcare Service/select_Tokyo CURA Healthcare Center        _5b4107"), "Hongkong CURA Healthcare Center", true): All options with value 'Hongkong CURA Healthcare Center' are selected in object 'Object Repository/Cura_Pages/CURA_MAKEAPPOINTMENT_OR/CURA_CHECKHISTORY_OR/Page_CURA Healthcare Service/select_Tokyo CURA Healthcare Center        _5b4107'  using regular expression

31-01-2024T19:22:53 - [MESSAGE][PASSED] - All options with value 'Hongkong CURA Healthcare Center' are selected in object 'Object Repository/Cura_Pages/CURA_MAKEAPPOINTMENT_OR/CURA_CHECKHISTORY_OR/Page_CURA Healthcare Service/select_Tokyo CURA Healthcare Center        _5b4107'  using regular expression

31-01-2024T19:22:53 - [TEST_STEP][PASSED] - click(findTestObject("Object Repository/Cura_Pages/CURA_MAKEAPPOINTMENT_OR/CURA_CHECKHISTORY_OR/Page_CURA Healthcare Service/label_Apply for hospital readmission")): Object: 'Object Repository/Cura_Pages/CURA_MAKEAPPOINTMENT_OR/CURA_CHECKHISTORY_OR/Page_CURA Healthcare Service/label_Apply for hospital readmission' is clicked on

31-01-2024T19:22:54 - [MESSAGE][PASSED] - Object: 'Object Repository/Cura_Pages/CURA_MAKEAPPOINTMENT_OR/CURA_CHECKHISTORY_OR/Page_CURA Healthcare Service/label_Apply for hospital readmission' is clicked on

31-01-2024T19:22:54 - [TEST_STEP][PASSED] - click(findTestObject("Object Repository/Cura_Pages/CURA_MAKEAPPOINTMENT_OR/CURA_CHECKHISTORY_OR/Page_CURA Healthcare Service/label_Medicaid")): Object: 'Object Repository/Cura_Pages/CURA_MAKEAPPOINTMENT_OR/CURA_CHECKHISTORY_OR/Page_CURA Healthcare Service/label_Medicaid' is clicked on

31-01-2024T19:22:54 - [MESSAGE][PASSED] - Object: 'Object Repository/Cura_Pages/CURA_MAKEAPPOINTMENT_OR/CURA_CHECKHISTORY_OR/Page_CURA Healthcare Service/label_Medicaid' is clicked on

31-01-2024T19:22:54 - [TEST_STEP][PASSED] - click(findTestObject("Object Repository/Cura_Pages/CURA_MAKEAPPOINTMENT_OR/CURA_CHECKHISTORY_OR/Page_CURA Healthcare Service/span_glyphicon glyphicon-calendar")): Object: 'Object Repository/Cura_Pages/CURA_MAKEAPPOINTMENT_OR/CURA_CHECKHISTORY_OR/Page_CURA Healthcare Service/span_glyphicon glyphicon-calendar' is clicked on

31-01-2024T19:22:55 - [MESSAGE][PASSED] - Object: 'Object Repository/Cura_Pages/CURA_MAKEAPPOINTMENT_OR/CURA_CHECKHISTORY_OR/Page_CURA Healthcare Service/span_glyphicon glyphicon-calendar' is clicked on

31-01-2024T19:22:55 - [TEST_STEP][PASSED] - click(findTestObject("Object Repository/Cura_Pages/CURA_MAKEAPPOINTMENT_OR/CURA_CHECKHISTORY_OR/Page_CURA Healthcare Service/td_31")): Object: 'Object Repository/Cura_Pages/CURA_MAKEAPPOINTMENT_OR/CURA_CHECKHISTORY_OR/Page_CURA Healthcare Service/td_31' is clicked on

31-01-2024T19:22:55 - [MESSAGE][PASSED] - Object: 'Object Repository/Cura_Pages/CURA_MAKEAPPOINTMENT_OR/CURA_CHECKHISTORY_OR/Page_CURA Healthcare Service/td_31' is clicked on

31-01-2024T19:22:55 - [TEST_STEP][PASSED] - setText(findTestObject("Object Repository/Cura_Pages/CURA_MAKEAPPOINTMENT_OR/CURA_CHECKHISTORY_OR/Page_CURA Healthcare Service/textarea_comment"), "cvsgsvagv"): Text 'cvsgsvagv' is set on object 'Object Repository/Cura_Pages/CURA_MAKEAPPOINTMENT_OR/CURA_CHECKHISTORY_OR/Page_CURA Healthcare Service/textarea_comment'

31-01-2024T19:22:56 - [MESSAGE][PASSED] - Text 'cvsgsvagv' is set on object 'Object Repository/Cura_Pages/CURA_MAKEAPPOINTMENT_OR/CURA_CHECKHISTORY_OR/Page_CURA Healthcare Service/textarea_comment'

31-01-2024T19:22:56 - [TEST_STEP][PASSED] - click(findTestObject("Object Repository/Cura_Pages/CURA_MAKEAPPOINTMENT_OR/CURA_CHECKHISTORY_OR/Page_CURA Healthcare Service/button_Book Appointment")): Object: 'Object Repository/Cura_Pages/CURA_MAKEAPPOINTMENT_OR/CURA_CHECKHISTORY_OR/Page_CURA Healthcare Service/button_Book Appointment' is clicked on

31-01-2024T19:22:58 - [MESSAGE][PASSED] - Object: 'Object Repository/Cura_Pages/CURA_MAKEAPPOINTMENT_OR/CURA_CHECKHISTORY_OR/Page_CURA Healthcare Service/button_Book Appointment' is clicked on

31-01-2024T19:22:58 - [TEST_STEP][PASSED] - click(findTestObject("Object Repository/Cura_Pages/CURA_MAKEAPPOINTMENT_OR/CURA_CHECKHISTORY_OR/Page_CURA Healthcare Service/div_Hongkong CURA Healthcare Center")): Object: 'Object Repository/Cura_Pages/CURA_MAKEAPPOINTMENT_OR/CURA_CHECKHISTORY_OR/Page_CURA Healthcare Service/div_Hongkong CURA Healthcare Center' is clicked on

31-01-2024T19:22:58 - [MESSAGE][PASSED] - Object: 'Object Repository/Cura_Pages/CURA_MAKEAPPOINTMENT_OR/CURA_CHECKHISTORY_OR/Page_CURA Healthcare Service/div_Hongkong CURA Healthcare Center' is clicked on

31-01-2024T19:22:58 - [TEST_STEP][PASSED] - click(findTestObject("Object Repository/Cura_Pages/CURA_MAKEAPPOINTMENT_OR/CURA_CHECKHISTORY_OR/Page_CURA Healthcare Service/i_fa fa-bars")): Object: 'Object Repository/Cura_Pages/CURA_MAKEAPPOINTMENT_OR/CURA_CHECKHISTORY_OR/Page_CURA Healthcare Service/i_fa fa-bars' is clicked on

31-01-2024T19:22:59 - [MESSAGE][PASSED] - Object: 'Object Repository/Cura_Pages/CURA_MAKEAPPOINTMENT_OR/CURA_CHECKHISTORY_OR/Page_CURA Healthcare Service/i_fa fa-bars' is clicked on

31-01-2024T19:22:59 - [TEST_STEP][PASSED] - click(findTestObject("Object Repository/Cura_Pages/CURA_MAKEAPPOINTMENT_OR/CURA_CHECKHISTORY_OR/Page_CURA Healthcare Service/a_History")): Object: 'Object Repository/Cura_Pages/CURA_MAKEAPPOINTMENT_OR/CURA_CHECKHISTORY_OR/Page_CURA Healthcare Service/a_History' is clicked on

31-01-2024T19:23:00 - [MESSAGE][PASSED] - Object: 'Object Repository/Cura_Pages/CURA_MAKEAPPOINTMENT_OR/CURA_CHECKHISTORY_OR/Page_CURA Healthcare Service/a_History' is clicked on

31-01-2024T19:23:00 - [TEST_STEP][PASSED] - verifyElementPresent(findTestObject("Object Repository/Cura_Pages/CURA_MAKEAPPOINTMENT_OR/CURA_CHECKHISTORY_OR/Page_CURA Healthcare Service/h2_History"), 0): Object 'Object Repository/Cura_Pages/CURA_MAKEAPPOINTMENT_OR/CURA_CHECKHISTORY_OR/Page_CURA Healthcare Service/h2_History' is present

31-01-2024T19:23:00 - [MESSAGE][WARNING] - Timeout '0' is invalid. Using default page load timeout: '30'

31-01-2024T19:23:00 - [MESSAGE][PASSED] - Object 'Object Repository/Cura_Pages/CURA_MAKEAPPOINTMENT_OR/CURA_CHECKHISTORY_OR/Page_CURA Healthcare Service/h2_History' is present

31-01-2024T19:23:00 - [TEST_STEP][PASSED] - verifyElementNotPresent(findTestObject("Object Repository/Cura_Pages/CURA_MAKEAPPOINTMENT_OR/CURA_CHECKHISTORY_OR/Page_CURA Healthcare Service/p_No appointment"), 0): Web element with id: 'Object Repository/Cura_Pages/CURA_MAKEAPPOINTMENT_OR/CURA_CHECKHISTORY_OR/Page_CURA Healthcare Service/p_No appointment' located by 'By.xpath: //section[@id='history']/div/div/div/p' is not present after '30' second(s)

31-01-2024T19:23:01 - [MESSAGE][WARNING] - Timeout '0' is invalid. Using default page load timeout: '30'

31-01-2024T19:23:01 - [MESSAGE][PASSED] - Web element with id: 'Object Repository/Cura_Pages/CURA_MAKEAPPOINTMENT_OR/CURA_CHECKHISTORY_OR/Page_CURA Healthcare Service/p_No appointment' located by 'By.xpath: //section[@id='history']/div/div/div/p' is not present after '30' second(s)

31-01-2024T19:23:01 - [TEST_STEP][PASSED] - delay(2): Delayed 2 second(s)

31-01-2024T19:23:03 - [MESSAGE][PASSED] - Delayed 2 second(s)

31-01-2024T19:23:03 - [TEST_STEP][PASSED] - Start tear down : tearDownTestCase: Method 'tearDownTestCase' complete successfully

31-01-2024T19:23:03 - [TEST_STEP][PASSED] - delay(1): Delayed 1 second(s)

31-01-2024T19:23:04 - [MESSAGE][PASSED] - Delayed 1 second(s)

31-01-2024T19:23:04 - [MESSAGE][PASSED] - Method 'tearDownTestCase' complete successfully

31-01-2024T19:23:04 - [TEST_STEP][PASSED] - Start listener action : sampleAfterTestCase: null

31-01-2024T19:23:04 - [TEST_STEP][PASSED] - println(testCaseContext.getTestCaseId()): null

31-01-2024T19:23:04 - [TEST_STEP][PASSED] - println(testCaseContext.getTestCaseStatus()): null]]></system-out>
         <system-err><![CDATA[]]></system-err>
      </testcase>
      <testcase name="Test Cases/TC_CURA_MAKEAPPOINTMENT/CURA_MAKEAPPIONTMENT_PROFILE" time="3.669" classname="Test Cases/TC_CURA_MAKEAPPOINTMENT/CURA_MAKEAPPIONTMENT_PROFILE" status="PASSED">
         <system-out><![CDATA[31-01-2024T19:23:04 - [TEST_CASE][PASSED] - Test Cases/TC_CURA_MAKEAPPOINTMENT/CURA_MAKEAPPIONTMENT_PROFILE: Test Cases/TC_CURA_MAKEAPPOINTMENT/CURA_MAKEAPPIONTMENT_PROFILE

31-01-2024T19:23:04 - [TEST_STEP][PASSED] - Start listener action : sampleBeforeTestCase: Actual text 'CURA Healthcare Service' and expected text 'CURA Healthcare Service' are matched  using regular expression

31-01-2024T19:23:04 - [TEST_STEP][PASSED] - println(testCaseContext.getTestCaseId()): null

31-01-2024T19:23:04 - [TEST_STEP][PASSED] - println(testCaseContext.getTestCaseVariables()): null

31-01-2024T19:23:04 - [TEST_STEP][PASSED] - verifyMatch(getWindowTitle(), "CURA Healthcare Service", true): Actual text 'CURA Healthcare Service' and expected text 'CURA Healthcare Service' are matched  using regular expression

31-01-2024T19:23:04 - [MESSAGE][PASSED] - Current window's title is: 'CURA Healthcare Service'

31-01-2024T19:23:04 - [MESSAGE][PASSED] - Actual text 'CURA Healthcare Service' and expected text 'CURA Healthcare Service' are matched  using regular expression

31-01-2024T19:23:05 - [TEST_STEP][PASSED] - click(findTestObject("Object Repository/Cura_Pages/CURA_MAKEAPPOINTMENT_OR/CURA_PROFILE_OR/Page_CURA Healthcare Service/amenu-toggle")): Object: 'Object Repository/Cura_Pages/CURA_MAKEAPPOINTMENT_OR/CURA_PROFILE_OR/Page_CURA Healthcare Service/amenu-toggle' is clicked on

31-01-2024T19:23:05 - [MESSAGE][PASSED] - Object: 'Object Repository/Cura_Pages/CURA_MAKEAPPOINTMENT_OR/CURA_PROFILE_OR/Page_CURA Healthcare Service/amenu-toggle' is clicked on

31-01-2024T19:23:05 - [TEST_STEP][PASSED] - click(findTestObject("Object Repository/Cura_Pages/CURA_MAKEAPPOINTMENT_OR/CURA_PROFILE_OR/Page_CURA Healthcare Service/a_Profile")): Object: 'Object Repository/Cura_Pages/CURA_MAKEAPPOINTMENT_OR/CURA_PROFILE_OR/Page_CURA Healthcare Service/a_Profile' is clicked on

31-01-2024T19:23:06 - [MESSAGE][PASSED] - Object: 'Object Repository/Cura_Pages/CURA_MAKEAPPOINTMENT_OR/CURA_PROFILE_OR/Page_CURA Healthcare Service/a_Profile' is clicked on

31-01-2024T19:23:06 - [TEST_STEP][PASSED] - verifyElementPresent(findTestObject("Object Repository/Cura_Pages/CURA_MAKEAPPOINTMENT_OR/CURA_PROFILE_OR/Page_CURA Healthcare Service/p_Under construction"), 0): Object 'Object Repository/Cura_Pages/CURA_MAKEAPPOINTMENT_OR/CURA_PROFILE_OR/Page_CURA Healthcare Service/p_Under construction' is present

31-01-2024T19:23:06 - [MESSAGE][WARNING] - Timeout '0' is invalid. Using default page load timeout: '30'

31-01-2024T19:23:06 - [MESSAGE][PASSED] - Object 'Object Repository/Cura_Pages/CURA_MAKEAPPOINTMENT_OR/CURA_PROFILE_OR/Page_CURA Healthcare Service/p_Under construction' is present

31-01-2024T19:23:06 - [TEST_STEP][PASSED] - verifyElementText(findTestObject("Object Repository/Cura_Pages/CURA_MAKEAPPOINTMENT_OR/CURA_PROFILE_OR/Page_CURA Healthcare Service/h2_Profile"), "Profile"): Actual text and expected text of test object 'Object Repository/Cura_Pages/CURA_MAKEAPPOINTMENT_OR/CURA_PROFILE_OR/Page_CURA Healthcare Service/h2_Profile' are matched.

31-01-2024T19:23:07 - [MESSAGE][PASSED] - Actual text and expected text of test object 'Object Repository/Cura_Pages/CURA_MAKEAPPOINTMENT_OR/CURA_PROFILE_OR/Page_CURA Healthcare Service/h2_Profile' are matched.

31-01-2024T19:23:07 - [TEST_STEP][PASSED] - verifyElementClickable(findTestObject("Object Repository/Cura_Pages/CURA_MAKEAPPOINTMENT_OR/CURA_PROFILE_OR/Page_CURA Healthcare Service/p_Logout")): Object 'Object Repository/Cura_Pages/CURA_MAKEAPPOINTMENT_OR/CURA_PROFILE_OR/Page_CURA Healthcare Service/p_Logout' is clickable

31-01-2024T19:23:07 - [MESSAGE][PASSED] - Object 'Object Repository/Cura_Pages/CURA_MAKEAPPOINTMENT_OR/CURA_PROFILE_OR/Page_CURA Healthcare Service/p_Logout' is clickable

31-01-2024T19:23:07 - [TEST_STEP][PASSED] - Start tear down : tearDownTestCase: Method 'tearDownTestCase' complete successfully

31-01-2024T19:23:07 - [TEST_STEP][PASSED] - delay(1): Delayed 1 second(s)

31-01-2024T19:23:08 - [MESSAGE][PASSED] - Delayed 1 second(s)

31-01-2024T19:23:08 - [MESSAGE][PASSED] - Method 'tearDownTestCase' complete successfully

31-01-2024T19:23:08 - [TEST_STEP][PASSED] - Start listener action : sampleAfterTestCase: null

31-01-2024T19:23:08 - [TEST_STEP][PASSED] - println(testCaseContext.getTestCaseId()): null

31-01-2024T19:23:08 - [TEST_STEP][PASSED] - println(testCaseContext.getTestCaseStatus()): null]]></system-out>
         <system-err><![CDATA[]]></system-err>
      </testcase>
      <testcase name="Test Cases/TC_CURA_MAKEAPPOINTMENT/CURA_MAKEAPPOINTMENT_FOOTER" time="5.838" classname="Test Cases/TC_CURA_MAKEAPPOINTMENT/CURA_MAKEAPPOINTMENT_FOOTER" status="PASSED">
         <system-out><![CDATA[31-01-2024T19:23:08 - [TEST_CASE][PASSED] - Test Cases/TC_CURA_MAKEAPPOINTMENT/CURA_MAKEAPPOINTMENT_FOOTER: Test Cases/TC_CURA_MAKEAPPOINTMENT/CURA_MAKEAPPOINTMENT_FOOTER

31-01-2024T19:23:08 - [TEST_STEP][PASSED] - Start listener action : sampleBeforeTestCase: Actual text 'CURA Healthcare Service' and expected text 'CURA Healthcare Service' are matched  using regular expression

31-01-2024T19:23:08 - [TEST_STEP][PASSED] - println(testCaseContext.getTestCaseId()): null

31-01-2024T19:23:08 - [TEST_STEP][PASSED] - println(testCaseContext.getTestCaseVariables()): null

31-01-2024T19:23:08 - [TEST_STEP][PASSED] - verifyMatch(getWindowTitle(), "CURA Healthcare Service", true): Actual text 'CURA Healthcare Service' and expected text 'CURA Healthcare Service' are matched  using regular expression

31-01-2024T19:23:08 - [MESSAGE][PASSED] - Current window's title is: 'CURA Healthcare Service'

31-01-2024T19:23:08 - [MESSAGE][PASSED] - Actual text 'CURA Healthcare Service' and expected text 'CURA Healthcare Service' are matched  using regular expression

31-01-2024T19:23:08 - [TEST_STEP][PASSED] - click(findTestObject("Cura_Pages/CURA_MAKEAPPOINTMENT_OR/CURA_FOOTER_OR/Page_CURA Healthcare Service/amenu-toggle")): Object: 'Object Repository/Cura_Pages/CURA_MAKEAPPOINTMENT_OR/CURA_FOOTER_OR/Page_CURA Healthcare Service/amenu-toggle' is clicked on

31-01-2024T19:23:09 - [MESSAGE][PASSED] - Object: 'Object Repository/Cura_Pages/CURA_MAKEAPPOINTMENT_OR/CURA_FOOTER_OR/Page_CURA Healthcare Service/amenu-toggle' is clicked on

31-01-2024T19:23:09 - [TEST_STEP][PASSED] - click(findTestObject("Cura_Pages/CURA_MAKEAPPOINTMENT_OR/CURA_FOOTER_OR/Page_CURA Healthcare Service/a_Home")): Object: 'Object Repository/Cura_Pages/CURA_MAKEAPPOINTMENT_OR/CURA_FOOTER_OR/Page_CURA Healthcare Service/a_Home' is clicked on

31-01-2024T19:23:10 - [MESSAGE][PASSED] - Object: 'Object Repository/Cura_Pages/CURA_MAKEAPPOINTMENT_OR/CURA_FOOTER_OR/Page_CURA Healthcare Service/a_Home' is clicked on

31-01-2024T19:23:10 - [TEST_STEP][PASSED] - verifyElementPresent(findTestObject("Object Repository/Cura_Pages/CURA_MAKEAPPOINTMENT_OR/CURA_FOOTER_OR/Page_CURA Healthcare Service/footer_CURA Healthcare Service             _54f5c2"), 0): Object 'Object Repository/Cura_Pages/CURA_MAKEAPPOINTMENT_OR/CURA_FOOTER_OR/Page_CURA Healthcare Service/footer_CURA Healthcare Service             _54f5c2' is present

31-01-2024T19:23:10 - [MESSAGE][WARNING] - Timeout '0' is invalid. Using default page load timeout: '30'

31-01-2024T19:23:10 - [MESSAGE][PASSED] - Object 'Object Repository/Cura_Pages/CURA_MAKEAPPOINTMENT_OR/CURA_FOOTER_OR/Page_CURA Healthcare Service/footer_CURA Healthcare Service             _54f5c2' is present

31-01-2024T19:23:10 - [TEST_STEP][PASSED] - verifyElementPresent(findTestObject("Object Repository/Cura_Pages/CURA_MAKEAPPOINTMENT_OR/CURA_FOOTER_OR/Page_CURA Healthcare Service/p_Atlanta 550 Pharr Road NE Suite 525Atlant_8f4c85"), 0): Object 'Object Repository/Cura_Pages/CURA_MAKEAPPOINTMENT_OR/CURA_FOOTER_OR/Page_CURA Healthcare Service/p_Atlanta 550 Pharr Road NE Suite 525Atlant_8f4c85' is present

31-01-2024T19:23:10 - [MESSAGE][WARNING] - Timeout '0' is invalid. Using default page load timeout: '30'

31-01-2024T19:23:10 - [MESSAGE][PASSED] - Object 'Object Repository/Cura_Pages/CURA_MAKEAPPOINTMENT_OR/CURA_FOOTER_OR/Page_CURA Healthcare Service/p_Atlanta 550 Pharr Road NE Suite 525Atlant_8f4c85' is present

31-01-2024T19:23:10 - [TEST_STEP][PASSED] - verifyElementText(findTestObject("Object Repository/Cura_Pages/CURA_MAKEAPPOINTMENT_OR/CURA_FOOTER_OR/Page_CURA Healthcare Service/li_(678) 813-1KMS"), "(678) 813-1KMS"): Actual text and expected text of test object 'Object Repository/Cura_Pages/CURA_MAKEAPPOINTMENT_OR/CURA_FOOTER_OR/Page_CURA Healthcare Service/li_(678) 813-1KMS' are matched.

31-01-2024T19:23:11 - [MESSAGE][PASSED] - Actual text and expected text of test object 'Object Repository/Cura_Pages/CURA_MAKEAPPOINTMENT_OR/CURA_FOOTER_OR/Page_CURA Healthcare Service/li_(678) 813-1KMS' are matched.

31-01-2024T19:23:11 - [TEST_STEP][PASSED] - verifyElementPresent(findTestObject("Object Repository/Cura_Pages/CURA_MAKEAPPOINTMENT_OR/CURA_FOOTER_OR/Page_CURA Healthcare Service/i_fa fa-envelope-o fa-fw"), 0): Object 'Object Repository/Cura_Pages/CURA_MAKEAPPOINTMENT_OR/CURA_FOOTER_OR/Page_CURA Healthcare Service/i_fa fa-envelope-o fa-fw' is present

31-01-2024T19:23:11 - [MESSAGE][WARNING] - Timeout '0' is invalid. Using default page load timeout: '30'

31-01-2024T19:23:11 - [MESSAGE][PASSED] - Object 'Object Repository/Cura_Pages/CURA_MAKEAPPOINTMENT_OR/CURA_FOOTER_OR/Page_CURA Healthcare Service/i_fa fa-envelope-o fa-fw' is present

31-01-2024T19:23:11 - [TEST_STEP][PASSED] - verifyElementClickable(findTestObject("Object Repository/Cura_Pages/CURA_MAKEAPPOINTMENT_OR/CURA_FOOTER_OR/Page_CURA Healthcare Service/i_fa fa-facebook fa-fw fa-3x")): Object 'Object Repository/Cura_Pages/CURA_MAKEAPPOINTMENT_OR/CURA_FOOTER_OR/Page_CURA Healthcare Service/i_fa fa-facebook fa-fw fa-3x' is clickable

31-01-2024T19:23:11 - [MESSAGE][PASSED] - Object 'Object Repository/Cura_Pages/CURA_MAKEAPPOINTMENT_OR/CURA_FOOTER_OR/Page_CURA Healthcare Service/i_fa fa-facebook fa-fw fa-3x' is clickable

31-01-2024T19:23:11 - [TEST_STEP][PASSED] - verifyElementClickable(findTestObject("Object Repository/Cura_Pages/CURA_MAKEAPPOINTMENT_OR/CURA_FOOTER_OR/Page_CURA Healthcare Service/i_fa fa-twitter fa-fw fa-3x")): Object 'Object Repository/Cura_Pages/CURA_MAKEAPPOINTMENT_OR/CURA_FOOTER_OR/Page_CURA Healthcare Service/i_fa fa-twitter fa-fw fa-3x' is clickable

31-01-2024T19:23:12 - [MESSAGE][PASSED] - Object 'Object Repository/Cura_Pages/CURA_MAKEAPPOINTMENT_OR/CURA_FOOTER_OR/Page_CURA Healthcare Service/i_fa fa-twitter fa-fw fa-3x' is clickable

31-01-2024T19:23:12 - [TEST_STEP][PASSED] - verifyElementClickable(findTestObject("Object Repository/Cura_Pages/CURA_MAKEAPPOINTMENT_OR/CURA_FOOTER_OR/Page_CURA Healthcare Service/i_fa fa-dribbble fa-fw fa-3x")): Object 'Object Repository/Cura_Pages/CURA_MAKEAPPOINTMENT_OR/CURA_FOOTER_OR/Page_CURA Healthcare Service/i_fa fa-dribbble fa-fw fa-3x' is clickable

31-01-2024T19:23:12 - [MESSAGE][PASSED] - Object 'Object Repository/Cura_Pages/CURA_MAKEAPPOINTMENT_OR/CURA_FOOTER_OR/Page_CURA Healthcare Service/i_fa fa-dribbble fa-fw fa-3x' is clickable

31-01-2024T19:23:12 - [TEST_STEP][PASSED] - verifyElementText(findTestObject("Object Repository/Cura_Pages/CURA_MAKEAPPOINTMENT_OR/CURA_FOOTER_OR/Page_CURA Healthcare Service/p_Copyright  CURA Healthcare Service 2024"), "Copyright © CURA Healthcare Service 2024"): Actual text and expected text of test object 'Object Repository/Cura_Pages/CURA_MAKEAPPOINTMENT_OR/CURA_FOOTER_OR/Page_CURA Healthcare Service/p_Copyright  CURA Healthcare Service 2024' are matched.

31-01-2024T19:23:13 - [MESSAGE][PASSED] - Actual text and expected text of test object 'Object Repository/Cura_Pages/CURA_MAKEAPPOINTMENT_OR/CURA_FOOTER_OR/Page_CURA Healthcare Service/p_Copyright  CURA Healthcare Service 2024' are matched.

31-01-2024T19:23:13 - [TEST_STEP][PASSED] - verifyElementClickable(findTestObject("Object Repository/Cura_Pages/CURA_MAKEAPPOINTMENT_OR/CURA_FOOTER_OR/Page_CURA Healthcare Service/a_infokatalon.com")): Object 'Object Repository/Cura_Pages/CURA_MAKEAPPOINTMENT_OR/CURA_FOOTER_OR/Page_CURA Healthcare Service/a_infokatalon.com' is clickable

31-01-2024T19:23:13 - [MESSAGE][PASSED] - Object 'Object Repository/Cura_Pages/CURA_MAKEAPPOINTMENT_OR/CURA_FOOTER_OR/Page_CURA Healthcare Service/a_infokatalon.com' is clickable

31-01-2024T19:23:13 - [TEST_STEP][PASSED] - Start tear down : tearDownTestCase: Method 'tearDownTestCase' complete successfully

31-01-2024T19:23:13 - [TEST_STEP][PASSED] - delay(1): Delayed 1 second(s)

31-01-2024T19:23:14 - [MESSAGE][PASSED] - Delayed 1 second(s)

31-01-2024T19:23:14 - [MESSAGE][PASSED] - Method 'tearDownTestCase' complete successfully

31-01-2024T19:23:14 - [TEST_STEP][PASSED] - Start listener action : sampleAfterTestCase: null

31-01-2024T19:23:14 - [TEST_STEP][PASSED] - println(testCaseContext.getTestCaseId()): null

31-01-2024T19:23:14 - [TEST_STEP][PASSED] - println(testCaseContext.getTestCaseStatus()): null]]></system-out>
         <system-err><![CDATA[]]></system-err>
      </testcase>
      <testcase name="Test Cases/TC_CURA_MAKEAPPOINTMENT/CURA_MAKEAPPOINTMENT_LOGOUT" time="4.519" classname="Test Cases/TC_CURA_MAKEAPPOINTMENT/CURA_MAKEAPPOINTMENT_LOGOUT" status="PASSED">
         <system-out><![CDATA[31-01-2024T19:23:14 - [TEST_CASE][PASSED] - Test Cases/TC_CURA_MAKEAPPOINTMENT/CURA_MAKEAPPOINTMENT_LOGOUT: Test Cases/TC_CURA_MAKEAPPOINTMENT/CURA_MAKEAPPOINTMENT_LOGOUT

31-01-2024T19:23:14 - [TEST_STEP][PASSED] - Start listener action : sampleBeforeTestCase: Actual text 'CURA Healthcare Service' and expected text 'CURA Healthcare Service' are matched  using regular expression

31-01-2024T19:23:14 - [TEST_STEP][PASSED] - println(testCaseContext.getTestCaseId()): null

31-01-2024T19:23:14 - [TEST_STEP][PASSED] - println(testCaseContext.getTestCaseVariables()): null

31-01-2024T19:23:14 - [TEST_STEP][PASSED] - verifyMatch(getWindowTitle(), "CURA Healthcare Service", true): Actual text 'CURA Healthcare Service' and expected text 'CURA Healthcare Service' are matched  using regular expression

31-01-2024T19:23:14 - [MESSAGE][PASSED] - Current window's title is: 'CURA Healthcare Service'

31-01-2024T19:23:14 - [MESSAGE][PASSED] - Actual text 'CURA Healthcare Service' and expected text 'CURA Healthcare Service' are matched  using regular expression

31-01-2024T19:23:14 - [TEST_STEP][PASSED] - click(findTestObject("Object Repository/Cura_Pages/CURA_MAKEAPPOINTMENT_OR/CURA_LOGOUT_OR/Page_CURA Healthcare Service/amenu-toggle")): Object: 'Object Repository/Cura_Pages/CURA_MAKEAPPOINTMENT_OR/CURA_LOGOUT_OR/Page_CURA Healthcare Service/amenu-toggle' is clicked on

31-01-2024T19:23:15 - [MESSAGE][PASSED] - Object: 'Object Repository/Cura_Pages/CURA_MAKEAPPOINTMENT_OR/CURA_LOGOUT_OR/Page_CURA Healthcare Service/amenu-toggle' is clicked on

31-01-2024T19:23:15 - [TEST_STEP][PASSED] - verifyElementClickable(findTestObject("Object Repository/Cura_Pages/CURA_MAKEAPPOINTMENT_OR/CURA_LOGOUT_OR/Page_CURA Healthcare Service/a_CURA Healthcare")): Object 'Object Repository/Cura_Pages/CURA_MAKEAPPOINTMENT_OR/CURA_LOGOUT_OR/Page_CURA Healthcare Service/a_CURA Healthcare' is clickable

31-01-2024T19:23:15 - [MESSAGE][PASSED] - Object 'Object Repository/Cura_Pages/CURA_MAKEAPPOINTMENT_OR/CURA_LOGOUT_OR/Page_CURA Healthcare Service/a_CURA Healthcare' is clickable

31-01-2024T19:23:15 - [TEST_STEP][PASSED] - click(findTestObject("Object Repository/Cura_Pages/CURA_MAKEAPPOINTMENT_OR/CURA_LOGOUT_OR/Page_CURA Healthcare Service/a_Logout")): Object: 'Object Repository/Cura_Pages/CURA_MAKEAPPOINTMENT_OR/CURA_LOGOUT_OR/Page_CURA Healthcare Service/a_Logout' is clicked on

31-01-2024T19:23:16 - [MESSAGE][PASSED] - Object: 'Object Repository/Cura_Pages/CURA_MAKEAPPOINTMENT_OR/CURA_LOGOUT_OR/Page_CURA Healthcare Service/a_Logout' is clicked on

31-01-2024T19:23:16 - [TEST_STEP][PASSED] - click(findTestObject("Object Repository/Cura_Pages/CURA_MAKEAPPOINTMENT_OR/CURA_LOGOUT_OR/Page_CURA Healthcare Service/amenu-toggle")): Object: 'Object Repository/Cura_Pages/CURA_MAKEAPPOINTMENT_OR/CURA_LOGOUT_OR/Page_CURA Healthcare Service/amenu-toggle' is clicked on

31-01-2024T19:23:17 - [MESSAGE][PASSED] - Object: 'Object Repository/Cura_Pages/CURA_MAKEAPPOINTMENT_OR/CURA_LOGOUT_OR/Page_CURA Healthcare Service/amenu-toggle' is clicked on

31-01-2024T19:23:17 - [TEST_STEP][PASSED] - verifyElementPresent(findTestObject("Object Repository/Cura_Pages/CURA_MAKEAPPOINTMENT_OR/CURA_LOGOUT_OR/Page_CURA Healthcare Service/a_Login"), 0): Object 'Object Repository/Cura_Pages/CURA_MAKEAPPOINTMENT_OR/CURA_LOGOUT_OR/Page_CURA Healthcare Service/a_Login' is present

31-01-2024T19:23:17 - [MESSAGE][WARNING] - Timeout '0' is invalid. Using default page load timeout: '30'

31-01-2024T19:23:17 - [MESSAGE][PASSED] - Object 'Object Repository/Cura_Pages/CURA_MAKEAPPOINTMENT_OR/CURA_LOGOUT_OR/Page_CURA Healthcare Service/a_Login' is present

31-01-2024T19:23:17 - [TEST_STEP][PASSED] - verifyElementVisible(findTestObject("Object Repository/Cura_Pages/CURA_MAKEAPPOINTMENT_OR/CURA_LOGOUT_OR/Page_CURA Healthcare Service/div_CURA Healthcare Service        We Care _b17f12")): Object 'Object Repository/Cura_Pages/CURA_MAKEAPPOINTMENT_OR/CURA_LOGOUT_OR/Page_CURA Healthcare Service/div_CURA Healthcare Service        We Care _b17f12' is visible

31-01-2024T19:23:17 - [MESSAGE][PASSED] - Object 'Object Repository/Cura_Pages/CURA_MAKEAPPOINTMENT_OR/CURA_LOGOUT_OR/Page_CURA Healthcare Service/div_CURA Healthcare Service        We Care _b17f12' is visible

31-01-2024T19:23:17 - [TEST_STEP][PASSED] - Start tear down : tearDownTestCase: Method 'tearDownTestCase' complete successfully

31-01-2024T19:23:17 - [TEST_STEP][PASSED] - delay(1): Delayed 1 second(s)

31-01-2024T19:23:18 - [MESSAGE][PASSED] - Delayed 1 second(s)

31-01-2024T19:23:18 - [MESSAGE][PASSED] - Method 'tearDownTestCase' complete successfully

31-01-2024T19:23:18 - [TEST_STEP][PASSED] - Start listener action : sampleAfterTestCase: null

31-01-2024T19:23:18 - [TEST_STEP][PASSED] - println(testCaseContext.getTestCaseId()): null

31-01-2024T19:23:18 - [TEST_STEP][PASSED] - println(testCaseContext.getTestCaseStatus()): null]]></system-out>
         <system-err><![CDATA[]]></system-err>
      </testcase>
      <system-out><![CDATA[31-01-2024T19:22:16 - [TEST_SUITE][PASSED] - CURA_MAKEAPPOINTMENT_TESTSUITE: Test Cases/TC_CURA_MAKEAPPOINTMENT/CURA_MAKEAPPOINTMENT_LOGOUT]]></system-out>
      <system-err><![CDATA[]]></system-err>
   </testsuite>
</testsuites>
