<?xml version="1.0" encoding="UTF-8"?>
<testsuites name="CURA_HOME_TESTSUITE" time="58.635" tests="2" failures="0" errors="0">
   <testsuite name="CURA_HOME_TESTSUITE" tests="2" failures="0" errors="0" time="58.635" skipped="0" timestamp="02-02-2024T22:10:47" hostname="hp - LAPTOP-F3RG2V3G" id="Test Suites/CURA_HOME_TESTSUITE/CURA_HOME_TESTSUITE">
      <properties>
         <property name="deviceName" value=""/>
         <property name="devicePlatform" value=""/>
         <property name="logFolder" value="C:\\Users\\hp\\git\\SI-GuidedProject-705994-1705508470\\Reports\\20240202_221021\\CURA_HOME_TESTSUITE\\CURA_HOME_TESTSUITE\\20240202_221034"/>
         <property name="logFiles" value="C:\\Users\\hp\\git\\SI-GuidedProject-705994-1705508470\\Reports\\20240202_221021\\CURA_HOME_TESTSUITE\\CURA_HOME_TESTSUITE\\20240202_221034\\execution0.log"/>
         <property name="attachments" value=""/>
         <property name="hostName" value="hp - LAPTOP-F3RG2V3G"/>
         <property name="os" value="Windows 10 64bit"/>
         <property name="katalonVersion" value="9.2.0.212"/>
         <property name="browser" value="Chrome 120.0.0.0"/>
         <property name="hostAddress" value="192.168.1.10"/>
         <property name="sessionId" value="429384f033452a268cd0fa1dfce07a8e"/>
         <property name="seleniumVersion" value="3.141.59"/>
         <property name="proxyInformation" value="ProxyInformation { proxyOption=NO_PROXY, proxyServerType=HTTP, username=, password=********, proxyServerAddress=, proxyServerPort=0, executionList=&quot;&quot;, isApplyToDesiredCapabilities=true }"/>
         <property name="platform" value="Windows 10"/>
      </properties>
      <testcase name="Test Cases/TC_CURA_HOME/CURA_HOME_VERIFYHOMEPAGETEXT" time="30.064" classname="Test Cases/TC_CURA_HOME/CURA_HOME_VERIFYHOMEPAGETEXT" status="PASSED">
         <system-out><![CDATA[02-02-2024T22:11:04 - [TEST_CASE][PASSED] - Test Cases/TC_CURA_HOME/CURA_HOME_VERIFYHOMEPAGETEXT: Test Cases/TC_CURA_HOME/CURA_HOME_VERIFYHOMEPAGETEXT

02-02-2024T22:11:04 - [TEST_STEP][PASSED] - Start listener action : sampleBeforeTestCase: Actual text 'CURA Healthcare Service' and expected text 'CURA Healthcare Service' are matched  using regular expression

02-02-2024T22:11:04 - [TEST_STEP][PASSED] - verifyMatch(getWindowTitle(), "CURA Healthcare Service", true): Actual text 'CURA Healthcare Service' and expected text 'CURA Healthcare Service' are matched  using regular expression

02-02-2024T22:11:05 - [MESSAGE][PASSED] - Current window's title is: 'CURA Healthcare Service'

02-02-2024T22:11:05 - [MESSAGE][PASSED] - Actual text 'CURA Healthcare Service' and expected text 'CURA Healthcare Service' are matched  using regular expression

02-02-2024T22:11:05 - [TEST_STEP][PASSED] - verifyElementPresent(findTestObject("Object Repository/Cura_Pages/CURA_HOME_OR/CURA_HOME_VERIFYHOMEPAGETEXT_OR/Page_CURA Healthcare Service/h1_CURA Healthcare Service"), 0): Object 'Object Repository/Cura_Pages/CURA_HOME_OR/CURA_HOME_VERIFYHOMEPAGETEXT_OR/Page_CURA Healthcare Service/h1_CURA Healthcare Service' is present

02-02-2024T22:11:07 - [MESSAGE][WARNING] - Timeout '0' is invalid. Using default page load timeout: '30'

02-02-2024T22:11:10 - [MESSAGE][PASSED] - Object 'Object Repository/Cura_Pages/CURA_HOME_OR/CURA_HOME_VERIFYHOMEPAGETEXT_OR/Page_CURA Healthcare Service/h1_CURA Healthcare Service' is present

02-02-2024T22:11:10 - [TEST_STEP][PASSED] - verifyElementPresent(findTestObject("Object Repository/Cura_Pages/CURA_HOME_OR/CURA_HOME_VERIFYHOMEPAGETEXT_OR/Page_CURA Healthcare Service/h3_We Care About Your Health"), 0): Object 'Object Repository/Cura_Pages/CURA_HOME_OR/CURA_HOME_VERIFYHOMEPAGETEXT_OR/Page_CURA Healthcare Service/h3_We Care About Your Health' is present

02-02-2024T22:11:11 - [MESSAGE][WARNING] - Timeout '0' is invalid. Using default page load timeout: '30'

02-02-2024T22:11:13 - [MESSAGE][PASSED] - Object 'Object Repository/Cura_Pages/CURA_HOME_OR/CURA_HOME_VERIFYHOMEPAGETEXT_OR/Page_CURA Healthcare Service/h3_We Care About Your Health' is present

02-02-2024T22:11:13 - [TEST_STEP][PASSED] - verifyElementPresent(findTestObject("Object Repository/Cura_Pages/CURA_HOME_OR/CURA_HOME_VERIFYHOMEPAGETEXT_OR/Page_CURA Healthcare Service/h4_CURA Healthcare Service"), 0): Object 'Object Repository/Cura_Pages/CURA_HOME_OR/CURA_HOME_VERIFYHOMEPAGETEXT_OR/Page_CURA Healthcare Service/h4_CURA Healthcare Service' is present

02-02-2024T22:11:13 - [MESSAGE][WARNING] - Timeout '0' is invalid. Using default page load timeout: '30'

02-02-2024T22:11:16 - [MESSAGE][PASSED] - Object 'Object Repository/Cura_Pages/CURA_HOME_OR/CURA_HOME_VERIFYHOMEPAGETEXT_OR/Page_CURA Healthcare Service/h4_CURA Healthcare Service' is present

02-02-2024T22:11:16 - [TEST_STEP][PASSED] - verifyElementPresent(findTestObject("Object Repository/Cura_Pages/CURA_HOME_OR/CURA_HOME_VERIFYHOMEPAGETEXT_OR/Page_CURA Healthcare Service/div_CURA Healthcare Service        We Care _b17f12"), 0): Object 'Object Repository/Cura_Pages/CURA_HOME_OR/CURA_HOME_VERIFYHOMEPAGETEXT_OR/Page_CURA Healthcare Service/div_CURA Healthcare Service        We Care _b17f12' is present

02-02-2024T22:11:16 - [MESSAGE][WARNING] - Timeout '0' is invalid. Using default page load timeout: '30'

02-02-2024T22:11:17 - [MESSAGE][PASSED] - Object 'Object Repository/Cura_Pages/CURA_HOME_OR/CURA_HOME_VERIFYHOMEPAGETEXT_OR/Page_CURA Healthcare Service/div_CURA Healthcare Service        We Care _b17f12' is present

02-02-2024T22:11:17 - [TEST_STEP][PASSED] - verifyAllLinksOnCurrentPageAccessible(false, []): All links on the page 'https://katalon-demo-cura.herokuapp.com/' are accessible

02-02-2024T22:11:23 - [MESSAGE][PASSED] - Found 4 unique links on the page https://katalon-demo-cura.herokuapp.com/

02-02-2024T22:11:28 - [MESSAGE][INFO] - HAR: C:\Users\hp\git\SI-GuidedProject-705994-1705508470\Reports\20240202_221021\CURA_HOME_TESTSUITE\CURA_HOME_TESTSUITE\20240202_221034\requests\main\0.har

02-02-2024T22:11:29 - [MESSAGE][PASSED] - Send request successfully

02-02-2024T22:11:30 - [MESSAGE][INFO] - HAR: C:\Users\hp\git\SI-GuidedProject-705994-1705508470\Reports\20240202_221021\CURA_HOME_TESTSUITE\CURA_HOME_TESTSUITE\20240202_221034\requests\main\1.har

02-02-2024T22:11:30 - [MESSAGE][PASSED] - Send request successfully

02-02-2024T22:11:31 - [MESSAGE][INFO] - HAR: C:\Users\hp\git\SI-GuidedProject-705994-1705508470\Reports\20240202_221021\CURA_HOME_TESTSUITE\CURA_HOME_TESTSUITE\20240202_221034\requests\main\2.har

02-02-2024T22:11:31 - [MESSAGE][PASSED] - Send request successfully

02-02-2024T22:11:32 - [MESSAGE][INFO] - HAR: C:\Users\hp\git\SI-GuidedProject-705994-1705508470\Reports\20240202_221021\CURA_HOME_TESTSUITE\CURA_HOME_TESTSUITE\20240202_221034\requests\main\3.har

02-02-2024T22:11:32 - [MESSAGE][PASSED] - Send request successfully

02-02-2024T22:11:32 - [MESSAGE][PASSED] - All links are accessible

02-02-2024T22:11:32 - [MESSAGE][PASSED] - All links on the page 'https://katalon-demo-cura.herokuapp.com/' are accessible

02-02-2024T22:11:32 - [TEST_STEP][PASSED] - delay(1): Delayed 1 second(s)

02-02-2024T22:11:33 - [MESSAGE][PASSED] - Delayed 1 second(s)

02-02-2024T22:11:33 - [TEST_STEP][PASSED] - Start listener action : sampleAfterTestCase: Delayed 1 second(s)

02-02-2024T22:11:33 - [TEST_STEP][PASSED] - delay(1): Delayed 1 second(s)

02-02-2024T22:11:34 - [MESSAGE][PASSED] - Delayed 1 second(s)]]></system-out>
         <system-err><![CDATA[]]></system-err>
      </testcase>
      <testcase name="Test Cases/TC_CURA_HOME/CURA_HOME_VALIDATEBUTTON" time="11.348" classname="Test Cases/TC_CURA_HOME/CURA_HOME_VALIDATEBUTTON" status="PASSED">
         <system-out><![CDATA[02-02-2024T22:11:34 - [TEST_CASE][PASSED] - Test Cases/TC_CURA_HOME/CURA_HOME_VALIDATEBUTTON: Test Cases/TC_CURA_HOME/CURA_HOME_VALIDATEBUTTON

02-02-2024T22:11:34 - [TEST_STEP][PASSED] - Start listener action : sampleBeforeTestCase: Actual text 'CURA Healthcare Service' and expected text 'CURA Healthcare Service' are matched  using regular expression

02-02-2024T22:11:34 - [TEST_STEP][PASSED] - verifyMatch(getWindowTitle(), "CURA Healthcare Service", true): Actual text 'CURA Healthcare Service' and expected text 'CURA Healthcare Service' are matched  using regular expression

02-02-2024T22:11:34 - [MESSAGE][PASSED] - Current window's title is: 'CURA Healthcare Service'

02-02-2024T22:11:34 - [MESSAGE][PASSED] - Actual text 'CURA Healthcare Service' and expected text 'CURA Healthcare Service' are matched  using regular expression

02-02-2024T22:11:35 - [TEST_STEP][PASSED] - click(findTestObject("Object Repository/Cura_Pages/CURA_HOME_OR/CURA_HOME_VALIDATEBUTTON_OR/Page_CURA Healthcare Service/a_Make Appointment")): Object: 'Object Repository/Cura_Pages/CURA_HOME_OR/CURA_HOME_VALIDATEBUTTON_OR/Page_CURA Healthcare Service/a_Make Appointment' is clicked on

02-02-2024T22:11:38 - [MESSAGE][PASSED] - Object: 'Object Repository/Cura_Pages/CURA_HOME_OR/CURA_HOME_VALIDATEBUTTON_OR/Page_CURA Healthcare Service/a_Make Appointment' is clicked on

02-02-2024T22:11:38 - [TEST_STEP][PASSED] - verifyElementPresent(findTestObject("Object Repository/Cura_Pages/CURA_HOME_OR/CURA_HOME_VALIDATEBUTTON_OR/Page_CURA Healthcare Service/p_Please login to make appointment"), 0): Object 'Object Repository/Cura_Pages/CURA_HOME_OR/CURA_HOME_VALIDATEBUTTON_OR/Page_CURA Healthcare Service/p_Please login to make appointment' is present

02-02-2024T22:11:38 - [MESSAGE][WARNING] - Timeout '0' is invalid. Using default page load timeout: '30'

02-02-2024T22:11:40 - [MESSAGE][PASSED] - Object 'Object Repository/Cura_Pages/CURA_HOME_OR/CURA_HOME_VALIDATEBUTTON_OR/Page_CURA Healthcare Service/p_Please login to make appointment' is present

02-02-2024T22:11:40 - [TEST_STEP][PASSED] - verifyElementPresent(findTestObject("Object Repository/Cura_Pages/CURA_HOME_OR/CURA_HOME_VALIDATEBUTTON_OR/Page_CURA Healthcare Service/button_Login"), 0): Object 'Object Repository/Cura_Pages/CURA_HOME_OR/CURA_HOME_VALIDATEBUTTON_OR/Page_CURA Healthcare Service/button_Login' is present

02-02-2024T22:11:40 - [MESSAGE][WARNING] - Timeout '0' is invalid. Using default page load timeout: '30'

02-02-2024T22:11:42 - [MESSAGE][PASSED] - Object 'Object Repository/Cura_Pages/CURA_HOME_OR/CURA_HOME_VALIDATEBUTTON_OR/Page_CURA Healthcare Service/button_Login' is present

02-02-2024T22:11:42 - [TEST_STEP][PASSED] - delay(2): Delayed 2 second(s)

02-02-2024T22:11:44 - [MESSAGE][PASSED] - Delayed 2 second(s)

02-02-2024T22:11:44 - [TEST_STEP][PASSED] - out.println("successfull"): null

02-02-2024T22:11:45 - [TEST_STEP][PASSED] - Start listener action : sampleAfterTestCase: Delayed 1 second(s)

02-02-2024T22:11:45 - [TEST_STEP][PASSED] - delay(1): Delayed 1 second(s)

02-02-2024T22:11:46 - [MESSAGE][PASSED] - Delayed 1 second(s)]]></system-out>
         <system-err><![CDATA[]]></system-err>
      </testcase>
      <system-out><![CDATA[02-02-2024T22:10:47 - [TEST_SUITE][PASSED] - CURA_HOME_TESTSUITE: Test Cases/TC_CURA_HOME/CURA_HOME_VALIDATEBUTTON]]></system-out>
      <system-err><![CDATA[]]></system-err>
   </testsuite>
</testsuites>
