<?xml version="1.0" encoding="UTF-8"?>
<testsuites name="CURA_LOGIN" time="30.994" tests="1" failures="0" errors="0">
   <testsuite name="CURA_LOGIN" tests="1" failures="0" errors="0" time="30.994" skipped="0" timestamp="31-01-2024T15:32:43" hostname="hp - LAPTOP-F3RG2V3G" id="Test Suites/CURA_LOGIN_TESTSUITE/CURA_LOGIN">
      <properties>
         <property name="deviceName" value=""/>
         <property name="devicePlatform" value=""/>
         <property name="logFolder" value="C:\\Users\\hp\\Katalon Studio\\CURA_HEALTHCARE_SERVICE\\Reports\\20240131_153228\\CURA_LOGIN_TESTSUITE\\CURA_LOGIN\\20240131_153228"/>
         <property name="logFiles" value="C:\\Users\\hp\\Katalon Studio\\CURA_HEALTHCARE_SERVICE\\Reports\\20240131_153228\\CURA_LOGIN_TESTSUITE\\CURA_LOGIN\\20240131_153228\\execution0.log"/>
         <property name="attachments" value=""/>
         <property name="hostName" value="hp - LAPTOP-F3RG2V3G"/>
         <property name="os" value="Windows 10 64bit"/>
         <property name="katalonVersion" value="9.1.0.212"/>
         <property name="browser" value="Chrome 120.0.0.0"/>
         <property name="hostAddress" value="192.168.51.157"/>
         <property name="sessionId" value="612d9c3753dcc7f9756fc4fcff2bf02a"/>
         <property name="seleniumVersion" value="3.141.59"/>
         <property name="proxyInformation" value="ProxyInformation { proxyOption=NO_PROXY, proxyServerType=HTTP, username=, password=********, proxyServerAddress=, proxyServerPort=0, executionList=&quot;&quot;, isApplyToDesiredCapabilities=true }"/>
         <property name="platform" value="Windows 10"/>
      </properties>
      <testcase name="Test Cases/TC_CURA_LOGIN/CURA_LOGIN_BYGLOBAL_001" time="16.616" classname="Test Cases/TC_CURA_LOGIN/CURA_LOGIN_BYGLOBAL_001" status="PASSED">
         <system-out><![CDATA[31-01-2024T15:32:58 - [TEST_CASE][PASSED] - Test Cases/TC_CURA_LOGIN/CURA_LOGIN_BYGLOBAL_001: Test Cases/TC_CURA_LOGIN/CURA_LOGIN_BYGLOBAL_001

31-01-2024T15:32:58 - [TEST_STEP][PASSED] - Start listener action : sampleBeforeTestCase: Actual text 'CURA Healthcare Service' and expected text 'CURA Healthcare Service' are matched  using regular expression

31-01-2024T15:32:58 - [TEST_STEP][PASSED] - println(testCaseContext.getTestCaseId()): null

31-01-2024T15:32:58 - [TEST_STEP][PASSED] - println(testCaseContext.getTestCaseVariables()): null

31-01-2024T15:32:58 - [TEST_STEP][PASSED] - verifyMatch(getWindowTitle(), "CURA Healthcare Service", true): Actual text 'CURA Healthcare Service' and expected text 'CURA Healthcare Service' are matched  using regular expression

31-01-2024T15:32:58 - [MESSAGE][PASSED] - Current window's title is: 'CURA Healthcare Service'

31-01-2024T15:32:58 - [MESSAGE][PASSED] - Actual text 'CURA Healthcare Service' and expected text 'CURA Healthcare Service' are matched  using regular expression

31-01-2024T15:32:58 - [TEST_STEP][PASSED] - click(findTestObject("Cura_Pages/CURA_LOGIN_OR/CURA_LOGIN_LOGIN VALIDATION_OR/Page_CURA Healthcare Service/amenu-toggle")): Object: 'Object Repository/Cura_Pages/CURA_LOGIN_OR/CURA_LOGIN_LOGIN VALIDATION_OR/Page_CURA Healthcare Service/amenu-toggle' is clicked on

31-01-2024T15:33:00 - [MESSAGE][PASSED] - Object: 'Object Repository/Cura_Pages/CURA_LOGIN_OR/CURA_LOGIN_LOGIN VALIDATION_OR/Page_CURA Healthcare Service/amenu-toggle' is clicked on

31-01-2024T15:33:00 - [TEST_STEP][PASSED] - click(findTestObject("Object Repository/Cura_Pages/CURA_LOGIN_OR/CURA_LOGIN_LOGIN VALIDATION_OR/Page_CURA Healthcare Service/a_Login")): Object: 'Object Repository/Cura_Pages/CURA_LOGIN_OR/CURA_LOGIN_LOGIN VALIDATION_OR/Page_CURA Healthcare Service/a_Login' is clicked on

31-01-2024T15:33:02 - [MESSAGE][PASSED] - Object: 'Object Repository/Cura_Pages/CURA_LOGIN_OR/CURA_LOGIN_LOGIN VALIDATION_OR/Page_CURA Healthcare Service/a_Login' is clicked on

31-01-2024T15:33:02 - [TEST_STEP][PASSED] - setText(findTestObject("Object Repository/Cura_Pages/CURA_LOGIN_OR/CURA_LOGIN_LOGIN VALIDATION_OR/Page_CURA Healthcare Service/input_username"), user): Text 'John Doe' is set on object 'Object Repository/Cura_Pages/CURA_LOGIN_OR/CURA_LOGIN_LOGIN VALIDATION_OR/Page_CURA Healthcare Service/input_username'

31-01-2024T15:33:03 - [MESSAGE][PASSED] - Text 'John Doe' is set on object 'Object Repository/Cura_Pages/CURA_LOGIN_OR/CURA_LOGIN_LOGIN VALIDATION_OR/Page_CURA Healthcare Service/input_username'

31-01-2024T15:33:03 - [TEST_STEP][PASSED] - setText(findTestObject("Object Repository/Cura_Pages/CURA_LOGIN_OR/CURA_LOGIN_LOGIN VALIDATION_OR/Page_CURA Healthcare Service/input_password"), pass): Text 'ThisIsNotAPassword' is set on object 'Object Repository/Cura_Pages/CURA_LOGIN_OR/CURA_LOGIN_LOGIN VALIDATION_OR/Page_CURA Healthcare Service/input_password'

31-01-2024T15:33:04 - [MESSAGE][PASSED] - Text 'ThisIsNotAPassword' is set on object 'Object Repository/Cura_Pages/CURA_LOGIN_OR/CURA_LOGIN_LOGIN VALIDATION_OR/Page_CURA Healthcare Service/input_password'

31-01-2024T15:33:04 - [TEST_STEP][PASSED] - click(findTestObject("Object Repository/Cura_Pages/CURA_LOGIN_OR/CURA_LOGIN_LOGIN VALIDATION_OR/Page_CURA Healthcare Service/button_Login")): Object: 'Object Repository/Cura_Pages/CURA_LOGIN_OR/CURA_LOGIN_LOGIN VALIDATION_OR/Page_CURA Healthcare Service/button_Login' is clicked on

31-01-2024T15:33:06 - [MESSAGE][PASSED] - Object: 'Object Repository/Cura_Pages/CURA_LOGIN_OR/CURA_LOGIN_LOGIN VALIDATION_OR/Page_CURA Healthcare Service/button_Login' is clicked on

31-01-2024T15:33:06 - [TEST_STEP][PASSED] - verifyElementPresent(findTestObject("Object Repository/Cura_Pages/CURA_LOGIN_OR/CURA_LOGIN_LOGIN VALIDATION_OR/Page_CURA Healthcare Service/h2_Make Appointment"), 0): Object 'Object Repository/Cura_Pages/CURA_LOGIN_OR/CURA_LOGIN_LOGIN VALIDATION_OR/Page_CURA Healthcare Service/h2_Make Appointment' is present

31-01-2024T15:33:07 - [MESSAGE][WARNING] - Timeout '0' is invalid. Using default page load timeout: '30'

31-01-2024T15:33:07 - [MESSAGE][PASSED] - Object 'Object Repository/Cura_Pages/CURA_LOGIN_OR/CURA_LOGIN_LOGIN VALIDATION_OR/Page_CURA Healthcare Service/h2_Make Appointment' is present

31-01-2024T15:33:07 - [TEST_STEP][PASSED] - verifyElementClickable(findTestObject("Object Repository/Cura_Pages/CURA_LOGIN_OR/CURA_LOGIN_LOGIN VALIDATION_OR/Page_CURA Healthcare Service/amenu-toggle")): Object 'Object Repository/Cura_Pages/CURA_LOGIN_OR/CURA_LOGIN_LOGIN VALIDATION_OR/Page_CURA Healthcare Service/amenu-toggle' is clickable

31-01-2024T15:33:08 - [MESSAGE][PASSED] - Object 'Object Repository/Cura_Pages/CURA_LOGIN_OR/CURA_LOGIN_LOGIN VALIDATION_OR/Page_CURA Healthcare Service/amenu-toggle' is clickable

31-01-2024T15:33:08 - [TEST_STEP][PASSED] - click(findTestObject("Object Repository/Cura_Pages/CURA_LOGIN_OR/CURA_LOGIN_LOGIN VALIDATION_OR/Page_CURA Healthcare Service/amenu-toggle")): Object: 'Object Repository/Cura_Pages/CURA_LOGIN_OR/CURA_LOGIN_LOGIN VALIDATION_OR/Page_CURA Healthcare Service/amenu-toggle' is clicked on

31-01-2024T15:33:08 - [MESSAGE][PASSED] - Object: 'Object Repository/Cura_Pages/CURA_LOGIN_OR/CURA_LOGIN_LOGIN VALIDATION_OR/Page_CURA Healthcare Service/amenu-toggle' is clicked on

31-01-2024T15:33:08 - [TEST_STEP][PASSED] - verifyElementClickable(findTestObject("Object Repository/Cura_Pages/CURA_LOGIN_OR/CURA_LOGIN_LOGIN VALIDATION_OR/Page_CURA Healthcare Service/a_History")): Object 'Object Repository/Cura_Pages/CURA_LOGIN_OR/CURA_LOGIN_LOGIN VALIDATION_OR/Page_CURA Healthcare Service/a_History' is clickable

31-01-2024T15:33:08 - [MESSAGE][PASSED] - Object 'Object Repository/Cura_Pages/CURA_LOGIN_OR/CURA_LOGIN_LOGIN VALIDATION_OR/Page_CURA Healthcare Service/a_History' is clickable

31-01-2024T15:33:08 - [TEST_STEP][PASSED] - verifyElementClickable(findTestObject("Object Repository/Cura_Pages/CURA_LOGIN_OR/CURA_LOGIN_LOGIN VALIDATION_OR/Page_CURA Healthcare Service/a_Profile")): Object 'Object Repository/Cura_Pages/CURA_LOGIN_OR/CURA_LOGIN_LOGIN VALIDATION_OR/Page_CURA Healthcare Service/a_Profile' is clickable

31-01-2024T15:33:09 - [MESSAGE][PASSED] - Object 'Object Repository/Cura_Pages/CURA_LOGIN_OR/CURA_LOGIN_LOGIN VALIDATION_OR/Page_CURA Healthcare Service/a_Profile' is clickable

31-01-2024T15:33:09 - [TEST_STEP][PASSED] - verifyElementClickable(findTestObject("Object Repository/Cura_Pages/CURA_LOGIN_OR/CURA_LOGIN_LOGIN VALIDATION_OR/Page_CURA Healthcare Service/a_Home")): Object 'Object Repository/Cura_Pages/CURA_LOGIN_OR/CURA_LOGIN_LOGIN VALIDATION_OR/Page_CURA Healthcare Service/a_Home' is clickable

31-01-2024T15:33:09 - [MESSAGE][PASSED] - Object 'Object Repository/Cura_Pages/CURA_LOGIN_OR/CURA_LOGIN_LOGIN VALIDATION_OR/Page_CURA Healthcare Service/a_Home' is clickable

31-01-2024T15:33:09 - [TEST_STEP][PASSED] - verifyElementClickable(findTestObject("Object Repository/Cura_Pages/CURA_LOGIN_OR/CURA_LOGIN_LOGIN VALIDATION_OR/Page_CURA Healthcare Service/a_Logout")): Object 'Object Repository/Cura_Pages/CURA_LOGIN_OR/CURA_LOGIN_LOGIN VALIDATION_OR/Page_CURA Healthcare Service/a_Logout' is clickable

31-01-2024T15:33:10 - [MESSAGE][PASSED] - Object 'Object Repository/Cura_Pages/CURA_LOGIN_OR/CURA_LOGIN_LOGIN VALIDATION_OR/Page_CURA Healthcare Service/a_Logout' is clickable

31-01-2024T15:33:10 - [TEST_STEP][PASSED] - click(findTestObject("Object Repository/Cura_Pages/CURA_LOGIN_OR/CURA_LOGIN_LOGIN VALIDATION_OR/Page_CURA Healthcare Service/a_Logout")): Object: 'Object Repository/Cura_Pages/CURA_LOGIN_OR/CURA_LOGIN_LOGIN VALIDATION_OR/Page_CURA Healthcare Service/a_Logout' is clicked on

31-01-2024T15:33:12 - [MESSAGE][PASSED] - Object: 'Object Repository/Cura_Pages/CURA_LOGIN_OR/CURA_LOGIN_LOGIN VALIDATION_OR/Page_CURA Healthcare Service/a_Logout' is clicked on

31-01-2024T15:33:12 - [TEST_STEP][PASSED] - Start tear down : tearDownTestCase: Method 'tearDownTestCase' complete successfully

31-01-2024T15:33:12 - [TEST_STEP][PASSED] - delay(2): Delayed 2 second(s)

31-01-2024T15:33:14 - [MESSAGE][PASSED] - Delayed 2 second(s)

31-01-2024T15:33:14 - [MESSAGE][PASSED] - Method 'tearDownTestCase' complete successfully

31-01-2024T15:33:14 - [TEST_STEP][PASSED] - Start listener action : sampleAfterTestCase: null

31-01-2024T15:33:14 - [TEST_STEP][PASSED] - println(testCaseContext.getTestCaseId()): null

31-01-2024T15:33:14 - [TEST_STEP][PASSED] - println(testCaseContext.getTestCaseStatus()): null]]></system-out>
         <system-err><![CDATA[]]></system-err>
      </testcase>
      <system-out><![CDATA[31-01-2024T15:32:43 - [TEST_SUITE][PASSED] - CURA_LOGIN: Test Cases/TC_CURA_LOGIN/CURA_LOGIN_BYGLOBAL_001]]></system-out>
      <system-err><![CDATA[]]></system-err>
   </testsuite>
</testsuites>
