<?xml version="1.0" encoding="UTF-8"?>
<testsuites name="CURA_LOGIN" time="15.641" tests="0" failures="0" errors="0">
   <testsuite name="CURA_LOGIN" tests="0" failures="0" errors="0" time="15.641" skipped="0" timestamp="31-01-2024T20:10:21" hostname="hp - LAPTOP-F3RG2V3G" id="Test Suites/CURA_LOGIN_TESTSUITE/CURA_LOGIN">
      <properties>
         <property name="deviceName" value=""/>
         <property name="devicePlatform" value=""/>
         <property name="logFolder" value="C:\\Users\\hp\\Katalon Studio\\CURA_HEALTHCARE_SERVICE\\Reports\\20240131_200959\\CURA_LOGIN_TESTSUITE\\CURA_LOGIN\\20240131_201001"/>
         <property name="logFiles" value="C:\\Users\\hp\\Katalon Studio\\CURA_HEALTHCARE_SERVICE\\Reports\\20240131_200959\\CURA_LOGIN_TESTSUITE\\CURA_LOGIN\\20240131_201001\\execution0.log"/>
         <property name="attachments" value=""/>
         <property name="hostName" value="hp - LAPTOP-F3RG2V3G"/>
         <property name="hostAddress" value="192.168.1.10"/>
         <property name="os" value="Windows 10 64bit"/>
         <property name="katalonVersion" value="9.1.0.212"/>
      </properties>
      <system-out><![CDATA[31-01-2024T20:10:21 - [TEST_SUITE][PASSED] - CURA_LOGIN: null]]></system-out>
      <system-err><![CDATA[]]></system-err>
   </testsuite>
</testsuites>
