<?xml version="1.0" encoding="UTF-8"?>
<testsuites name="CURA_TESTSUITE_COLLECTION" time="258.886" tests="7" failures="0" errors="0">
   <testsuite name="CURA_HOME_TESTSUITE" tests="2" failures="0" errors="0" time="89.699" skipped="0" timestamp="31-01-2024T19:56:29" hostname="hp - LAPTOP-F3RG2V3G" id="Test Suites/CURA_HOME_TESTSUITE/CURA_HOME_TESTSUITE">
      <properties>
         <property name="deviceName" value=""/>
         <property name="devicePlatform" value=""/>
         <property name="logFolder" value="C:\\Users\\hp\\Katalon Studio\\CURA_HEALTHCARE_SERVICE\\Reports\\20240131_195533\\CURA_HOME_TESTSUITE\\CURA_HOME_TESTSUITE\\20240131_195535"/>
         <property name="logFiles" value="C:\\Users\\hp\\Katalon Studio\\CURA_HEALTHCARE_SERVICE\\Reports\\20240131_195533\\CURA_HOME_TESTSUITE\\CURA_HOME_TESTSUITE\\20240131_195535\\execution0.log"/>
         <property name="attachments" value=""/>
         <property name="hostName" value="hp - LAPTOP-F3RG2V3G"/>
         <property name="os" value="Windows 10 64bit"/>
         <property name="katalonVersion" value="9.1.0.212"/>
         <property name="browser" value="Chrome 120.0.0.0"/>
         <property name="hostAddress" value="192.168.1.10"/>
         <property name="sessionId" value="94eac47cdf52c494ccd7704d86e10402"/>
         <property name="seleniumVersion" value="3.141.59"/>
         <property name="proxyInformation" value="ProxyInformation { proxyOption=NO_PROXY, proxyServerType=HTTP, username=, password=********, proxyServerAddress=, proxyServerPort=0, executionList=&quot;&quot;, isApplyToDesiredCapabilities=true }"/>
         <property name="platform" value="Windows 10"/>
      </properties>
      <testcase name="Test Cases/TC_CURA_HOME/CURA_HOME_VERIFYHOMEPAGETEXT" time="28.869" classname="Test Cases/TC_CURA_HOME/CURA_HOME_VERIFYHOMEPAGETEXT" status="PASSED">
         <system-out><![CDATA[31-01-2024T19:57:19 - [TEST_CASE][PASSED] - Test Cases/TC_CURA_HOME/CURA_HOME_VERIFYHOMEPAGETEXT: Test Cases/TC_CURA_HOME/CURA_HOME_VERIFYHOMEPAGETEXT

31-01-2024T19:57:21 - [TEST_STEP][PASSED] - Start listener action : sampleBeforeTestCase: Actual text 'CURA Healthcare Service' and expected text 'CURA Healthcare Service' are matched  using regular expression

31-01-2024T19:57:21 - [TEST_STEP][PASSED] - println(testCaseContext.getTestCaseId()): null

31-01-2024T19:57:21 - [TEST_STEP][PASSED] - println(testCaseContext.getTestCaseVariables()): null

31-01-2024T19:57:21 - [TEST_STEP][PASSED] - verifyMatch(getWindowTitle(), "CURA Healthcare Service", true): Actual text 'CURA Healthcare Service' and expected text 'CURA Healthcare Service' are matched  using regular expression

31-01-2024T19:57:21 - [MESSAGE][PASSED] - Current window's title is: 'CURA Healthcare Service'

31-01-2024T19:57:21 - [MESSAGE][PASSED] - Actual text 'CURA Healthcare Service' and expected text 'CURA Healthcare Service' are matched  using regular expression

31-01-2024T19:57:23 - [TEST_STEP][PASSED] - verifyElementPresent(findTestObject("Object Repository/Cura_Pages/CURA_HOME_OR/CURA_HOME_VERIFYHOMEPAGETEXT_OR/Page_CURA Healthcare Service/h1_CURA Healthcare Service"), 0): Object 'Object Repository/Cura_Pages/CURA_HOME_OR/CURA_HOME_VERIFYHOMEPAGETEXT_OR/Page_CURA Healthcare Service/h1_CURA Healthcare Service' is present

31-01-2024T19:57:23 - [MESSAGE][WARNING] - Timeout '0' is invalid. Using default page load timeout: '30'

31-01-2024T19:57:24 - [MESSAGE][PASSED] - Object 'Object Repository/Cura_Pages/CURA_HOME_OR/CURA_HOME_VERIFYHOMEPAGETEXT_OR/Page_CURA Healthcare Service/h1_CURA Healthcare Service' is present

31-01-2024T19:57:24 - [TEST_STEP][PASSED] - verifyElementPresent(findTestObject("Object Repository/Cura_Pages/CURA_HOME_OR/CURA_HOME_VERIFYHOMEPAGETEXT_OR/Page_CURA Healthcare Service/h3_We Care About Your Health"), 0): Object 'Object Repository/Cura_Pages/CURA_HOME_OR/CURA_HOME_VERIFYHOMEPAGETEXT_OR/Page_CURA Healthcare Service/h3_We Care About Your Health' is present

31-01-2024T19:57:25 - [MESSAGE][WARNING] - Timeout '0' is invalid. Using default page load timeout: '30'

31-01-2024T19:57:27 - [MESSAGE][PASSED] - Object 'Object Repository/Cura_Pages/CURA_HOME_OR/CURA_HOME_VERIFYHOMEPAGETEXT_OR/Page_CURA Healthcare Service/h3_We Care About Your Health' is present

31-01-2024T19:57:27 - [TEST_STEP][PASSED] - verifyElementPresent(findTestObject("Object Repository/Cura_Pages/CURA_HOME_OR/CURA_HOME_VERIFYHOMEPAGETEXT_OR/Page_CURA Healthcare Service/h4_CURA Healthcare Service"), 0): Object 'Object Repository/Cura_Pages/CURA_HOME_OR/CURA_HOME_VERIFYHOMEPAGETEXT_OR/Page_CURA Healthcare Service/h4_CURA Healthcare Service' is present

31-01-2024T19:57:27 - [MESSAGE][WARNING] - Timeout '0' is invalid. Using default page load timeout: '30'

31-01-2024T19:57:27 - [MESSAGE][PASSED] - Object 'Object Repository/Cura_Pages/CURA_HOME_OR/CURA_HOME_VERIFYHOMEPAGETEXT_OR/Page_CURA Healthcare Service/h4_CURA Healthcare Service' is present

31-01-2024T19:57:27 - [TEST_STEP][PASSED] - verifyElementPresent(findTestObject("Object Repository/Cura_Pages/CURA_HOME_OR/CURA_HOME_VERIFYHOMEPAGETEXT_OR/Page_CURA Healthcare Service/div_CURA Healthcare Service        We Care _b17f12"), 0): Object 'Object Repository/Cura_Pages/CURA_HOME_OR/CURA_HOME_VERIFYHOMEPAGETEXT_OR/Page_CURA Healthcare Service/div_CURA Healthcare Service        We Care _b17f12' is present

31-01-2024T19:57:27 - [MESSAGE][WARNING] - Timeout '0' is invalid. Using default page load timeout: '30'

31-01-2024T19:57:28 - [MESSAGE][PASSED] - Object 'Object Repository/Cura_Pages/CURA_HOME_OR/CURA_HOME_VERIFYHOMEPAGETEXT_OR/Page_CURA Healthcare Service/div_CURA Healthcare Service        We Care _b17f12' is present

31-01-2024T19:57:28 - [TEST_STEP][PASSED] - verifyAllLinksOnCurrentPageAccessible(false, []): All links on the page 'https://katalon-demo-cura.herokuapp.com/' are accessible

31-01-2024T19:57:30 - [MESSAGE][PASSED] - Found 4 unique links on the page https://katalon-demo-cura.herokuapp.com/

31-01-2024T19:57:41 - [MESSAGE][INFO] - HAR: C:\Users\hp\Katalon Studio\CURA_HEALTHCARE_SERVICE\Reports\20240131_195533\CURA_HOME_TESTSUITE\CURA_HOME_TESTSUITE\20240131_195535\requests\main\0.har

31-01-2024T19:57:42 - [MESSAGE][PASSED] - Send request successfully

31-01-2024T19:57:43 - [MESSAGE][INFO] - HAR: C:\Users\hp\Katalon Studio\CURA_HEALTHCARE_SERVICE\Reports\20240131_195533\CURA_HOME_TESTSUITE\CURA_HOME_TESTSUITE\20240131_195535\requests\main\1.har

31-01-2024T19:57:44 - [MESSAGE][PASSED] - Send request successfully

31-01-2024T19:57:45 - [MESSAGE][INFO] - HAR: C:\Users\hp\Katalon Studio\CURA_HEALTHCARE_SERVICE\Reports\20240131_195533\CURA_HOME_TESTSUITE\CURA_HOME_TESTSUITE\20240131_195535\requests\main\2.har

31-01-2024T19:57:45 - [MESSAGE][PASSED] - Send request successfully

31-01-2024T19:57:46 - [MESSAGE][INFO] - HAR: C:\Users\hp\Katalon Studio\CURA_HEALTHCARE_SERVICE\Reports\20240131_195533\CURA_HOME_TESTSUITE\CURA_HOME_TESTSUITE\20240131_195535\requests\main\3.har

31-01-2024T19:57:47 - [MESSAGE][PASSED] - Send request successfully

31-01-2024T19:57:47 - [MESSAGE][PASSED] - All links are accessible

31-01-2024T19:57:47 - [MESSAGE][PASSED] - All links on the page 'https://katalon-demo-cura.herokuapp.com/' are accessible

31-01-2024T19:57:47 - [TEST_STEP][PASSED] - delay(1): Delayed 1 second(s)

31-01-2024T19:57:48 - [MESSAGE][PASSED] - Delayed 1 second(s)

31-01-2024T19:57:48 - [TEST_STEP][PASSED] - Start listener action : sampleAfterTestCase: null

31-01-2024T19:57:48 - [TEST_STEP][PASSED] - println(testCaseContext.getTestCaseId()): null

31-01-2024T19:57:48 - [TEST_STEP][PASSED] - println(testCaseContext.getTestCaseStatus()): null]]></system-out>
         <system-err><![CDATA[]]></system-err>
      </testcase>
      <testcase name="Test Cases/TC_CURA_HOME/CURA_HOME_VALIDATEBUTTON" time="10.658" classname="Test Cases/TC_CURA_HOME/CURA_HOME_VALIDATEBUTTON" status="PASSED">
         <system-out><![CDATA[31-01-2024T19:57:48 - [TEST_CASE][PASSED] - Test Cases/TC_CURA_HOME/CURA_HOME_VALIDATEBUTTON: Test Cases/TC_CURA_HOME/CURA_HOME_VALIDATEBUTTON

31-01-2024T19:57:48 - [TEST_STEP][PASSED] - Start listener action : sampleBeforeTestCase: Actual text 'CURA Healthcare Service' and expected text 'CURA Healthcare Service' are matched  using regular expression

31-01-2024T19:57:48 - [TEST_STEP][PASSED] - println(testCaseContext.getTestCaseId()): null

31-01-2024T19:57:48 - [TEST_STEP][PASSED] - println(testCaseContext.getTestCaseVariables()): null

31-01-2024T19:57:48 - [TEST_STEP][PASSED] - verifyMatch(getWindowTitle(), "CURA Healthcare Service", true): Actual text 'CURA Healthcare Service' and expected text 'CURA Healthcare Service' are matched  using regular expression

31-01-2024T19:57:48 - [MESSAGE][PASSED] - Current window's title is: 'CURA Healthcare Service'

31-01-2024T19:57:48 - [MESSAGE][PASSED] - Actual text 'CURA Healthcare Service' and expected text 'CURA Healthcare Service' are matched  using regular expression

31-01-2024T19:57:48 - [TEST_STEP][PASSED] - click(findTestObject("Object Repository/Cura_Pages/CURA_HOME_OR/CURA_HOME_VALIDATEBUTTON_OR/Page_CURA Healthcare Service/a_Make Appointment")): Object: 'Object Repository/Cura_Pages/CURA_HOME_OR/CURA_HOME_VALIDATEBUTTON_OR/Page_CURA Healthcare Service/a_Make Appointment' is clicked on

31-01-2024T19:57:53 - [MESSAGE][PASSED] - Object: 'Object Repository/Cura_Pages/CURA_HOME_OR/CURA_HOME_VALIDATEBUTTON_OR/Page_CURA Healthcare Service/a_Make Appointment' is clicked on

31-01-2024T19:57:53 - [TEST_STEP][PASSED] - verifyElementPresent(findTestObject("Object Repository/Cura_Pages/CURA_HOME_OR/CURA_HOME_VALIDATEBUTTON_OR/Page_CURA Healthcare Service/p_Please login to make appointment"), 0): Object 'Object Repository/Cura_Pages/CURA_HOME_OR/CURA_HOME_VALIDATEBUTTON_OR/Page_CURA Healthcare Service/p_Please login to make appointment' is present

31-01-2024T19:57:54 - [MESSAGE][WARNING] - Timeout '0' is invalid. Using default page load timeout: '30'

31-01-2024T19:57:55 - [MESSAGE][PASSED] - Object 'Object Repository/Cura_Pages/CURA_HOME_OR/CURA_HOME_VALIDATEBUTTON_OR/Page_CURA Healthcare Service/p_Please login to make appointment' is present

31-01-2024T19:57:55 - [TEST_STEP][PASSED] - verifyElementPresent(findTestObject("Object Repository/Cura_Pages/CURA_HOME_OR/CURA_HOME_VALIDATEBUTTON_OR/Page_CURA Healthcare Service/button_Login"), 0): Object 'Object Repository/Cura_Pages/CURA_HOME_OR/CURA_HOME_VALIDATEBUTTON_OR/Page_CURA Healthcare Service/button_Login' is present

31-01-2024T19:57:55 - [MESSAGE][WARNING] - Timeout '0' is invalid. Using default page load timeout: '30'

31-01-2024T19:57:56 - [MESSAGE][PASSED] - Object 'Object Repository/Cura_Pages/CURA_HOME_OR/CURA_HOME_VALIDATEBUTTON_OR/Page_CURA Healthcare Service/button_Login' is present

31-01-2024T19:57:56 - [TEST_STEP][PASSED] - delay(2): Delayed 2 second(s)

31-01-2024T19:57:58 - [MESSAGE][PASSED] - Delayed 2 second(s)

31-01-2024T19:57:58 - [TEST_STEP][PASSED] - out.println("successfull"): null

31-01-2024T19:57:58 - [TEST_STEP][PASSED] - Start listener action : sampleAfterTestCase: null

31-01-2024T19:57:58 - [TEST_STEP][PASSED] - println(testCaseContext.getTestCaseId()): null

31-01-2024T19:57:58 - [TEST_STEP][PASSED] - println(testCaseContext.getTestCaseStatus()): null]]></system-out>
         <system-err><![CDATA[]]></system-err>
      </testcase>
      <system-out><![CDATA[31-01-2024T19:56:29 - [TEST_SUITE][PASSED] - CURA_HOME_TESTSUITE: Test Cases/TC_CURA_HOME/CURA_HOME_VALIDATEBUTTON]]></system-out>
      <system-err><![CDATA[]]></system-err>
   </testsuite>
   <testsuite name="CURA_LOGIN" tests="0" failures="0" errors="0" time="37.137" skipped="0" timestamp="31-01-2024T19:56:43" hostname="hp - LAPTOP-F3RG2V3G" id="Test Suites/CURA_LOGIN_TESTSUITE/CURA_LOGIN">
      <properties>
         <property name="deviceName" value=""/>
         <property name="devicePlatform" value=""/>
         <property name="logFolder" value="C:\\Users\\hp\\Katalon Studio\\CURA_HEALTHCARE_SERVICE\\Reports\\20240131_195533\\CURA_LOGIN_TESTSUITE\\CURA_LOGIN\\20240131_195538"/>
         <property name="logFiles" value="C:\\Users\\hp\\Katalon Studio\\CURA_HEALTHCARE_SERVICE\\Reports\\20240131_195533\\CURA_LOGIN_TESTSUITE\\CURA_LOGIN\\20240131_195538\\execution0.log"/>
         <property name="attachments" value=""/>
         <property name="hostName" value="hp - LAPTOP-F3RG2V3G"/>
         <property name="hostAddress" value="192.168.1.10"/>
         <property name="os" value="Windows 10 64bit"/>
         <property name="katalonVersion" value="9.1.0.212"/>
      </properties>
      <system-out><![CDATA[31-01-2024T19:56:43 - [TEST_SUITE][PASSED] - CURA_LOGIN: null]]></system-out>
      <system-err><![CDATA[]]></system-err>
   </testsuite>
   <testsuite name="CURA_MAKEAPPOINTMENT_TESTSUITE" tests="5" failures="0" errors="0" time="126.757" skipped="0" timestamp="31-01-2024T19:56:53" hostname="hp - LAPTOP-F3RG2V3G" id="Test Suites/CURA_MAKEAPPOINTMENT_TESTSUITE/CURA_MAKEAPPOINTMENT_TESTSUITE">
      <properties>
         <property name="deviceName" value=""/>
         <property name="devicePlatform" value=""/>
         <property name="logFolder" value="C:\\Users\\hp\\Katalon Studio\\CURA_HEALTHCARE_SERVICE\\Reports\\20240131_195533\\CURA_MAKEAPPOINTMENT_TESTSUITE\\CURA_MAKEAPPOINTMENT_TESTSUITE\\20240131_195541"/>
         <property name="logFiles" value="C:\\Users\\hp\\Katalon Studio\\CURA_HEALTHCARE_SERVICE\\Reports\\20240131_195533\\CURA_MAKEAPPOINTMENT_TESTSUITE\\CURA_MAKEAPPOINTMENT_TESTSUITE\\20240131_195541\\execution0.log"/>
         <property name="attachments" value=""/>
         <property name="hostName" value="hp - LAPTOP-F3RG2V3G"/>
         <property name="os" value="Windows 10 64bit"/>
         <property name="katalonVersion" value="9.1.0.212"/>
         <property name="browser" value="Firefox 85.0"/>
         <property name="hostAddress" value="192.168.1.10"/>
         <property name="sessionId" value="fce90806-c1e1-4d2e-8adf-f87c3ce4cb28"/>
         <property name="seleniumVersion" value="3.141.59"/>
         <property name="proxyInformation" value="ProxyInformation { proxyOption=NO_PROXY, proxyServerType=HTTP, username=, password=********, proxyServerAddress=, proxyServerPort=0, executionList=&quot;&quot;, isApplyToDesiredCapabilities=true }"/>
         <property name="platform" value="Windows 10"/>
      </properties>
      <testcase name="Test Cases/TC_CURA_MAKEAPPOINTMENT/CURA_MAKAEAPPOINTMENT_VERIFYING" time="16.408" classname="Test Cases/TC_CURA_MAKEAPPOINTMENT/CURA_MAKAEAPPOINTMENT_VERIFYING" status="PASSED">
         <system-out><![CDATA[31-01-2024T19:58:07 - [TEST_CASE][PASSED] - Test Cases/TC_CURA_MAKEAPPOINTMENT/CURA_MAKAEAPPOINTMENT_VERIFYING: Test Cases/TC_CURA_MAKEAPPOINTMENT/CURA_MAKAEAPPOINTMENT_VERIFYING

31-01-2024T19:58:07 - [TEST_STEP][PASSED] - Start listener action : sampleBeforeTestCase: Actual text 'CURA Healthcare Service' and expected text 'CURA Healthcare Service' are matched  using regular expression

31-01-2024T19:58:07 - [TEST_STEP][PASSED] - println(testCaseContext.getTestCaseId()): null

31-01-2024T19:58:07 - [TEST_STEP][PASSED] - println(testCaseContext.getTestCaseVariables()): null

31-01-2024T19:58:07 - [TEST_STEP][PASSED] - verifyMatch(getWindowTitle(), "CURA Healthcare Service", true): Actual text 'CURA Healthcare Service' and expected text 'CURA Healthcare Service' are matched  using regular expression

31-01-2024T19:58:08 - [MESSAGE][PASSED] - Current window's title is: 'CURA Healthcare Service'

31-01-2024T19:58:08 - [MESSAGE][PASSED] - Actual text 'CURA Healthcare Service' and expected text 'CURA Healthcare Service' are matched  using regular expression

31-01-2024T19:58:09 - [TEST_STEP][PASSED] - delay(2): Delayed 2 second(s)

31-01-2024T19:58:12 - [MESSAGE][PASSED] - Delayed 2 second(s)

31-01-2024T19:58:12 - [TEST_STEP][PASSED] - com.qa.test.customfunction.CuraDropdown(findTestObject("Cura_Pages/CURA_MAKEAPPOINTMENT_OR/CURA_MAKINGAPPOINTMENT_OR/Page_CURA Healthcare Service/select_Tokyo CURA Healthcare Center        _5b4107"), "Hongkong CURA Healthcare Center"): com.qa.test.customfunction.CuraDropdown is PASSED

31-01-2024T19:58:14 - [MESSAGE][PASSED] - com.qa.test.customfunction.CuraDropdown is PASSED

31-01-2024T19:58:14 - [TEST_STEP][PASSED] - click(findTestObject("Object Repository/Cura_Pages/CURA_MAKEAPPOINTMENT_OR/CURA_MAKINGAPPOINTMENT_OR/Page_CURA Healthcare Service/label_Medicaid")): Object: 'Object Repository/Cura_Pages/CURA_MAKEAPPOINTMENT_OR/CURA_MAKINGAPPOINTMENT_OR/Page_CURA Healthcare Service/label_Medicaid' is clicked on

31-01-2024T19:58:15 - [MESSAGE][PASSED] - Object: 'Object Repository/Cura_Pages/CURA_MAKEAPPOINTMENT_OR/CURA_MAKINGAPPOINTMENT_OR/Page_CURA Healthcare Service/label_Medicaid' is clicked on

31-01-2024T19:58:15 - [TEST_STEP][PASSED] - click(findTestObject("Object Repository/Cura_Pages/CURA_MAKEAPPOINTMENT_OR/CURA_MAKINGAPPOINTMENT_OR/Page_CURA Healthcare Service/label_Apply for hospital readmission")): Object: 'Object Repository/Cura_Pages/CURA_MAKEAPPOINTMENT_OR/CURA_MAKINGAPPOINTMENT_OR/Page_CURA Healthcare Service/label_Apply for hospital readmission' is clicked on

31-01-2024T19:58:16 - [MESSAGE][PASSED] - Object: 'Object Repository/Cura_Pages/CURA_MAKEAPPOINTMENT_OR/CURA_MAKINGAPPOINTMENT_OR/Page_CURA Healthcare Service/label_Apply for hospital readmission' is clicked on

31-01-2024T19:58:16 - [TEST_STEP][PASSED] - click(findTestObject("Object Repository/Cura_Pages/CURA_MAKEAPPOINTMENT_OR/CURA_MAKINGAPPOINTMENT_OR/Page_CURA Healthcare Service/div_input-group-addon")): Object: 'Object Repository/Cura_Pages/CURA_MAKEAPPOINTMENT_OR/CURA_MAKINGAPPOINTMENT_OR/Page_CURA Healthcare Service/div_input-group-addon' is clicked on

31-01-2024T19:58:16 - [MESSAGE][PASSED] - Object: 'Object Repository/Cura_Pages/CURA_MAKEAPPOINTMENT_OR/CURA_MAKINGAPPOINTMENT_OR/Page_CURA Healthcare Service/div_input-group-addon' is clicked on

31-01-2024T19:58:16 - [TEST_STEP][PASSED] - click(findTestObject("Object Repository/Cura_Pages/CURA_MAKEAPPOINTMENT_OR/CURA_MAKINGAPPOINTMENT_OR/Page_CURA Healthcare Service/td_30")): Object: 'Object Repository/Cura_Pages/CURA_MAKEAPPOINTMENT_OR/CURA_MAKINGAPPOINTMENT_OR/Page_CURA Healthcare Service/td_30' is clicked on

31-01-2024T19:58:18 - [MESSAGE][PASSED] - Object: 'Object Repository/Cura_Pages/CURA_MAKEAPPOINTMENT_OR/CURA_MAKINGAPPOINTMENT_OR/Page_CURA Healthcare Service/td_30' is clicked on

31-01-2024T19:58:18 - [TEST_STEP][PASSED] - setText(findTestObject("Object Repository/Cura_Pages/CURA_MAKEAPPOINTMENT_OR/CURA_MAKINGAPPOINTMENT_OR/Page_CURA Healthcare Service/textarea_comment"), "csdiufhasicmals;kcopa"): Text 'csdiufhasicmals;kcopa' is set on object 'Object Repository/Cura_Pages/CURA_MAKEAPPOINTMENT_OR/CURA_MAKINGAPPOINTMENT_OR/Page_CURA Healthcare Service/textarea_comment'

31-01-2024T19:58:20 - [MESSAGE][PASSED] - Text 'csdiufhasicmals;kcopa' is set on object 'Object Repository/Cura_Pages/CURA_MAKEAPPOINTMENT_OR/CURA_MAKINGAPPOINTMENT_OR/Page_CURA Healthcare Service/textarea_comment'

31-01-2024T19:58:20 - [TEST_STEP][PASSED] - click(findTestObject("Object Repository/Cura_Pages/CURA_MAKEAPPOINTMENT_OR/CURA_MAKINGAPPOINTMENT_OR/Page_CURA Healthcare Service/button_Book Appointment")): Object: 'Object Repository/Cura_Pages/CURA_MAKEAPPOINTMENT_OR/CURA_MAKINGAPPOINTMENT_OR/Page_CURA Healthcare Service/button_Book Appointment' is clicked on

31-01-2024T19:58:21 - [MESSAGE][PASSED] - Object: 'Object Repository/Cura_Pages/CURA_MAKEAPPOINTMENT_OR/CURA_MAKINGAPPOINTMENT_OR/Page_CURA Healthcare Service/button_Book Appointment' is clicked on

31-01-2024T19:58:21 - [TEST_STEP][PASSED] - verifyElementPresent(findTestObject("Object Repository/Cura_Pages/CURA_MAKEAPPOINTMENT_OR/CURA_MAKINGAPPOINTMENT_OR/Page_CURA Healthcare Service/p_Please be informed that your appointment _11813a"), 0): Object 'Object Repository/Cura_Pages/CURA_MAKEAPPOINTMENT_OR/CURA_MAKINGAPPOINTMENT_OR/Page_CURA Healthcare Service/p_Please be informed that your appointment _11813a' is present

31-01-2024T19:58:21 - [MESSAGE][WARNING] - Timeout '0' is invalid. Using default page load timeout: '30'

31-01-2024T19:58:22 - [MESSAGE][PASSED] - Object 'Object Repository/Cura_Pages/CURA_MAKEAPPOINTMENT_OR/CURA_MAKINGAPPOINTMENT_OR/Page_CURA Healthcare Service/p_Please be informed that your appointment _11813a' is present

31-01-2024T19:58:22 - [TEST_STEP][PASSED] - Start tear down : tearDownTestCase: Method 'tearDownTestCase' complete successfully

31-01-2024T19:58:22 - [TEST_STEP][PASSED] - delay(1): Delayed 1 second(s)

31-01-2024T19:58:23 - [MESSAGE][PASSED] - Delayed 1 second(s)

31-01-2024T19:58:23 - [MESSAGE][PASSED] - Method 'tearDownTestCase' complete successfully

31-01-2024T19:58:23 - [TEST_STEP][PASSED] - Start listener action : sampleAfterTestCase: null

31-01-2024T19:58:23 - [TEST_STEP][PASSED] - println(testCaseContext.getTestCaseId()): null

31-01-2024T19:58:23 - [TEST_STEP][PASSED] - println(testCaseContext.getTestCaseStatus()): null]]></system-out>
         <system-err><![CDATA[]]></system-err>
      </testcase>
      <testcase name="Test Cases/TC_CURA_MAKEAPPOINTMENT/CURA_MAKEAPPOINTMENT_HISTORY" time="18.824" classname="Test Cases/TC_CURA_MAKEAPPOINTMENT/CURA_MAKEAPPOINTMENT_HISTORY" status="PASSED">
         <system-out><![CDATA[31-01-2024T19:58:23 - [TEST_CASE][PASSED] - Test Cases/TC_CURA_MAKEAPPOINTMENT/CURA_MAKEAPPOINTMENT_HISTORY: Test Cases/TC_CURA_MAKEAPPOINTMENT/CURA_MAKEAPPOINTMENT_HISTORY

31-01-2024T19:58:24 - [TEST_STEP][PASSED] - Start listener action : sampleBeforeTestCase: Actual text 'CURA Healthcare Service' and expected text 'CURA Healthcare Service' are matched  using regular expression

31-01-2024T19:58:24 - [TEST_STEP][PASSED] - println(testCaseContext.getTestCaseId()): null

31-01-2024T19:58:25 - [TEST_STEP][PASSED] - println(testCaseContext.getTestCaseVariables()): null

31-01-2024T19:58:25 - [TEST_STEP][PASSED] - verifyMatch(getWindowTitle(), "CURA Healthcare Service", true): Actual text 'CURA Healthcare Service' and expected text 'CURA Healthcare Service' are matched  using regular expression

31-01-2024T19:58:25 - [MESSAGE][PASSED] - Current window's title is: 'CURA Healthcare Service'

31-01-2024T19:58:25 - [MESSAGE][PASSED] - Actual text 'CURA Healthcare Service' and expected text 'CURA Healthcare Service' are matched  using regular expression

31-01-2024T19:58:25 - [TEST_STEP][PASSED] - click(findTestObject("Object Repository/Cura_Pages/CURA_MAKEAPPOINTMENT_OR/CURA_MAKINGAPPOINTMENT_OR/Page_CURA Healthcare Service/a_Go to Homepage")): Object: 'Object Repository/Cura_Pages/CURA_MAKEAPPOINTMENT_OR/CURA_MAKINGAPPOINTMENT_OR/Page_CURA Healthcare Service/a_Go to Homepage' is clicked on

31-01-2024T19:58:28 - [MESSAGE][PASSED] - Object: 'Object Repository/Cura_Pages/CURA_MAKEAPPOINTMENT_OR/CURA_MAKINGAPPOINTMENT_OR/Page_CURA Healthcare Service/a_Go to Homepage' is clicked on

31-01-2024T19:58:28 - [TEST_STEP][PASSED] - click(findTestObject("Object Repository/Cura_Pages/CURA_MAKEAPPOINTMENT_OR/CURA_MAKINGAPPOINTMENT_OR/Page_CURA Healthcare Service/a_Make Appointment_1")): Object: 'Object Repository/Cura_Pages/CURA_MAKEAPPOINTMENT_OR/CURA_MAKINGAPPOINTMENT_OR/Page_CURA Healthcare Service/a_Make Appointment_1' is clicked on

31-01-2024T19:58:29 - [MESSAGE][PASSED] - Object: 'Object Repository/Cura_Pages/CURA_MAKEAPPOINTMENT_OR/CURA_MAKINGAPPOINTMENT_OR/Page_CURA Healthcare Service/a_Make Appointment_1' is clicked on

31-01-2024T19:58:29 - [TEST_STEP][PASSED] - selectOptionByValue(findTestObject("Object Repository/Cura_Pages/CURA_MAKEAPPOINTMENT_OR/CURA_CHECKHISTORY_OR/Page_CURA Healthcare Service/select_Tokyo CURA Healthcare Center        _5b4107"), "Hongkong CURA Healthcare Center", true): All options with value 'Hongkong CURA Healthcare Center' are selected in object 'Object Repository/Cura_Pages/CURA_MAKEAPPOINTMENT_OR/CURA_CHECKHISTORY_OR/Page_CURA Healthcare Service/select_Tokyo CURA Healthcare Center        _5b4107'  using regular expression

31-01-2024T19:58:31 - [MESSAGE][PASSED] - All options with value 'Hongkong CURA Healthcare Center' are selected in object 'Object Repository/Cura_Pages/CURA_MAKEAPPOINTMENT_OR/CURA_CHECKHISTORY_OR/Page_CURA Healthcare Service/select_Tokyo CURA Healthcare Center        _5b4107'  using regular expression

31-01-2024T19:58:31 - [TEST_STEP][PASSED] - click(findTestObject("Object Repository/Cura_Pages/CURA_MAKEAPPOINTMENT_OR/CURA_CHECKHISTORY_OR/Page_CURA Healthcare Service/label_Apply for hospital readmission")): Object: 'Object Repository/Cura_Pages/CURA_MAKEAPPOINTMENT_OR/CURA_CHECKHISTORY_OR/Page_CURA Healthcare Service/label_Apply for hospital readmission' is clicked on

31-01-2024T19:58:31 - [MESSAGE][PASSED] - Object: 'Object Repository/Cura_Pages/CURA_MAKEAPPOINTMENT_OR/CURA_CHECKHISTORY_OR/Page_CURA Healthcare Service/label_Apply for hospital readmission' is clicked on

31-01-2024T19:58:31 - [TEST_STEP][PASSED] - click(findTestObject("Object Repository/Cura_Pages/CURA_MAKEAPPOINTMENT_OR/CURA_CHECKHISTORY_OR/Page_CURA Healthcare Service/label_Medicaid")): Object: 'Object Repository/Cura_Pages/CURA_MAKEAPPOINTMENT_OR/CURA_CHECKHISTORY_OR/Page_CURA Healthcare Service/label_Medicaid' is clicked on

31-01-2024T19:58:32 - [MESSAGE][PASSED] - Object: 'Object Repository/Cura_Pages/CURA_MAKEAPPOINTMENT_OR/CURA_CHECKHISTORY_OR/Page_CURA Healthcare Service/label_Medicaid' is clicked on

31-01-2024T19:58:32 - [TEST_STEP][PASSED] - click(findTestObject("Object Repository/Cura_Pages/CURA_MAKEAPPOINTMENT_OR/CURA_CHECKHISTORY_OR/Page_CURA Healthcare Service/span_glyphicon glyphicon-calendar")): Object: 'Object Repository/Cura_Pages/CURA_MAKEAPPOINTMENT_OR/CURA_CHECKHISTORY_OR/Page_CURA Healthcare Service/span_glyphicon glyphicon-calendar' is clicked on

31-01-2024T19:58:32 - [MESSAGE][PASSED] - Object: 'Object Repository/Cura_Pages/CURA_MAKEAPPOINTMENT_OR/CURA_CHECKHISTORY_OR/Page_CURA Healthcare Service/span_glyphicon glyphicon-calendar' is clicked on

31-01-2024T19:58:32 - [TEST_STEP][PASSED] - click(findTestObject("Object Repository/Cura_Pages/CURA_MAKEAPPOINTMENT_OR/CURA_CHECKHISTORY_OR/Page_CURA Healthcare Service/td_31")): Object: 'Object Repository/Cura_Pages/CURA_MAKEAPPOINTMENT_OR/CURA_CHECKHISTORY_OR/Page_CURA Healthcare Service/td_31' is clicked on

31-01-2024T19:58:33 - [MESSAGE][PASSED] - Object: 'Object Repository/Cura_Pages/CURA_MAKEAPPOINTMENT_OR/CURA_CHECKHISTORY_OR/Page_CURA Healthcare Service/td_31' is clicked on

31-01-2024T19:58:33 - [TEST_STEP][PASSED] - setText(findTestObject("Object Repository/Cura_Pages/CURA_MAKEAPPOINTMENT_OR/CURA_CHECKHISTORY_OR/Page_CURA Healthcare Service/textarea_comment"), "cvsgsvagv"): Text 'cvsgsvagv' is set on object 'Object Repository/Cura_Pages/CURA_MAKEAPPOINTMENT_OR/CURA_CHECKHISTORY_OR/Page_CURA Healthcare Service/textarea_comment'

31-01-2024T19:58:34 - [MESSAGE][PASSED] - Text 'cvsgsvagv' is set on object 'Object Repository/Cura_Pages/CURA_MAKEAPPOINTMENT_OR/CURA_CHECKHISTORY_OR/Page_CURA Healthcare Service/textarea_comment'

31-01-2024T19:58:34 - [TEST_STEP][PASSED] - click(findTestObject("Object Repository/Cura_Pages/CURA_MAKEAPPOINTMENT_OR/CURA_CHECKHISTORY_OR/Page_CURA Healthcare Service/button_Book Appointment")): Object: 'Object Repository/Cura_Pages/CURA_MAKEAPPOINTMENT_OR/CURA_CHECKHISTORY_OR/Page_CURA Healthcare Service/button_Book Appointment' is clicked on

31-01-2024T19:58:35 - [MESSAGE][PASSED] - Object: 'Object Repository/Cura_Pages/CURA_MAKEAPPOINTMENT_OR/CURA_CHECKHISTORY_OR/Page_CURA Healthcare Service/button_Book Appointment' is clicked on

31-01-2024T19:58:35 - [TEST_STEP][PASSED] - click(findTestObject("Object Repository/Cura_Pages/CURA_MAKEAPPOINTMENT_OR/CURA_CHECKHISTORY_OR/Page_CURA Healthcare Service/div_Hongkong CURA Healthcare Center")): Object: 'Object Repository/Cura_Pages/CURA_MAKEAPPOINTMENT_OR/CURA_CHECKHISTORY_OR/Page_CURA Healthcare Service/div_Hongkong CURA Healthcare Center' is clicked on

31-01-2024T19:58:35 - [MESSAGE][PASSED] - Object: 'Object Repository/Cura_Pages/CURA_MAKEAPPOINTMENT_OR/CURA_CHECKHISTORY_OR/Page_CURA Healthcare Service/div_Hongkong CURA Healthcare Center' is clicked on

31-01-2024T19:58:35 - [TEST_STEP][PASSED] - click(findTestObject("Object Repository/Cura_Pages/CURA_MAKEAPPOINTMENT_OR/CURA_CHECKHISTORY_OR/Page_CURA Healthcare Service/i_fa fa-bars")): Object: 'Object Repository/Cura_Pages/CURA_MAKEAPPOINTMENT_OR/CURA_CHECKHISTORY_OR/Page_CURA Healthcare Service/i_fa fa-bars' is clicked on

31-01-2024T19:58:36 - [MESSAGE][PASSED] - Object: 'Object Repository/Cura_Pages/CURA_MAKEAPPOINTMENT_OR/CURA_CHECKHISTORY_OR/Page_CURA Healthcare Service/i_fa fa-bars' is clicked on

31-01-2024T19:58:36 - [TEST_STEP][PASSED] - click(findTestObject("Object Repository/Cura_Pages/CURA_MAKEAPPOINTMENT_OR/CURA_CHECKHISTORY_OR/Page_CURA Healthcare Service/a_History")): Object: 'Object Repository/Cura_Pages/CURA_MAKEAPPOINTMENT_OR/CURA_CHECKHISTORY_OR/Page_CURA Healthcare Service/a_History' is clicked on

31-01-2024T19:58:37 - [MESSAGE][PASSED] - Object: 'Object Repository/Cura_Pages/CURA_MAKEAPPOINTMENT_OR/CURA_CHECKHISTORY_OR/Page_CURA Healthcare Service/a_History' is clicked on

31-01-2024T19:58:37 - [TEST_STEP][PASSED] - verifyElementPresent(findTestObject("Object Repository/Cura_Pages/CURA_MAKEAPPOINTMENT_OR/CURA_CHECKHISTORY_OR/Page_CURA Healthcare Service/h2_History"), 0): Object 'Object Repository/Cura_Pages/CURA_MAKEAPPOINTMENT_OR/CURA_CHECKHISTORY_OR/Page_CURA Healthcare Service/h2_History' is present

31-01-2024T19:58:38 - [MESSAGE][WARNING] - Timeout '0' is invalid. Using default page load timeout: '30'

31-01-2024T19:58:38 - [MESSAGE][PASSED] - Object 'Object Repository/Cura_Pages/CURA_MAKEAPPOINTMENT_OR/CURA_CHECKHISTORY_OR/Page_CURA Healthcare Service/h2_History' is present

31-01-2024T19:58:38 - [TEST_STEP][PASSED] - verifyElementNotPresent(findTestObject("Object Repository/Cura_Pages/CURA_MAKEAPPOINTMENT_OR/CURA_CHECKHISTORY_OR/Page_CURA Healthcare Service/p_No appointment"), 0): Web element with id: 'Object Repository/Cura_Pages/CURA_MAKEAPPOINTMENT_OR/CURA_CHECKHISTORY_OR/Page_CURA Healthcare Service/p_No appointment' located by 'By.xpath: //section[@id='history']/div/div/div/p' is not present after '30' second(s)

31-01-2024T19:58:39 - [MESSAGE][WARNING] - Timeout '0' is invalid. Using default page load timeout: '30'

31-01-2024T19:58:39 - [MESSAGE][PASSED] - Web element with id: 'Object Repository/Cura_Pages/CURA_MAKEAPPOINTMENT_OR/CURA_CHECKHISTORY_OR/Page_CURA Healthcare Service/p_No appointment' located by 'By.xpath: //section[@id='history']/div/div/div/p' is not present after '30' second(s)

31-01-2024T19:58:39 - [TEST_STEP][PASSED] - delay(2): Delayed 2 second(s)

31-01-2024T19:58:41 - [MESSAGE][PASSED] - Delayed 2 second(s)

31-01-2024T19:58:41 - [TEST_STEP][PASSED] - Start tear down : tearDownTestCase: Method 'tearDownTestCase' complete successfully

31-01-2024T19:58:41 - [TEST_STEP][PASSED] - delay(1): Delayed 1 second(s)

31-01-2024T19:58:42 - [MESSAGE][PASSED] - Delayed 1 second(s)

31-01-2024T19:58:42 - [MESSAGE][PASSED] - Method 'tearDownTestCase' complete successfully

31-01-2024T19:58:42 - [TEST_STEP][PASSED] - Start listener action : sampleAfterTestCase: null

31-01-2024T19:58:42 - [TEST_STEP][PASSED] - println(testCaseContext.getTestCaseId()): null

31-01-2024T19:58:42 - [TEST_STEP][PASSED] - println(testCaseContext.getTestCaseStatus()): null]]></system-out>
         <system-err><![CDATA[]]></system-err>
      </testcase>
      <testcase name="Test Cases/TC_CURA_MAKEAPPOINTMENT/CURA_MAKEAPPIONTMENT_PROFILE" time="4.712" classname="Test Cases/TC_CURA_MAKEAPPOINTMENT/CURA_MAKEAPPIONTMENT_PROFILE" status="PASSED">
         <system-out><![CDATA[31-01-2024T19:58:42 - [TEST_CASE][PASSED] - Test Cases/TC_CURA_MAKEAPPOINTMENT/CURA_MAKEAPPIONTMENT_PROFILE: Test Cases/TC_CURA_MAKEAPPOINTMENT/CURA_MAKEAPPIONTMENT_PROFILE

31-01-2024T19:58:43 - [TEST_STEP][PASSED] - Start listener action : sampleBeforeTestCase: Actual text 'CURA Healthcare Service' and expected text 'CURA Healthcare Service' are matched  using regular expression

31-01-2024T19:58:43 - [TEST_STEP][PASSED] - println(testCaseContext.getTestCaseId()): null

31-01-2024T19:58:43 - [TEST_STEP][PASSED] - println(testCaseContext.getTestCaseVariables()): null

31-01-2024T19:58:43 - [TEST_STEP][PASSED] - verifyMatch(getWindowTitle(), "CURA Healthcare Service", true): Actual text 'CURA Healthcare Service' and expected text 'CURA Healthcare Service' are matched  using regular expression

31-01-2024T19:58:43 - [MESSAGE][PASSED] - Current window's title is: 'CURA Healthcare Service'

31-01-2024T19:58:43 - [MESSAGE][PASSED] - Actual text 'CURA Healthcare Service' and expected text 'CURA Healthcare Service' are matched  using regular expression

31-01-2024T19:58:43 - [TEST_STEP][PASSED] - click(findTestObject("Object Repository/Cura_Pages/CURA_MAKEAPPOINTMENT_OR/CURA_PROFILE_OR/Page_CURA Healthcare Service/amenu-toggle")): Object: 'Object Repository/Cura_Pages/CURA_MAKEAPPOINTMENT_OR/CURA_PROFILE_OR/Page_CURA Healthcare Service/amenu-toggle' is clicked on

31-01-2024T19:58:44 - [MESSAGE][PASSED] - Object: 'Object Repository/Cura_Pages/CURA_MAKEAPPOINTMENT_OR/CURA_PROFILE_OR/Page_CURA Healthcare Service/amenu-toggle' is clicked on

31-01-2024T19:58:44 - [TEST_STEP][PASSED] - click(findTestObject("Object Repository/Cura_Pages/CURA_MAKEAPPOINTMENT_OR/CURA_PROFILE_OR/Page_CURA Healthcare Service/a_Profile")): Object: 'Object Repository/Cura_Pages/CURA_MAKEAPPOINTMENT_OR/CURA_PROFILE_OR/Page_CURA Healthcare Service/a_Profile' is clicked on

31-01-2024T19:58:45 - [MESSAGE][PASSED] - Object: 'Object Repository/Cura_Pages/CURA_MAKEAPPOINTMENT_OR/CURA_PROFILE_OR/Page_CURA Healthcare Service/a_Profile' is clicked on

31-01-2024T19:58:45 - [TEST_STEP][PASSED] - verifyElementPresent(findTestObject("Object Repository/Cura_Pages/CURA_MAKEAPPOINTMENT_OR/CURA_PROFILE_OR/Page_CURA Healthcare Service/p_Under construction"), 0): Object 'Object Repository/Cura_Pages/CURA_MAKEAPPOINTMENT_OR/CURA_PROFILE_OR/Page_CURA Healthcare Service/p_Under construction' is present

31-01-2024T19:58:45 - [MESSAGE][WARNING] - Timeout '0' is invalid. Using default page load timeout: '30'

31-01-2024T19:58:45 - [MESSAGE][PASSED] - Object 'Object Repository/Cura_Pages/CURA_MAKEAPPOINTMENT_OR/CURA_PROFILE_OR/Page_CURA Healthcare Service/p_Under construction' is present

31-01-2024T19:58:45 - [TEST_STEP][PASSED] - verifyElementText(findTestObject("Object Repository/Cura_Pages/CURA_MAKEAPPOINTMENT_OR/CURA_PROFILE_OR/Page_CURA Healthcare Service/h2_Profile"), "Profile"): Actual text and expected text of test object 'Object Repository/Cura_Pages/CURA_MAKEAPPOINTMENT_OR/CURA_PROFILE_OR/Page_CURA Healthcare Service/h2_Profile' are matched.

31-01-2024T19:58:46 - [MESSAGE][PASSED] - Actual text and expected text of test object 'Object Repository/Cura_Pages/CURA_MAKEAPPOINTMENT_OR/CURA_PROFILE_OR/Page_CURA Healthcare Service/h2_Profile' are matched.

31-01-2024T19:58:46 - [TEST_STEP][PASSED] - verifyElementClickable(findTestObject("Object Repository/Cura_Pages/CURA_MAKEAPPOINTMENT_OR/CURA_PROFILE_OR/Page_CURA Healthcare Service/p_Logout")): Object 'Object Repository/Cura_Pages/CURA_MAKEAPPOINTMENT_OR/CURA_PROFILE_OR/Page_CURA Healthcare Service/p_Logout' is clickable

31-01-2024T19:58:46 - [MESSAGE][PASSED] - Object 'Object Repository/Cura_Pages/CURA_MAKEAPPOINTMENT_OR/CURA_PROFILE_OR/Page_CURA Healthcare Service/p_Logout' is clickable

31-01-2024T19:58:46 - [TEST_STEP][PASSED] - Start tear down : tearDownTestCase: Method 'tearDownTestCase' complete successfully

31-01-2024T19:58:46 - [TEST_STEP][PASSED] - delay(1): Delayed 1 second(s)

31-01-2024T19:58:47 - [MESSAGE][PASSED] - Delayed 1 second(s)

31-01-2024T19:58:47 - [MESSAGE][PASSED] - Method 'tearDownTestCase' complete successfully

31-01-2024T19:58:47 - [TEST_STEP][PASSED] - Start listener action : sampleAfterTestCase: null

31-01-2024T19:58:47 - [TEST_STEP][PASSED] - println(testCaseContext.getTestCaseId()): null

31-01-2024T19:58:47 - [TEST_STEP][PASSED] - println(testCaseContext.getTestCaseStatus()): null]]></system-out>
         <system-err><![CDATA[]]></system-err>
      </testcase>
      <testcase name="Test Cases/TC_CURA_MAKEAPPOINTMENT/CURA_MAKEAPPOINTMENT_FOOTER" time="7.299" classname="Test Cases/TC_CURA_MAKEAPPOINTMENT/CURA_MAKEAPPOINTMENT_FOOTER" status="PASSED">
         <system-out><![CDATA[31-01-2024T19:58:47 - [TEST_CASE][PASSED] - Test Cases/TC_CURA_MAKEAPPOINTMENT/CURA_MAKEAPPOINTMENT_FOOTER: Test Cases/TC_CURA_MAKEAPPOINTMENT/CURA_MAKEAPPOINTMENT_FOOTER

31-01-2024T19:58:47 - [TEST_STEP][PASSED] - Start listener action : sampleBeforeTestCase: Actual text 'CURA Healthcare Service' and expected text 'CURA Healthcare Service' are matched  using regular expression

31-01-2024T19:58:47 - [TEST_STEP][PASSED] - println(testCaseContext.getTestCaseId()): null

31-01-2024T19:58:47 - [TEST_STEP][PASSED] - println(testCaseContext.getTestCaseVariables()): null

31-01-2024T19:58:47 - [TEST_STEP][PASSED] - verifyMatch(getWindowTitle(), "CURA Healthcare Service", true): Actual text 'CURA Healthcare Service' and expected text 'CURA Healthcare Service' are matched  using regular expression

31-01-2024T19:58:47 - [MESSAGE][PASSED] - Current window's title is: 'CURA Healthcare Service'

31-01-2024T19:58:47 - [MESSAGE][PASSED] - Actual text 'CURA Healthcare Service' and expected text 'CURA Healthcare Service' are matched  using regular expression

31-01-2024T19:58:48 - [TEST_STEP][PASSED] - click(findTestObject("Cura_Pages/CURA_MAKEAPPOINTMENT_OR/CURA_FOOTER_OR/Page_CURA Healthcare Service/amenu-toggle")): Object: 'Object Repository/Cura_Pages/CURA_MAKEAPPOINTMENT_OR/CURA_FOOTER_OR/Page_CURA Healthcare Service/amenu-toggle' is clicked on

31-01-2024T19:58:49 - [MESSAGE][PASSED] - Object: 'Object Repository/Cura_Pages/CURA_MAKEAPPOINTMENT_OR/CURA_FOOTER_OR/Page_CURA Healthcare Service/amenu-toggle' is clicked on

31-01-2024T19:58:49 - [TEST_STEP][PASSED] - click(findTestObject("Cura_Pages/CURA_MAKEAPPOINTMENT_OR/CURA_FOOTER_OR/Page_CURA Healthcare Service/a_Home")): Object: 'Object Repository/Cura_Pages/CURA_MAKEAPPOINTMENT_OR/CURA_FOOTER_OR/Page_CURA Healthcare Service/a_Home' is clicked on

31-01-2024T19:58:50 - [MESSAGE][PASSED] - Object: 'Object Repository/Cura_Pages/CURA_MAKEAPPOINTMENT_OR/CURA_FOOTER_OR/Page_CURA Healthcare Service/a_Home' is clicked on

31-01-2024T19:58:50 - [TEST_STEP][PASSED] - verifyElementPresent(findTestObject("Object Repository/Cura_Pages/CURA_MAKEAPPOINTMENT_OR/CURA_FOOTER_OR/Page_CURA Healthcare Service/footer_CURA Healthcare Service             _54f5c2"), 0): Object 'Object Repository/Cura_Pages/CURA_MAKEAPPOINTMENT_OR/CURA_FOOTER_OR/Page_CURA Healthcare Service/footer_CURA Healthcare Service             _54f5c2' is present

31-01-2024T19:58:50 - [MESSAGE][WARNING] - Timeout '0' is invalid. Using default page load timeout: '30'

31-01-2024T19:58:50 - [MESSAGE][PASSED] - Object 'Object Repository/Cura_Pages/CURA_MAKEAPPOINTMENT_OR/CURA_FOOTER_OR/Page_CURA Healthcare Service/footer_CURA Healthcare Service             _54f5c2' is present

31-01-2024T19:58:50 - [TEST_STEP][PASSED] - verifyElementPresent(findTestObject("Object Repository/Cura_Pages/CURA_MAKEAPPOINTMENT_OR/CURA_FOOTER_OR/Page_CURA Healthcare Service/p_Atlanta 550 Pharr Road NE Suite 525Atlant_8f4c85"), 0): Object 'Object Repository/Cura_Pages/CURA_MAKEAPPOINTMENT_OR/CURA_FOOTER_OR/Page_CURA Healthcare Service/p_Atlanta 550 Pharr Road NE Suite 525Atlant_8f4c85' is present

31-01-2024T19:58:50 - [MESSAGE][WARNING] - Timeout '0' is invalid. Using default page load timeout: '30'

31-01-2024T19:58:50 - [MESSAGE][PASSED] - Object 'Object Repository/Cura_Pages/CURA_MAKEAPPOINTMENT_OR/CURA_FOOTER_OR/Page_CURA Healthcare Service/p_Atlanta 550 Pharr Road NE Suite 525Atlant_8f4c85' is present

31-01-2024T19:58:50 - [TEST_STEP][PASSED] - verifyElementText(findTestObject("Object Repository/Cura_Pages/CURA_MAKEAPPOINTMENT_OR/CURA_FOOTER_OR/Page_CURA Healthcare Service/li_(678) 813-1KMS"), "(678) 813-1KMS"): Actual text and expected text of test object 'Object Repository/Cura_Pages/CURA_MAKEAPPOINTMENT_OR/CURA_FOOTER_OR/Page_CURA Healthcare Service/li_(678) 813-1KMS' are matched.

31-01-2024T19:58:51 - [MESSAGE][PASSED] - Actual text and expected text of test object 'Object Repository/Cura_Pages/CURA_MAKEAPPOINTMENT_OR/CURA_FOOTER_OR/Page_CURA Healthcare Service/li_(678) 813-1KMS' are matched.

31-01-2024T19:58:51 - [TEST_STEP][PASSED] - verifyElementPresent(findTestObject("Object Repository/Cura_Pages/CURA_MAKEAPPOINTMENT_OR/CURA_FOOTER_OR/Page_CURA Healthcare Service/i_fa fa-envelope-o fa-fw"), 0): Object 'Object Repository/Cura_Pages/CURA_MAKEAPPOINTMENT_OR/CURA_FOOTER_OR/Page_CURA Healthcare Service/i_fa fa-envelope-o fa-fw' is present

31-01-2024T19:58:51 - [MESSAGE][WARNING] - Timeout '0' is invalid. Using default page load timeout: '30'

31-01-2024T19:58:51 - [MESSAGE][PASSED] - Object 'Object Repository/Cura_Pages/CURA_MAKEAPPOINTMENT_OR/CURA_FOOTER_OR/Page_CURA Healthcare Service/i_fa fa-envelope-o fa-fw' is present

31-01-2024T19:58:51 - [TEST_STEP][PASSED] - verifyElementClickable(findTestObject("Object Repository/Cura_Pages/CURA_MAKEAPPOINTMENT_OR/CURA_FOOTER_OR/Page_CURA Healthcare Service/i_fa fa-facebook fa-fw fa-3x")): Object 'Object Repository/Cura_Pages/CURA_MAKEAPPOINTMENT_OR/CURA_FOOTER_OR/Page_CURA Healthcare Service/i_fa fa-facebook fa-fw fa-3x' is clickable

31-01-2024T19:58:52 - [MESSAGE][PASSED] - Object 'Object Repository/Cura_Pages/CURA_MAKEAPPOINTMENT_OR/CURA_FOOTER_OR/Page_CURA Healthcare Service/i_fa fa-facebook fa-fw fa-3x' is clickable

31-01-2024T19:58:52 - [TEST_STEP][PASSED] - verifyElementClickable(findTestObject("Object Repository/Cura_Pages/CURA_MAKEAPPOINTMENT_OR/CURA_FOOTER_OR/Page_CURA Healthcare Service/i_fa fa-twitter fa-fw fa-3x")): Object 'Object Repository/Cura_Pages/CURA_MAKEAPPOINTMENT_OR/CURA_FOOTER_OR/Page_CURA Healthcare Service/i_fa fa-twitter fa-fw fa-3x' is clickable

31-01-2024T19:58:52 - [MESSAGE][PASSED] - Object 'Object Repository/Cura_Pages/CURA_MAKEAPPOINTMENT_OR/CURA_FOOTER_OR/Page_CURA Healthcare Service/i_fa fa-twitter fa-fw fa-3x' is clickable

31-01-2024T19:58:52 - [TEST_STEP][PASSED] - verifyElementClickable(findTestObject("Object Repository/Cura_Pages/CURA_MAKEAPPOINTMENT_OR/CURA_FOOTER_OR/Page_CURA Healthcare Service/i_fa fa-dribbble fa-fw fa-3x")): Object 'Object Repository/Cura_Pages/CURA_MAKEAPPOINTMENT_OR/CURA_FOOTER_OR/Page_CURA Healthcare Service/i_fa fa-dribbble fa-fw fa-3x' is clickable

31-01-2024T19:58:53 - [MESSAGE][PASSED] - Object 'Object Repository/Cura_Pages/CURA_MAKEAPPOINTMENT_OR/CURA_FOOTER_OR/Page_CURA Healthcare Service/i_fa fa-dribbble fa-fw fa-3x' is clickable

31-01-2024T19:58:53 - [TEST_STEP][PASSED] - verifyElementText(findTestObject("Object Repository/Cura_Pages/CURA_MAKEAPPOINTMENT_OR/CURA_FOOTER_OR/Page_CURA Healthcare Service/p_Copyright  CURA Healthcare Service 2024"), "Copyright © CURA Healthcare Service 2024"): Actual text and expected text of test object 'Object Repository/Cura_Pages/CURA_MAKEAPPOINTMENT_OR/CURA_FOOTER_OR/Page_CURA Healthcare Service/p_Copyright  CURA Healthcare Service 2024' are matched.

31-01-2024T19:58:53 - [MESSAGE][PASSED] - Actual text and expected text of test object 'Object Repository/Cura_Pages/CURA_MAKEAPPOINTMENT_OR/CURA_FOOTER_OR/Page_CURA Healthcare Service/p_Copyright  CURA Healthcare Service 2024' are matched.

31-01-2024T19:58:53 - [TEST_STEP][PASSED] - verifyElementClickable(findTestObject("Object Repository/Cura_Pages/CURA_MAKEAPPOINTMENT_OR/CURA_FOOTER_OR/Page_CURA Healthcare Service/a_infokatalon.com")): Object 'Object Repository/Cura_Pages/CURA_MAKEAPPOINTMENT_OR/CURA_FOOTER_OR/Page_CURA Healthcare Service/a_infokatalon.com' is clickable

31-01-2024T19:58:53 - [MESSAGE][PASSED] - Object 'Object Repository/Cura_Pages/CURA_MAKEAPPOINTMENT_OR/CURA_FOOTER_OR/Page_CURA Healthcare Service/a_infokatalon.com' is clickable

31-01-2024T19:58:53 - [TEST_STEP][PASSED] - Start tear down : tearDownTestCase: Method 'tearDownTestCase' complete successfully

31-01-2024T19:58:53 - [TEST_STEP][PASSED] - delay(1): Delayed 1 second(s)

31-01-2024T19:58:54 - [MESSAGE][PASSED] - Delayed 1 second(s)

31-01-2024T19:58:54 - [MESSAGE][PASSED] - Method 'tearDownTestCase' complete successfully

31-01-2024T19:58:54 - [TEST_STEP][PASSED] - Start listener action : sampleAfterTestCase: null

31-01-2024T19:58:54 - [TEST_STEP][PASSED] - println(testCaseContext.getTestCaseId()): null

31-01-2024T19:58:54 - [TEST_STEP][PASSED] - println(testCaseContext.getTestCaseStatus()): null]]></system-out>
         <system-err><![CDATA[]]></system-err>
      </testcase>
      <testcase name="Test Cases/TC_CURA_MAKEAPPOINTMENT/CURA_MAKEAPPOINTMENT_LOGOUT" time="5.249" classname="Test Cases/TC_CURA_MAKEAPPOINTMENT/CURA_MAKEAPPOINTMENT_LOGOUT" status="PASSED">
         <system-out><![CDATA[31-01-2024T19:58:54 - [TEST_CASE][PASSED] - Test Cases/TC_CURA_MAKEAPPOINTMENT/CURA_MAKEAPPOINTMENT_LOGOUT: Test Cases/TC_CURA_MAKEAPPOINTMENT/CURA_MAKEAPPOINTMENT_LOGOUT

31-01-2024T19:58:54 - [TEST_STEP][PASSED] - Start listener action : sampleBeforeTestCase: Actual text 'CURA Healthcare Service' and expected text 'CURA Healthcare Service' are matched  using regular expression

31-01-2024T19:58:54 - [TEST_STEP][PASSED] - println(testCaseContext.getTestCaseId()): null

31-01-2024T19:58:54 - [TEST_STEP][PASSED] - println(testCaseContext.getTestCaseVariables()): null

31-01-2024T19:58:54 - [TEST_STEP][PASSED] - verifyMatch(getWindowTitle(), "CURA Healthcare Service", true): Actual text 'CURA Healthcare Service' and expected text 'CURA Healthcare Service' are matched  using regular expression

31-01-2024T19:58:54 - [MESSAGE][PASSED] - Current window's title is: 'CURA Healthcare Service'

31-01-2024T19:58:54 - [MESSAGE][PASSED] - Actual text 'CURA Healthcare Service' and expected text 'CURA Healthcare Service' are matched  using regular expression

31-01-2024T19:58:55 - [TEST_STEP][PASSED] - click(findTestObject("Object Repository/Cura_Pages/CURA_MAKEAPPOINTMENT_OR/CURA_LOGOUT_OR/Page_CURA Healthcare Service/amenu-toggle")): Object: 'Object Repository/Cura_Pages/CURA_MAKEAPPOINTMENT_OR/CURA_LOGOUT_OR/Page_CURA Healthcare Service/amenu-toggle' is clicked on

31-01-2024T19:58:55 - [MESSAGE][PASSED] - Object: 'Object Repository/Cura_Pages/CURA_MAKEAPPOINTMENT_OR/CURA_LOGOUT_OR/Page_CURA Healthcare Service/amenu-toggle' is clicked on

31-01-2024T19:58:55 - [TEST_STEP][PASSED] - verifyElementClickable(findTestObject("Object Repository/Cura_Pages/CURA_MAKEAPPOINTMENT_OR/CURA_LOGOUT_OR/Page_CURA Healthcare Service/a_CURA Healthcare")): Object 'Object Repository/Cura_Pages/CURA_MAKEAPPOINTMENT_OR/CURA_LOGOUT_OR/Page_CURA Healthcare Service/a_CURA Healthcare' is clickable

31-01-2024T19:58:56 - [MESSAGE][PASSED] - Object 'Object Repository/Cura_Pages/CURA_MAKEAPPOINTMENT_OR/CURA_LOGOUT_OR/Page_CURA Healthcare Service/a_CURA Healthcare' is clickable

31-01-2024T19:58:56 - [TEST_STEP][PASSED] - click(findTestObject("Object Repository/Cura_Pages/CURA_MAKEAPPOINTMENT_OR/CURA_LOGOUT_OR/Page_CURA Healthcare Service/a_Logout")): Object: 'Object Repository/Cura_Pages/CURA_MAKEAPPOINTMENT_OR/CURA_LOGOUT_OR/Page_CURA Healthcare Service/a_Logout' is clicked on

31-01-2024T19:58:57 - [MESSAGE][PASSED] - Object: 'Object Repository/Cura_Pages/CURA_MAKEAPPOINTMENT_OR/CURA_LOGOUT_OR/Page_CURA Healthcare Service/a_Logout' is clicked on

31-01-2024T19:58:57 - [TEST_STEP][PASSED] - click(findTestObject("Object Repository/Cura_Pages/CURA_MAKEAPPOINTMENT_OR/CURA_LOGOUT_OR/Page_CURA Healthcare Service/amenu-toggle")): Object: 'Object Repository/Cura_Pages/CURA_MAKEAPPOINTMENT_OR/CURA_LOGOUT_OR/Page_CURA Healthcare Service/amenu-toggle' is clicked on

31-01-2024T19:58:58 - [MESSAGE][PASSED] - Object: 'Object Repository/Cura_Pages/CURA_MAKEAPPOINTMENT_OR/CURA_LOGOUT_OR/Page_CURA Healthcare Service/amenu-toggle' is clicked on

31-01-2024T19:58:58 - [TEST_STEP][PASSED] - verifyElementPresent(findTestObject("Object Repository/Cura_Pages/CURA_MAKEAPPOINTMENT_OR/CURA_LOGOUT_OR/Page_CURA Healthcare Service/a_Login"), 0): Object 'Object Repository/Cura_Pages/CURA_MAKEAPPOINTMENT_OR/CURA_LOGOUT_OR/Page_CURA Healthcare Service/a_Login' is present

31-01-2024T19:58:58 - [MESSAGE][WARNING] - Timeout '0' is invalid. Using default page load timeout: '30'

31-01-2024T19:58:58 - [MESSAGE][PASSED] - Object 'Object Repository/Cura_Pages/CURA_MAKEAPPOINTMENT_OR/CURA_LOGOUT_OR/Page_CURA Healthcare Service/a_Login' is present

31-01-2024T19:58:58 - [TEST_STEP][PASSED] - verifyElementVisible(findTestObject("Object Repository/Cura_Pages/CURA_MAKEAPPOINTMENT_OR/CURA_LOGOUT_OR/Page_CURA Healthcare Service/div_CURA Healthcare Service        We Care _b17f12")): Object 'Object Repository/Cura_Pages/CURA_MAKEAPPOINTMENT_OR/CURA_LOGOUT_OR/Page_CURA Healthcare Service/div_CURA Healthcare Service        We Care _b17f12' is visible

31-01-2024T19:58:59 - [MESSAGE][PASSED] - Object 'Object Repository/Cura_Pages/CURA_MAKEAPPOINTMENT_OR/CURA_LOGOUT_OR/Page_CURA Healthcare Service/div_CURA Healthcare Service        We Care _b17f12' is visible

31-01-2024T19:58:59 - [TEST_STEP][PASSED] - Start tear down : tearDownTestCase: Method 'tearDownTestCase' complete successfully

31-01-2024T19:58:59 - [TEST_STEP][PASSED] - delay(1): Delayed 1 second(s)

31-01-2024T19:59:00 - [MESSAGE][PASSED] - Delayed 1 second(s)

31-01-2024T19:59:00 - [MESSAGE][PASSED] - Method 'tearDownTestCase' complete successfully

31-01-2024T19:59:00 - [TEST_STEP][PASSED] - Start listener action : sampleAfterTestCase: null

31-01-2024T19:59:00 - [TEST_STEP][PASSED] - println(testCaseContext.getTestCaseId()): null

31-01-2024T19:59:00 - [TEST_STEP][PASSED] - println(testCaseContext.getTestCaseStatus()): null]]></system-out>
         <system-err><![CDATA[]]></system-err>
      </testcase>
      <system-out><![CDATA[31-01-2024T19:56:53 - [TEST_SUITE][PASSED] - CURA_MAKEAPPOINTMENT_TESTSUITE: Test Cases/TC_CURA_MAKEAPPOINTMENT/CURA_MAKEAPPOINTMENT_LOGOUT]]></system-out>
      <system-err><![CDATA[]]></system-err>
   </testsuite>
</testsuites>
