<?xml version="1.0" encoding="UTF-8"?>
<testsuites name="CURA_HOME_TESTSUITE" time="44.159" tests="2" failures="0" errors="0">
   <testsuite name="CURA_HOME_TESTSUITE" tests="2" failures="0" errors="0" time="44.159" skipped="0" timestamp="02-02-2024T18:50:14" hostname="hp - LAPTOP-F3RG2V3G" id="Test Suites/CURA_HOME_TESTSUITE/CURA_HOME_TESTSUITE">
      <properties>
         <property name="deviceName" value=""/>
         <property name="devicePlatform" value=""/>
         <property name="logFolder" value="C:\\Users\\hp\\Katalon Studio\\CURA_HEALTHCARE_SERVICE\\Reports\\20240202_184946\\CURA_HOME_TESTSUITE\\CURA_HOME_TESTSUITE\\20240202_184948"/>
         <property name="logFiles" value="C:\\Users\\hp\\Katalon Studio\\CURA_HEALTHCARE_SERVICE\\Reports\\20240202_184946\\CURA_HOME_TESTSUITE\\CURA_HOME_TESTSUITE\\20240202_184948\\execution0.log"/>
         <property name="attachments" value=""/>
         <property name="hostName" value="hp - LAPTOP-F3RG2V3G"/>
         <property name="os" value="Windows 10 64bit"/>
         <property name="katalonVersion" value="9.1.0.212"/>
         <property name="browser" value="Chrome 120.0.0.0"/>
         <property name="hostAddress" value="192.168.1.10"/>
         <property name="sessionId" value="8a72599e6fc9be7271313a977f22e7e7"/>
         <property name="seleniumVersion" value="3.141.59"/>
         <property name="proxyInformation" value="ProxyInformation { proxyOption=NO_PROXY, proxyServerType=HTTP, username=, password=********, proxyServerAddress=, proxyServerPort=0, executionList=&quot;&quot;, isApplyToDesiredCapabilities=true }"/>
         <property name="platform" value="Windows 10"/>
      </properties>
      <testcase name="Test Cases/TC_CURA_HOME/CURA_HOME_VERIFYHOMEPAGETEXT" time="16.058" classname="Test Cases/TC_CURA_HOME/CURA_HOME_VERIFYHOMEPAGETEXT" status="PASSED">
         <system-out><![CDATA[02-02-2024T18:50:34 - [TEST_CASE][PASSED] - Test Cases/TC_CURA_HOME/CURA_HOME_VERIFYHOMEPAGETEXT: Test Cases/TC_CURA_HOME/CURA_HOME_VERIFYHOMEPAGETEXT

02-02-2024T18:50:34 - [TEST_STEP][PASSED] - Start listener action : sampleBeforeTestCase: Actual text 'CURA Healthcare Service' and expected text 'CURA Healthcare Service' are matched  using regular expression

02-02-2024T18:50:34 - [TEST_STEP][PASSED] - println(testCaseContext.getTestCaseId()): null

02-02-2024T18:50:34 - [TEST_STEP][PASSED] - println(testCaseContext.getTestCaseVariables()): null

02-02-2024T18:50:34 - [TEST_STEP][PASSED] - verifyMatch(getWindowTitle(), "CURA Healthcare Service", true): Actual text 'CURA Healthcare Service' and expected text 'CURA Healthcare Service' are matched  using regular expression

02-02-2024T18:50:34 - [MESSAGE][PASSED] - Current window's title is: 'CURA Healthcare Service'

02-02-2024T18:50:35 - [MESSAGE][PASSED] - Actual text 'CURA Healthcare Service' and expected text 'CURA Healthcare Service' are matched  using regular expression

02-02-2024T18:50:35 - [TEST_STEP][PASSED] - verifyElementPresent(findTestObject("Object Repository/Cura_Pages/CURA_HOME_OR/CURA_HOME_VERIFYHOMEPAGETEXT_OR/Page_CURA Healthcare Service/h1_CURA Healthcare Service"), 0): Object 'Object Repository/Cura_Pages/CURA_HOME_OR/CURA_HOME_VERIFYHOMEPAGETEXT_OR/Page_CURA Healthcare Service/h1_CURA Healthcare Service' is present

02-02-2024T18:50:35 - [MESSAGE][WARNING] - Timeout '0' is invalid. Using default page load timeout: '30'

02-02-2024T18:50:36 - [MESSAGE][PASSED] - Object 'Object Repository/Cura_Pages/CURA_HOME_OR/CURA_HOME_VERIFYHOMEPAGETEXT_OR/Page_CURA Healthcare Service/h1_CURA Healthcare Service' is present

02-02-2024T18:50:36 - [TEST_STEP][PASSED] - verifyElementPresent(findTestObject("Object Repository/Cura_Pages/CURA_HOME_OR/CURA_HOME_VERIFYHOMEPAGETEXT_OR/Page_CURA Healthcare Service/h3_We Care About Your Health"), 0): Object 'Object Repository/Cura_Pages/CURA_HOME_OR/CURA_HOME_VERIFYHOMEPAGETEXT_OR/Page_CURA Healthcare Service/h3_We Care About Your Health' is present

02-02-2024T18:50:36 - [MESSAGE][WARNING] - Timeout '0' is invalid. Using default page load timeout: '30'

02-02-2024T18:50:36 - [MESSAGE][PASSED] - Object 'Object Repository/Cura_Pages/CURA_HOME_OR/CURA_HOME_VERIFYHOMEPAGETEXT_OR/Page_CURA Healthcare Service/h3_We Care About Your Health' is present

02-02-2024T18:50:36 - [TEST_STEP][PASSED] - verifyElementPresent(findTestObject("Object Repository/Cura_Pages/CURA_HOME_OR/CURA_HOME_VERIFYHOMEPAGETEXT_OR/Page_CURA Healthcare Service/h4_CURA Healthcare Service"), 0): Object 'Object Repository/Cura_Pages/CURA_HOME_OR/CURA_HOME_VERIFYHOMEPAGETEXT_OR/Page_CURA Healthcare Service/h4_CURA Healthcare Service' is present

02-02-2024T18:50:36 - [MESSAGE][WARNING] - Timeout '0' is invalid. Using default page load timeout: '30'

02-02-2024T18:50:37 - [MESSAGE][PASSED] - Object 'Object Repository/Cura_Pages/CURA_HOME_OR/CURA_HOME_VERIFYHOMEPAGETEXT_OR/Page_CURA Healthcare Service/h4_CURA Healthcare Service' is present

02-02-2024T18:50:37 - [TEST_STEP][PASSED] - verifyElementPresent(findTestObject("Object Repository/Cura_Pages/CURA_HOME_OR/CURA_HOME_VERIFYHOMEPAGETEXT_OR/Page_CURA Healthcare Service/div_CURA Healthcare Service        We Care _b17f12"), 0): Object 'Object Repository/Cura_Pages/CURA_HOME_OR/CURA_HOME_VERIFYHOMEPAGETEXT_OR/Page_CURA Healthcare Service/div_CURA Healthcare Service        We Care _b17f12' is present

02-02-2024T18:50:37 - [MESSAGE][WARNING] - Timeout '0' is invalid. Using default page load timeout: '30'

02-02-2024T18:50:38 - [MESSAGE][PASSED] - Object 'Object Repository/Cura_Pages/CURA_HOME_OR/CURA_HOME_VERIFYHOMEPAGETEXT_OR/Page_CURA Healthcare Service/div_CURA Healthcare Service        We Care _b17f12' is present

02-02-2024T18:50:38 - [TEST_STEP][PASSED] - verifyAllLinksOnCurrentPageAccessible(false, []): All links on the page 'https://katalon-demo-cura.herokuapp.com/' are accessible

02-02-2024T18:50:39 - [MESSAGE][PASSED] - Found 4 unique links on the page https://katalon-demo-cura.herokuapp.com/

02-02-2024T18:50:45 - [MESSAGE][INFO] - HAR: C:\Users\hp\Katalon Studio\CURA_HEALTHCARE_SERVICE\Reports\20240202_184946\CURA_HOME_TESTSUITE\CURA_HOME_TESTSUITE\20240202_184948\requests\main\0.har

02-02-2024T18:50:45 - [MESSAGE][PASSED] - Send request successfully

02-02-2024T18:50:46 - [MESSAGE][INFO] - HAR: C:\Users\hp\Katalon Studio\CURA_HEALTHCARE_SERVICE\Reports\20240202_184946\CURA_HOME_TESTSUITE\CURA_HOME_TESTSUITE\20240202_184948\requests\main\1.har

02-02-2024T18:50:46 - [MESSAGE][PASSED] - Send request successfully

02-02-2024T18:50:47 - [MESSAGE][INFO] - HAR: C:\Users\hp\Katalon Studio\CURA_HEALTHCARE_SERVICE\Reports\20240202_184946\CURA_HOME_TESTSUITE\CURA_HOME_TESTSUITE\20240202_184948\requests\main\2.har

02-02-2024T18:50:47 - [MESSAGE][PASSED] - Send request successfully

02-02-2024T18:50:48 - [MESSAGE][INFO] - HAR: C:\Users\hp\Katalon Studio\CURA_HEALTHCARE_SERVICE\Reports\20240202_184946\CURA_HOME_TESTSUITE\CURA_HOME_TESTSUITE\20240202_184948\requests\main\3.har

02-02-2024T18:50:48 - [MESSAGE][PASSED] - Send request successfully

02-02-2024T18:50:48 - [MESSAGE][PASSED] - All links are accessible

02-02-2024T18:50:48 - [MESSAGE][PASSED] - All links on the page 'https://katalon-demo-cura.herokuapp.com/' are accessible

02-02-2024T18:50:48 - [TEST_STEP][PASSED] - delay(1): Delayed 1 second(s)

02-02-2024T18:50:50 - [MESSAGE][PASSED] - Delayed 1 second(s)

02-02-2024T18:50:50 - [TEST_STEP][PASSED] - Start listener action : sampleAfterTestCase: null

02-02-2024T18:50:50 - [TEST_STEP][PASSED] - println(testCaseContext.getTestCaseId()): null

02-02-2024T18:50:50 - [TEST_STEP][PASSED] - println(testCaseContext.getTestCaseStatus()): null]]></system-out>
         <system-err><![CDATA[]]></system-err>
      </testcase>
      <testcase name="Test Cases/TC_CURA_HOME/CURA_HOME_VALIDATEBUTTON" time="8.094" classname="Test Cases/TC_CURA_HOME/CURA_HOME_VALIDATEBUTTON" status="PASSED">
         <system-out><![CDATA[02-02-2024T18:50:50 - [TEST_CASE][PASSED] - Test Cases/TC_CURA_HOME/CURA_HOME_VALIDATEBUTTON: Test Cases/TC_CURA_HOME/CURA_HOME_VALIDATEBUTTON

02-02-2024T18:50:50 - [TEST_STEP][PASSED] - Start listener action : sampleBeforeTestCase: Actual text 'CURA Healthcare Service' and expected text 'CURA Healthcare Service' are matched  using regular expression

02-02-2024T18:50:50 - [TEST_STEP][PASSED] - println(testCaseContext.getTestCaseId()): null

02-02-2024T18:50:50 - [TEST_STEP][PASSED] - println(testCaseContext.getTestCaseVariables()): null

02-02-2024T18:50:50 - [TEST_STEP][PASSED] - verifyMatch(getWindowTitle(), "CURA Healthcare Service", true): Actual text 'CURA Healthcare Service' and expected text 'CURA Healthcare Service' are matched  using regular expression

02-02-2024T18:50:50 - [MESSAGE][PASSED] - Current window's title is: 'CURA Healthcare Service'

02-02-2024T18:50:50 - [MESSAGE][PASSED] - Actual text 'CURA Healthcare Service' and expected text 'CURA Healthcare Service' are matched  using regular expression

02-02-2024T18:50:50 - [TEST_STEP][PASSED] - click(findTestObject("Object Repository/Cura_Pages/CURA_HOME_OR/CURA_HOME_VALIDATEBUTTON_OR/Page_CURA Healthcare Service/a_Make Appointment")): Object: 'Object Repository/Cura_Pages/CURA_HOME_OR/CURA_HOME_VALIDATEBUTTON_OR/Page_CURA Healthcare Service/a_Make Appointment' is clicked on

02-02-2024T18:50:53 - [MESSAGE][PASSED] - Object: 'Object Repository/Cura_Pages/CURA_HOME_OR/CURA_HOME_VALIDATEBUTTON_OR/Page_CURA Healthcare Service/a_Make Appointment' is clicked on

02-02-2024T18:50:53 - [TEST_STEP][PASSED] - verifyElementPresent(findTestObject("Object Repository/Cura_Pages/CURA_HOME_OR/CURA_HOME_VALIDATEBUTTON_OR/Page_CURA Healthcare Service/p_Please login to make appointment"), 0): Object 'Object Repository/Cura_Pages/CURA_HOME_OR/CURA_HOME_VALIDATEBUTTON_OR/Page_CURA Healthcare Service/p_Please login to make appointment' is present

02-02-2024T18:50:54 - [MESSAGE][WARNING] - Timeout '0' is invalid. Using default page load timeout: '30'

02-02-2024T18:50:54 - [MESSAGE][PASSED] - Object 'Object Repository/Cura_Pages/CURA_HOME_OR/CURA_HOME_VALIDATEBUTTON_OR/Page_CURA Healthcare Service/p_Please login to make appointment' is present

02-02-2024T18:50:54 - [TEST_STEP][PASSED] - verifyElementPresent(findTestObject("Object Repository/Cura_Pages/CURA_HOME_OR/CURA_HOME_VALIDATEBUTTON_OR/Page_CURA Healthcare Service/button_Login"), 0): Object 'Object Repository/Cura_Pages/CURA_HOME_OR/CURA_HOME_VALIDATEBUTTON_OR/Page_CURA Healthcare Service/button_Login' is present

02-02-2024T18:50:55 - [MESSAGE][WARNING] - Timeout '0' is invalid. Using default page load timeout: '30'

02-02-2024T18:50:55 - [MESSAGE][PASSED] - Object 'Object Repository/Cura_Pages/CURA_HOME_OR/CURA_HOME_VALIDATEBUTTON_OR/Page_CURA Healthcare Service/button_Login' is present

02-02-2024T18:50:55 - [TEST_STEP][PASSED] - delay(2): Delayed 2 second(s)

02-02-2024T18:50:57 - [MESSAGE][PASSED] - Delayed 2 second(s)

02-02-2024T18:50:57 - [TEST_STEP][PASSED] - out.println("successfull"): null

02-02-2024T18:50:58 - [TEST_STEP][PASSED] - Start listener action : sampleAfterTestCase: null

02-02-2024T18:50:58 - [TEST_STEP][PASSED] - println(testCaseContext.getTestCaseId()): null

02-02-2024T18:50:58 - [TEST_STEP][PASSED] - println(testCaseContext.getTestCaseStatus()): null]]></system-out>
         <system-err><![CDATA[]]></system-err>
      </testcase>
      <system-out><![CDATA[02-02-2024T18:50:14 - [TEST_SUITE][PASSED] - CURA_HOME_TESTSUITE: Test Cases/TC_CURA_HOME/CURA_HOME_VALIDATEBUTTON]]></system-out>
      <system-err><![CDATA[]]></system-err>
   </testsuite>
</testsuites>
