<?xml version="1.0" encoding="UTF-8"?>
<testsuites name="CURA_MAKEAPPOINTMENT_TESTSUITE" time="83.402" tests="5" failures="0" errors="0">
   <testsuite name="CURA_MAKEAPPOINTMENT_TESTSUITE" tests="5" failures="0" errors="0" time="83.402" skipped="0" timestamp="31-01-2024T16:54:22" hostname="hp - LAPTOP-F3RG2V3G" id="Test Suites/CURA_MAKEAPPOINTMENT_TESTSUITE/CURA_MAKEAPPOINTMENT_TESTSUITE">
      <properties>
         <property name="deviceName" value=""/>
         <property name="devicePlatform" value=""/>
         <property name="logFolder" value="C:\\Users\\hp\\Katalon Studio\\CURA_HEALTHCARE_SERVICE\\Reports\\20240131_165408\\CURA_MAKEAPPOINTMENT_TESTSUITE\\CURA_MAKEAPPOINTMENT_TESTSUITE\\20240131_165408"/>
         <property name="logFiles" value="C:\\Users\\hp\\Katalon Studio\\CURA_HEALTHCARE_SERVICE\\Reports\\20240131_165408\\CURA_MAKEAPPOINTMENT_TESTSUITE\\CURA_MAKEAPPOINTMENT_TESTSUITE\\20240131_165408\\execution0.log"/>
         <property name="attachments" value=""/>
         <property name="hostName" value="hp - LAPTOP-F3RG2V3G"/>
         <property name="os" value="Windows 10 64bit"/>
         <property name="katalonVersion" value="9.1.0.212"/>
         <property name="browser" value="Chrome 120.0.0.0"/>
         <property name="hostAddress" value="192.168.51.157"/>
         <property name="sessionId" value="011e4c1e63900cb4de47a1d7f191ea3a"/>
         <property name="seleniumVersion" value="3.141.59"/>
         <property name="proxyInformation" value="ProxyInformation { proxyOption=NO_PROXY, proxyServerType=HTTP, username=, password=********, proxyServerAddress=, proxyServerPort=0, executionList=&quot;&quot;, isApplyToDesiredCapabilities=true }"/>
         <property name="platform" value="Windows 10"/>
      </properties>
      <testcase name="Test Cases/TC_CURA_MAKEAPPOINTMENT/CURA_MAKAEAPPOINTMENT_VERIFYING" time="40.085" classname="Test Cases/TC_CURA_MAKEAPPOINTMENT/CURA_MAKAEAPPOINTMENT_VERIFYING" status="PASSED">
         <system-out><![CDATA[31-01-2024T16:54:39 - [TEST_CASE][PASSED] - Test Cases/TC_CURA_MAKEAPPOINTMENT/CURA_MAKAEAPPOINTMENT_VERIFYING: Test Cases/TC_CURA_MAKEAPPOINTMENT/CURA_MAKAEAPPOINTMENT_VERIFYING

31-01-2024T16:54:39 - [TEST_STEP][PASSED] - Start listener action : sampleBeforeTestCase: Actual text 'CURA Healthcare Service' and expected text 'CURA Healthcare Service' are matched  using regular expression

31-01-2024T16:54:39 - [TEST_STEP][PASSED] - println(testCaseContext.getTestCaseId()): null

31-01-2024T16:54:39 - [TEST_STEP][PASSED] - println(testCaseContext.getTestCaseVariables()): null

31-01-2024T16:54:39 - [TEST_STEP][PASSED] - verifyMatch(getWindowTitle(), "CURA Healthcare Service", true): Actual text 'CURA Healthcare Service' and expected text 'CURA Healthcare Service' are matched  using regular expression

31-01-2024T16:54:39 - [MESSAGE][PASSED] - Current window's title is: 'CURA Healthcare Service'

31-01-2024T16:54:39 - [MESSAGE][PASSED] - Actual text 'CURA Healthcare Service' and expected text 'CURA Healthcare Service' are matched  using regular expression

31-01-2024T16:54:39 - [TEST_STEP][PASSED] - delay(2): Delayed 2 second(s)

31-01-2024T16:54:41 - [MESSAGE][PASSED] - Delayed 2 second(s)

31-01-2024T16:54:41 - [TEST_STEP][PASSED] - com.qa.test.customfunction.CuraDropdown(findTestObject("Cura_Pages/CURA_MAKEAPPOINTMENT_OR/CURA_MAKINGAPPOINTMENT_OR/Page_CURA Healthcare Service/select_Tokyo CURA Healthcare Center        _5b4107"), "Hongkong CURA Healthcare Center"): com.qa.test.customfunction.CuraDropdown is PASSED

31-01-2024T16:54:42 - [MESSAGE][PASSED] - com.qa.test.customfunction.CuraDropdown is PASSED

31-01-2024T16:54:42 - [TEST_STEP][PASSED] - click(findTestObject("Object Repository/Cura_Pages/CURA_MAKEAPPOINTMENT_OR/CURA_MAKINGAPPOINTMENT_OR/Page_CURA Healthcare Service/label_Medicaid")): Object: 'Object Repository/Cura_Pages/CURA_MAKEAPPOINTMENT_OR/CURA_MAKINGAPPOINTMENT_OR/Page_CURA Healthcare Service/label_Medicaid' is clicked on

31-01-2024T16:54:42 - [MESSAGE][PASSED] - Object: 'Object Repository/Cura_Pages/CURA_MAKEAPPOINTMENT_OR/CURA_MAKINGAPPOINTMENT_OR/Page_CURA Healthcare Service/label_Medicaid' is clicked on

31-01-2024T16:54:42 - [TEST_STEP][PASSED] - click(findTestObject("Object Repository/Cura_Pages/CURA_MAKEAPPOINTMENT_OR/CURA_MAKINGAPPOINTMENT_OR/Page_CURA Healthcare Service/label_Apply for hospital readmission")): Object: 'Object Repository/Cura_Pages/CURA_MAKEAPPOINTMENT_OR/CURA_MAKINGAPPOINTMENT_OR/Page_CURA Healthcare Service/label_Apply for hospital readmission' is clicked on

31-01-2024T16:54:43 - [MESSAGE][PASSED] - Object: 'Object Repository/Cura_Pages/CURA_MAKEAPPOINTMENT_OR/CURA_MAKINGAPPOINTMENT_OR/Page_CURA Healthcare Service/label_Apply for hospital readmission' is clicked on

31-01-2024T16:54:43 - [TEST_STEP][PASSED] - click(findTestObject("Object Repository/Cura_Pages/CURA_MAKEAPPOINTMENT_OR/CURA_MAKINGAPPOINTMENT_OR/Page_CURA Healthcare Service/div_input-group-addon")): Object: 'Object Repository/Cura_Pages/CURA_MAKEAPPOINTMENT_OR/CURA_MAKINGAPPOINTMENT_OR/Page_CURA Healthcare Service/div_input-group-addon' is clicked on

31-01-2024T16:54:43 - [MESSAGE][PASSED] - Object: 'Object Repository/Cura_Pages/CURA_MAKEAPPOINTMENT_OR/CURA_MAKINGAPPOINTMENT_OR/Page_CURA Healthcare Service/div_input-group-addon' is clicked on

31-01-2024T16:54:43 - [TEST_STEP][PASSED] - click(findTestObject("Object Repository/Cura_Pages/CURA_MAKEAPPOINTMENT_OR/CURA_MAKINGAPPOINTMENT_OR/Page_CURA Healthcare Service/td_30")): Object: 'Object Repository/Cura_Pages/CURA_MAKEAPPOINTMENT_OR/CURA_MAKINGAPPOINTMENT_OR/Page_CURA Healthcare Service/td_30' is clicked on

31-01-2024T16:54:44 - [MESSAGE][PASSED] - Object: 'Object Repository/Cura_Pages/CURA_MAKEAPPOINTMENT_OR/CURA_MAKINGAPPOINTMENT_OR/Page_CURA Healthcare Service/td_30' is clicked on

31-01-2024T16:54:44 - [TEST_STEP][PASSED] - setText(findTestObject("Object Repository/Cura_Pages/CURA_MAKEAPPOINTMENT_OR/CURA_MAKINGAPPOINTMENT_OR/Page_CURA Healthcare Service/textarea_comment"), "csdiufhasicmals;kcopa"): Text 'csdiufhasicmals;kcopa' is set on object 'Object Repository/Cura_Pages/CURA_MAKEAPPOINTMENT_OR/CURA_MAKINGAPPOINTMENT_OR/Page_CURA Healthcare Service/textarea_comment'

31-01-2024T16:54:45 - [MESSAGE][PASSED] - Text 'csdiufhasicmals;kcopa' is set on object 'Object Repository/Cura_Pages/CURA_MAKEAPPOINTMENT_OR/CURA_MAKINGAPPOINTMENT_OR/Page_CURA Healthcare Service/textarea_comment'

31-01-2024T16:54:45 - [TEST_STEP][PASSED] - click(findTestObject("Object Repository/Cura_Pages/CURA_MAKEAPPOINTMENT_OR/CURA_MAKINGAPPOINTMENT_OR/Page_CURA Healthcare Service/button_Book Appointment")): Object: 'Object Repository/Cura_Pages/CURA_MAKEAPPOINTMENT_OR/CURA_MAKINGAPPOINTMENT_OR/Page_CURA Healthcare Service/button_Book Appointment' is clicked on

31-01-2024T16:55:16 - [MESSAGE][INFO] - Unable to find the element located by 'By.xpath: '. Please recheck the objects properties to make sure the desired element is located. 

31-01-2024T16:55:16 - [MESSAGE][WARNING] - [SELF-HEALING] Failed to find element with id 'Object Repository/Cura_Pages/CURA_MAKEAPPOINTMENT_OR/CURA_MAKINGAPPOINTMENT_OR/Page_CURA Healthcare Service/button_Book Appointment'. Try using Self-healing.

31-01-2024T16:55:16 - [MESSAGE][WARNING] - [SELF-HEALING] The current locator of test object 'Object Repository/Cura_Pages/CURA_MAKEAPPOINTMENT_OR/CURA_MAKINGAPPOINTMENT_OR/Page_CURA Healthcare Service/button_Book Appointment' was broken. Propose an alternative one: '//button[@id='btn-book-appointment']'.

31-01-2024T16:55:17 - [MESSAGE][PASSED] - Object: 'Object Repository/Cura_Pages/CURA_MAKEAPPOINTMENT_OR/CURA_MAKINGAPPOINTMENT_OR/Page_CURA Healthcare Service/button_Book Appointment' is clicked on

31-01-2024T16:55:17 - [TEST_STEP][PASSED] - verifyElementPresent(findTestObject("Object Repository/Cura_Pages/CURA_MAKEAPPOINTMENT_OR/CURA_MAKINGAPPOINTMENT_OR/Page_CURA Healthcare Service/p_Please be informed that your appointment _11813a"), 0): Object 'Object Repository/Cura_Pages/CURA_MAKEAPPOINTMENT_OR/CURA_MAKINGAPPOINTMENT_OR/Page_CURA Healthcare Service/p_Please be informed that your appointment _11813a' is present

31-01-2024T16:55:17 - [MESSAGE][WARNING] - Timeout '0' is invalid. Using default page load timeout: '30'

31-01-2024T16:55:18 - [MESSAGE][PASSED] - Object 'Object Repository/Cura_Pages/CURA_MAKEAPPOINTMENT_OR/CURA_MAKINGAPPOINTMENT_OR/Page_CURA Healthcare Service/p_Please be informed that your appointment _11813a' is present

31-01-2024T16:55:18 - [TEST_STEP][PASSED] - Start tear down : tearDownTestCase: Method 'tearDownTestCase' complete successfully

31-01-2024T16:55:18 - [TEST_STEP][PASSED] - delay(1): Delayed 1 second(s)

31-01-2024T16:55:19 - [MESSAGE][PASSED] - Delayed 1 second(s)

31-01-2024T16:55:19 - [MESSAGE][PASSED] - Method 'tearDownTestCase' complete successfully

31-01-2024T16:55:19 - [TEST_STEP][PASSED] - Start listener action : sampleAfterTestCase: null

31-01-2024T16:55:19 - [TEST_STEP][PASSED] - println(testCaseContext.getTestCaseId()): null

31-01-2024T16:55:19 - [TEST_STEP][PASSED] - println(testCaseContext.getTestCaseStatus()): null]]></system-out>
         <system-err><![CDATA[]]></system-err>
      </testcase>
      <testcase name="Test Cases/TC_CURA_MAKEAPPOINTMENT/CURA_MAKEAPPOINTMENT_HISTORY" time="12.556" classname="Test Cases/TC_CURA_MAKEAPPOINTMENT/CURA_MAKEAPPOINTMENT_HISTORY" status="PASSED">
         <system-out><![CDATA[31-01-2024T16:55:19 - [TEST_CASE][PASSED] - Test Cases/TC_CURA_MAKEAPPOINTMENT/CURA_MAKEAPPOINTMENT_HISTORY: Test Cases/TC_CURA_MAKEAPPOINTMENT/CURA_MAKEAPPOINTMENT_HISTORY

31-01-2024T16:55:19 - [TEST_STEP][PASSED] - Start listener action : sampleBeforeTestCase: Actual text 'CURA Healthcare Service' and expected text 'CURA Healthcare Service' are matched  using regular expression

31-01-2024T16:55:19 - [TEST_STEP][PASSED] - println(testCaseContext.getTestCaseId()): null

31-01-2024T16:55:19 - [TEST_STEP][PASSED] - println(testCaseContext.getTestCaseVariables()): null

31-01-2024T16:55:19 - [TEST_STEP][PASSED] - verifyMatch(getWindowTitle(), "CURA Healthcare Service", true): Actual text 'CURA Healthcare Service' and expected text 'CURA Healthcare Service' are matched  using regular expression

31-01-2024T16:55:19 - [MESSAGE][PASSED] - Current window's title is: 'CURA Healthcare Service'

31-01-2024T16:55:19 - [MESSAGE][PASSED] - Actual text 'CURA Healthcare Service' and expected text 'CURA Healthcare Service' are matched  using regular expression

31-01-2024T16:55:19 - [TEST_STEP][PASSED] - click(findTestObject("Object Repository/Cura_Pages/CURA_MAKEAPPOINTMENT_OR/CURA_MAKINGAPPOINTMENT_OR/Page_CURA Healthcare Service/a_Go to Homepage")): Object: 'Object Repository/Cura_Pages/CURA_MAKEAPPOINTMENT_OR/CURA_MAKINGAPPOINTMENT_OR/Page_CURA Healthcare Service/a_Go to Homepage' is clicked on

31-01-2024T16:55:20 - [MESSAGE][PASSED] - Object: 'Object Repository/Cura_Pages/CURA_MAKEAPPOINTMENT_OR/CURA_MAKINGAPPOINTMENT_OR/Page_CURA Healthcare Service/a_Go to Homepage' is clicked on

31-01-2024T16:55:20 - [TEST_STEP][PASSED] - click(findTestObject("Object Repository/Cura_Pages/CURA_MAKEAPPOINTMENT_OR/CURA_MAKINGAPPOINTMENT_OR/Page_CURA Healthcare Service/a_Make Appointment_1")): Object: 'Object Repository/Cura_Pages/CURA_MAKEAPPOINTMENT_OR/CURA_MAKINGAPPOINTMENT_OR/Page_CURA Healthcare Service/a_Make Appointment_1' is clicked on

31-01-2024T16:55:20 - [MESSAGE][PASSED] - Object: 'Object Repository/Cura_Pages/CURA_MAKEAPPOINTMENT_OR/CURA_MAKINGAPPOINTMENT_OR/Page_CURA Healthcare Service/a_Make Appointment_1' is clicked on

31-01-2024T16:55:20 - [TEST_STEP][PASSED] - selectOptionByValue(findTestObject("Object Repository/Cura_Pages/CURA_MAKEAPPOINTMENT_OR/CURA_CHECKHISTORY_OR/Page_CURA Healthcare Service/select_Tokyo CURA Healthcare Center        _5b4107"), "Hongkong CURA Healthcare Center", true): All options with value 'Hongkong CURA Healthcare Center' are selected in object 'Object Repository/Cura_Pages/CURA_MAKEAPPOINTMENT_OR/CURA_CHECKHISTORY_OR/Page_CURA Healthcare Service/select_Tokyo CURA Healthcare Center        _5b4107'  using regular expression

31-01-2024T16:55:21 - [MESSAGE][PASSED] - All options with value 'Hongkong CURA Healthcare Center' are selected in object 'Object Repository/Cura_Pages/CURA_MAKEAPPOINTMENT_OR/CURA_CHECKHISTORY_OR/Page_CURA Healthcare Service/select_Tokyo CURA Healthcare Center        _5b4107'  using regular expression

31-01-2024T16:55:21 - [TEST_STEP][PASSED] - click(findTestObject("Object Repository/Cura_Pages/CURA_MAKEAPPOINTMENT_OR/CURA_CHECKHISTORY_OR/Page_CURA Healthcare Service/label_Apply for hospital readmission")): Object: 'Object Repository/Cura_Pages/CURA_MAKEAPPOINTMENT_OR/CURA_CHECKHISTORY_OR/Page_CURA Healthcare Service/label_Apply for hospital readmission' is clicked on

31-01-2024T16:55:22 - [MESSAGE][PASSED] - Object: 'Object Repository/Cura_Pages/CURA_MAKEAPPOINTMENT_OR/CURA_CHECKHISTORY_OR/Page_CURA Healthcare Service/label_Apply for hospital readmission' is clicked on

31-01-2024T16:55:22 - [TEST_STEP][PASSED] - click(findTestObject("Object Repository/Cura_Pages/CURA_MAKEAPPOINTMENT_OR/CURA_CHECKHISTORY_OR/Page_CURA Healthcare Service/label_Medicaid")): Object: 'Object Repository/Cura_Pages/CURA_MAKEAPPOINTMENT_OR/CURA_CHECKHISTORY_OR/Page_CURA Healthcare Service/label_Medicaid' is clicked on

31-01-2024T16:55:22 - [MESSAGE][PASSED] - Object: 'Object Repository/Cura_Pages/CURA_MAKEAPPOINTMENT_OR/CURA_CHECKHISTORY_OR/Page_CURA Healthcare Service/label_Medicaid' is clicked on

31-01-2024T16:55:22 - [TEST_STEP][PASSED] - click(findTestObject("Object Repository/Cura_Pages/CURA_MAKEAPPOINTMENT_OR/CURA_CHECKHISTORY_OR/Page_CURA Healthcare Service/span_glyphicon glyphicon-calendar")): Object: 'Object Repository/Cura_Pages/CURA_MAKEAPPOINTMENT_OR/CURA_CHECKHISTORY_OR/Page_CURA Healthcare Service/span_glyphicon glyphicon-calendar' is clicked on

31-01-2024T16:55:23 - [MESSAGE][PASSED] - Object: 'Object Repository/Cura_Pages/CURA_MAKEAPPOINTMENT_OR/CURA_CHECKHISTORY_OR/Page_CURA Healthcare Service/span_glyphicon glyphicon-calendar' is clicked on

31-01-2024T16:55:23 - [TEST_STEP][PASSED] - click(findTestObject("Object Repository/Cura_Pages/CURA_MAKEAPPOINTMENT_OR/CURA_CHECKHISTORY_OR/Page_CURA Healthcare Service/td_31")): Object: 'Object Repository/Cura_Pages/CURA_MAKEAPPOINTMENT_OR/CURA_CHECKHISTORY_OR/Page_CURA Healthcare Service/td_31' is clicked on

31-01-2024T16:55:23 - [MESSAGE][PASSED] - Object: 'Object Repository/Cura_Pages/CURA_MAKEAPPOINTMENT_OR/CURA_CHECKHISTORY_OR/Page_CURA Healthcare Service/td_31' is clicked on

31-01-2024T16:55:23 - [TEST_STEP][PASSED] - setText(findTestObject("Object Repository/Cura_Pages/CURA_MAKEAPPOINTMENT_OR/CURA_CHECKHISTORY_OR/Page_CURA Healthcare Service/textarea_comment"), "cvsgsvagv"): Text 'cvsgsvagv' is set on object 'Object Repository/Cura_Pages/CURA_MAKEAPPOINTMENT_OR/CURA_CHECKHISTORY_OR/Page_CURA Healthcare Service/textarea_comment'

31-01-2024T16:55:24 - [MESSAGE][PASSED] - Text 'cvsgsvagv' is set on object 'Object Repository/Cura_Pages/CURA_MAKEAPPOINTMENT_OR/CURA_CHECKHISTORY_OR/Page_CURA Healthcare Service/textarea_comment'

31-01-2024T16:55:24 - [TEST_STEP][PASSED] - click(findTestObject("Object Repository/Cura_Pages/CURA_MAKEAPPOINTMENT_OR/CURA_CHECKHISTORY_OR/Page_CURA Healthcare Service/button_Book Appointment")): Object: 'Object Repository/Cura_Pages/CURA_MAKEAPPOINTMENT_OR/CURA_CHECKHISTORY_OR/Page_CURA Healthcare Service/button_Book Appointment' is clicked on

31-01-2024T16:55:25 - [MESSAGE][PASSED] - Object: 'Object Repository/Cura_Pages/CURA_MAKEAPPOINTMENT_OR/CURA_CHECKHISTORY_OR/Page_CURA Healthcare Service/button_Book Appointment' is clicked on

31-01-2024T16:55:25 - [TEST_STEP][PASSED] - click(findTestObject("Object Repository/Cura_Pages/CURA_MAKEAPPOINTMENT_OR/CURA_CHECKHISTORY_OR/Page_CURA Healthcare Service/div_Hongkong CURA Healthcare Center")): Object: 'Object Repository/Cura_Pages/CURA_MAKEAPPOINTMENT_OR/CURA_CHECKHISTORY_OR/Page_CURA Healthcare Service/div_Hongkong CURA Healthcare Center' is clicked on

31-01-2024T16:55:26 - [MESSAGE][PASSED] - Object: 'Object Repository/Cura_Pages/CURA_MAKEAPPOINTMENT_OR/CURA_CHECKHISTORY_OR/Page_CURA Healthcare Service/div_Hongkong CURA Healthcare Center' is clicked on

31-01-2024T16:55:26 - [TEST_STEP][PASSED] - click(findTestObject("Object Repository/Cura_Pages/CURA_MAKEAPPOINTMENT_OR/CURA_CHECKHISTORY_OR/Page_CURA Healthcare Service/i_fa fa-bars")): Object: 'Object Repository/Cura_Pages/CURA_MAKEAPPOINTMENT_OR/CURA_CHECKHISTORY_OR/Page_CURA Healthcare Service/i_fa fa-bars' is clicked on

31-01-2024T16:55:26 - [MESSAGE][PASSED] - Object: 'Object Repository/Cura_Pages/CURA_MAKEAPPOINTMENT_OR/CURA_CHECKHISTORY_OR/Page_CURA Healthcare Service/i_fa fa-bars' is clicked on

31-01-2024T16:55:26 - [TEST_STEP][PASSED] - click(findTestObject("Object Repository/Cura_Pages/CURA_MAKEAPPOINTMENT_OR/CURA_CHECKHISTORY_OR/Page_CURA Healthcare Service/a_History")): Object: 'Object Repository/Cura_Pages/CURA_MAKEAPPOINTMENT_OR/CURA_CHECKHISTORY_OR/Page_CURA Healthcare Service/a_History' is clicked on

31-01-2024T16:55:27 - [MESSAGE][PASSED] - Object: 'Object Repository/Cura_Pages/CURA_MAKEAPPOINTMENT_OR/CURA_CHECKHISTORY_OR/Page_CURA Healthcare Service/a_History' is clicked on

31-01-2024T16:55:27 - [TEST_STEP][PASSED] - verifyElementPresent(findTestObject("Object Repository/Cura_Pages/CURA_MAKEAPPOINTMENT_OR/CURA_CHECKHISTORY_OR/Page_CURA Healthcare Service/h2_History"), 0): Object 'Object Repository/Cura_Pages/CURA_MAKEAPPOINTMENT_OR/CURA_CHECKHISTORY_OR/Page_CURA Healthcare Service/h2_History' is present

31-01-2024T16:55:27 - [MESSAGE][WARNING] - Timeout '0' is invalid. Using default page load timeout: '30'

31-01-2024T16:55:28 - [MESSAGE][PASSED] - Object 'Object Repository/Cura_Pages/CURA_MAKEAPPOINTMENT_OR/CURA_CHECKHISTORY_OR/Page_CURA Healthcare Service/h2_History' is present

31-01-2024T16:55:28 - [TEST_STEP][PASSED] - verifyElementNotPresent(findTestObject("Object Repository/Cura_Pages/CURA_MAKEAPPOINTMENT_OR/CURA_CHECKHISTORY_OR/Page_CURA Healthcare Service/p_No appointment"), 0): Web element with id: 'Object Repository/Cura_Pages/CURA_MAKEAPPOINTMENT_OR/CURA_CHECKHISTORY_OR/Page_CURA Healthcare Service/p_No appointment' located by 'By.xpath: //section[@id='history']/div/div/div/p' is not present after '30' second(s)

31-01-2024T16:55:28 - [MESSAGE][WARNING] - Timeout '0' is invalid. Using default page load timeout: '30'

31-01-2024T16:55:28 - [MESSAGE][PASSED] - Web element with id: 'Object Repository/Cura_Pages/CURA_MAKEAPPOINTMENT_OR/CURA_CHECKHISTORY_OR/Page_CURA Healthcare Service/p_No appointment' located by 'By.xpath: //section[@id='history']/div/div/div/p' is not present after '30' second(s)

31-01-2024T16:55:28 - [TEST_STEP][PASSED] - delay(2): Delayed 2 second(s)

31-01-2024T16:55:30 - [MESSAGE][PASSED] - Delayed 2 second(s)

31-01-2024T16:55:30 - [TEST_STEP][PASSED] - Start tear down : tearDownTestCase: Method 'tearDownTestCase' complete successfully

31-01-2024T16:55:30 - [TEST_STEP][PASSED] - delay(1): Delayed 1 second(s)

31-01-2024T16:55:31 - [MESSAGE][PASSED] - Delayed 1 second(s)

31-01-2024T16:55:31 - [MESSAGE][PASSED] - Method 'tearDownTestCase' complete successfully

31-01-2024T16:55:31 - [TEST_STEP][PASSED] - Start listener action : sampleAfterTestCase: null

31-01-2024T16:55:31 - [TEST_STEP][PASSED] - println(testCaseContext.getTestCaseId()): null

31-01-2024T16:55:31 - [TEST_STEP][PASSED] - println(testCaseContext.getTestCaseStatus()): null]]></system-out>
         <system-err><![CDATA[]]></system-err>
      </testcase>
      <testcase name="Test Cases/TC_CURA_MAKEAPPOINTMENT/CURA_MAKEAPPIONTMENT_PROFILE" time="4.346" classname="Test Cases/TC_CURA_MAKEAPPOINTMENT/CURA_MAKEAPPIONTMENT_PROFILE" status="PASSED">
         <system-out><![CDATA[31-01-2024T16:55:31 - [TEST_CASE][PASSED] - Test Cases/TC_CURA_MAKEAPPOINTMENT/CURA_MAKEAPPIONTMENT_PROFILE: Test Cases/TC_CURA_MAKEAPPOINTMENT/CURA_MAKEAPPIONTMENT_PROFILE

31-01-2024T16:55:31 - [TEST_STEP][PASSED] - Start listener action : sampleBeforeTestCase: Actual text 'CURA Healthcare Service' and expected text 'CURA Healthcare Service' are matched  using regular expression

31-01-2024T16:55:31 - [TEST_STEP][PASSED] - println(testCaseContext.getTestCaseId()): null

31-01-2024T16:55:31 - [TEST_STEP][PASSED] - println(testCaseContext.getTestCaseVariables()): null

31-01-2024T16:55:31 - [TEST_STEP][PASSED] - verifyMatch(getWindowTitle(), "CURA Healthcare Service", true): Actual text 'CURA Healthcare Service' and expected text 'CURA Healthcare Service' are matched  using regular expression

31-01-2024T16:55:31 - [MESSAGE][PASSED] - Current window's title is: 'CURA Healthcare Service'

31-01-2024T16:55:31 - [MESSAGE][PASSED] - Actual text 'CURA Healthcare Service' and expected text 'CURA Healthcare Service' are matched  using regular expression

31-01-2024T16:55:31 - [TEST_STEP][PASSED] - click(findTestObject("Object Repository/Cura_Pages/CURA_MAKEAPPOINTMENT_OR/CURA_PROFILE_OR/Page_CURA Healthcare Service/amenu-toggle")): Object: 'Object Repository/Cura_Pages/CURA_MAKEAPPOINTMENT_OR/CURA_PROFILE_OR/Page_CURA Healthcare Service/amenu-toggle' is clicked on

31-01-2024T16:55:32 - [MESSAGE][PASSED] - Object: 'Object Repository/Cura_Pages/CURA_MAKEAPPOINTMENT_OR/CURA_PROFILE_OR/Page_CURA Healthcare Service/amenu-toggle' is clicked on

31-01-2024T16:55:32 - [TEST_STEP][PASSED] - click(findTestObject("Object Repository/Cura_Pages/CURA_MAKEAPPOINTMENT_OR/CURA_PROFILE_OR/Page_CURA Healthcare Service/a_Profile")): Object: 'Object Repository/Cura_Pages/CURA_MAKEAPPOINTMENT_OR/CURA_PROFILE_OR/Page_CURA Healthcare Service/a_Profile' is clicked on

31-01-2024T16:55:33 - [MESSAGE][PASSED] - Object: 'Object Repository/Cura_Pages/CURA_MAKEAPPOINTMENT_OR/CURA_PROFILE_OR/Page_CURA Healthcare Service/a_Profile' is clicked on

31-01-2024T16:55:33 - [TEST_STEP][PASSED] - verifyElementPresent(findTestObject("Object Repository/Cura_Pages/CURA_MAKEAPPOINTMENT_OR/CURA_PROFILE_OR/Page_CURA Healthcare Service/p_Under construction"), 0): Object 'Object Repository/Cura_Pages/CURA_MAKEAPPOINTMENT_OR/CURA_PROFILE_OR/Page_CURA Healthcare Service/p_Under construction' is present

31-01-2024T16:55:33 - [MESSAGE][WARNING] - Timeout '0' is invalid. Using default page load timeout: '30'

31-01-2024T16:55:34 - [MESSAGE][PASSED] - Object 'Object Repository/Cura_Pages/CURA_MAKEAPPOINTMENT_OR/CURA_PROFILE_OR/Page_CURA Healthcare Service/p_Under construction' is present

31-01-2024T16:55:34 - [TEST_STEP][PASSED] - verifyElementText(findTestObject("Object Repository/Cura_Pages/CURA_MAKEAPPOINTMENT_OR/CURA_PROFILE_OR/Page_CURA Healthcare Service/h2_Profile"), "Profile"): Actual text and expected text of test object 'Object Repository/Cura_Pages/CURA_MAKEAPPOINTMENT_OR/CURA_PROFILE_OR/Page_CURA Healthcare Service/h2_Profile' are matched.

31-01-2024T16:55:34 - [MESSAGE][PASSED] - Actual text and expected text of test object 'Object Repository/Cura_Pages/CURA_MAKEAPPOINTMENT_OR/CURA_PROFILE_OR/Page_CURA Healthcare Service/h2_Profile' are matched.

31-01-2024T16:55:34 - [TEST_STEP][PASSED] - verifyElementClickable(findTestObject("Object Repository/Cura_Pages/CURA_MAKEAPPOINTMENT_OR/CURA_PROFILE_OR/Page_CURA Healthcare Service/p_Logout")): Object 'Object Repository/Cura_Pages/CURA_MAKEAPPOINTMENT_OR/CURA_PROFILE_OR/Page_CURA Healthcare Service/p_Logout' is clickable

31-01-2024T16:55:35 - [MESSAGE][PASSED] - Object 'Object Repository/Cura_Pages/CURA_MAKEAPPOINTMENT_OR/CURA_PROFILE_OR/Page_CURA Healthcare Service/p_Logout' is clickable

31-01-2024T16:55:35 - [TEST_STEP][PASSED] - Start tear down : tearDownTestCase: Method 'tearDownTestCase' complete successfully

31-01-2024T16:55:35 - [TEST_STEP][PASSED] - delay(1): Delayed 1 second(s)

31-01-2024T16:55:36 - [MESSAGE][PASSED] - Delayed 1 second(s)

31-01-2024T16:55:36 - [MESSAGE][PASSED] - Method 'tearDownTestCase' complete successfully

31-01-2024T16:55:36 - [TEST_STEP][PASSED] - Start listener action : sampleAfterTestCase: null

31-01-2024T16:55:36 - [TEST_STEP][PASSED] - println(testCaseContext.getTestCaseId()): null

31-01-2024T16:55:36 - [TEST_STEP][PASSED] - println(testCaseContext.getTestCaseStatus()): null]]></system-out>
         <system-err><![CDATA[]]></system-err>
      </testcase>
      <testcase name="Test Cases/TC_CURA_MAKEAPPOINTMENT/CURA_MAKEAPPOINTMENT_FOOTER" time="5.678" classname="Test Cases/TC_CURA_MAKEAPPOINTMENT/CURA_MAKEAPPOINTMENT_FOOTER" status="PASSED">
         <system-out><![CDATA[31-01-2024T16:55:36 - [TEST_CASE][PASSED] - Test Cases/TC_CURA_MAKEAPPOINTMENT/CURA_MAKEAPPOINTMENT_FOOTER: Test Cases/TC_CURA_MAKEAPPOINTMENT/CURA_MAKEAPPOINTMENT_FOOTER

31-01-2024T16:55:36 - [TEST_STEP][PASSED] - Start listener action : sampleBeforeTestCase: Actual text 'CURA Healthcare Service' and expected text 'CURA Healthcare Service' are matched  using regular expression

31-01-2024T16:55:36 - [TEST_STEP][PASSED] - println(testCaseContext.getTestCaseId()): null

31-01-2024T16:55:36 - [TEST_STEP][PASSED] - println(testCaseContext.getTestCaseVariables()): null

31-01-2024T16:55:36 - [TEST_STEP][PASSED] - verifyMatch(getWindowTitle(), "CURA Healthcare Service", true): Actual text 'CURA Healthcare Service' and expected text 'CURA Healthcare Service' are matched  using regular expression

31-01-2024T16:55:36 - [MESSAGE][PASSED] - Current window's title is: 'CURA Healthcare Service'

31-01-2024T16:55:36 - [MESSAGE][PASSED] - Actual text 'CURA Healthcare Service' and expected text 'CURA Healthcare Service' are matched  using regular expression

31-01-2024T16:55:36 - [TEST_STEP][PASSED] - click(findTestObject("Cura_Pages/CURA_MAKEAPPOINTMENT_OR/CURA_FOOTER_OR/Page_CURA Healthcare Service/amenu-toggle")): Object: 'Object Repository/Cura_Pages/CURA_MAKEAPPOINTMENT_OR/CURA_FOOTER_OR/Page_CURA Healthcare Service/amenu-toggle' is clicked on

31-01-2024T16:55:36 - [MESSAGE][PASSED] - Object: 'Object Repository/Cura_Pages/CURA_MAKEAPPOINTMENT_OR/CURA_FOOTER_OR/Page_CURA Healthcare Service/amenu-toggle' is clicked on

31-01-2024T16:55:36 - [TEST_STEP][PASSED] - click(findTestObject("Cura_Pages/CURA_MAKEAPPOINTMENT_OR/CURA_FOOTER_OR/Page_CURA Healthcare Service/a_Home")): Object: 'Object Repository/Cura_Pages/CURA_MAKEAPPOINTMENT_OR/CURA_FOOTER_OR/Page_CURA Healthcare Service/a_Home' is clicked on

31-01-2024T16:55:37 - [MESSAGE][PASSED] - Object: 'Object Repository/Cura_Pages/CURA_MAKEAPPOINTMENT_OR/CURA_FOOTER_OR/Page_CURA Healthcare Service/a_Home' is clicked on

31-01-2024T16:55:37 - [TEST_STEP][PASSED] - verifyElementPresent(findTestObject("Object Repository/Cura_Pages/CURA_MAKEAPPOINTMENT_OR/CURA_FOOTER_OR/Page_CURA Healthcare Service/footer_CURA Healthcare Service             _54f5c2"), 0): Object 'Object Repository/Cura_Pages/CURA_MAKEAPPOINTMENT_OR/CURA_FOOTER_OR/Page_CURA Healthcare Service/footer_CURA Healthcare Service             _54f5c2' is present

31-01-2024T16:55:37 - [MESSAGE][WARNING] - Timeout '0' is invalid. Using default page load timeout: '30'

31-01-2024T16:55:38 - [MESSAGE][PASSED] - Object 'Object Repository/Cura_Pages/CURA_MAKEAPPOINTMENT_OR/CURA_FOOTER_OR/Page_CURA Healthcare Service/footer_CURA Healthcare Service             _54f5c2' is present

31-01-2024T16:55:38 - [TEST_STEP][PASSED] - verifyElementPresent(findTestObject("Object Repository/Cura_Pages/CURA_MAKEAPPOINTMENT_OR/CURA_FOOTER_OR/Page_CURA Healthcare Service/p_Atlanta 550 Pharr Road NE Suite 525Atlant_8f4c85"), 0): Object 'Object Repository/Cura_Pages/CURA_MAKEAPPOINTMENT_OR/CURA_FOOTER_OR/Page_CURA Healthcare Service/p_Atlanta 550 Pharr Road NE Suite 525Atlant_8f4c85' is present

31-01-2024T16:55:38 - [MESSAGE][WARNING] - Timeout '0' is invalid. Using default page load timeout: '30'

31-01-2024T16:55:38 - [MESSAGE][PASSED] - Object 'Object Repository/Cura_Pages/CURA_MAKEAPPOINTMENT_OR/CURA_FOOTER_OR/Page_CURA Healthcare Service/p_Atlanta 550 Pharr Road NE Suite 525Atlant_8f4c85' is present

31-01-2024T16:55:38 - [TEST_STEP][PASSED] - verifyElementText(findTestObject("Object Repository/Cura_Pages/CURA_MAKEAPPOINTMENT_OR/CURA_FOOTER_OR/Page_CURA Healthcare Service/li_(678) 813-1KMS"), "(678) 813-1KMS"): Actual text and expected text of test object 'Object Repository/Cura_Pages/CURA_MAKEAPPOINTMENT_OR/CURA_FOOTER_OR/Page_CURA Healthcare Service/li_(678) 813-1KMS' are matched.

31-01-2024T16:55:38 - [MESSAGE][PASSED] - Actual text and expected text of test object 'Object Repository/Cura_Pages/CURA_MAKEAPPOINTMENT_OR/CURA_FOOTER_OR/Page_CURA Healthcare Service/li_(678) 813-1KMS' are matched.

31-01-2024T16:55:38 - [TEST_STEP][PASSED] - verifyElementPresent(findTestObject("Object Repository/Cura_Pages/CURA_MAKEAPPOINTMENT_OR/CURA_FOOTER_OR/Page_CURA Healthcare Service/i_fa fa-envelope-o fa-fw"), 0): Object 'Object Repository/Cura_Pages/CURA_MAKEAPPOINTMENT_OR/CURA_FOOTER_OR/Page_CURA Healthcare Service/i_fa fa-envelope-o fa-fw' is present

31-01-2024T16:55:38 - [MESSAGE][WARNING] - Timeout '0' is invalid. Using default page load timeout: '30'

31-01-2024T16:55:39 - [MESSAGE][PASSED] - Object 'Object Repository/Cura_Pages/CURA_MAKEAPPOINTMENT_OR/CURA_FOOTER_OR/Page_CURA Healthcare Service/i_fa fa-envelope-o fa-fw' is present

31-01-2024T16:55:39 - [TEST_STEP][PASSED] - verifyElementClickable(findTestObject("Object Repository/Cura_Pages/CURA_MAKEAPPOINTMENT_OR/CURA_FOOTER_OR/Page_CURA Healthcare Service/i_fa fa-facebook fa-fw fa-3x")): Object 'Object Repository/Cura_Pages/CURA_MAKEAPPOINTMENT_OR/CURA_FOOTER_OR/Page_CURA Healthcare Service/i_fa fa-facebook fa-fw fa-3x' is clickable

31-01-2024T16:55:39 - [MESSAGE][PASSED] - Object 'Object Repository/Cura_Pages/CURA_MAKEAPPOINTMENT_OR/CURA_FOOTER_OR/Page_CURA Healthcare Service/i_fa fa-facebook fa-fw fa-3x' is clickable

31-01-2024T16:55:39 - [TEST_STEP][PASSED] - verifyElementClickable(findTestObject("Object Repository/Cura_Pages/CURA_MAKEAPPOINTMENT_OR/CURA_FOOTER_OR/Page_CURA Healthcare Service/i_fa fa-twitter fa-fw fa-3x")): Object 'Object Repository/Cura_Pages/CURA_MAKEAPPOINTMENT_OR/CURA_FOOTER_OR/Page_CURA Healthcare Service/i_fa fa-twitter fa-fw fa-3x' is clickable

31-01-2024T16:55:39 - [MESSAGE][PASSED] - Object 'Object Repository/Cura_Pages/CURA_MAKEAPPOINTMENT_OR/CURA_FOOTER_OR/Page_CURA Healthcare Service/i_fa fa-twitter fa-fw fa-3x' is clickable

31-01-2024T16:55:39 - [TEST_STEP][PASSED] - verifyElementClickable(findTestObject("Object Repository/Cura_Pages/CURA_MAKEAPPOINTMENT_OR/CURA_FOOTER_OR/Page_CURA Healthcare Service/i_fa fa-dribbble fa-fw fa-3x")): Object 'Object Repository/Cura_Pages/CURA_MAKEAPPOINTMENT_OR/CURA_FOOTER_OR/Page_CURA Healthcare Service/i_fa fa-dribbble fa-fw fa-3x' is clickable

31-01-2024T16:55:40 - [MESSAGE][PASSED] - Object 'Object Repository/Cura_Pages/CURA_MAKEAPPOINTMENT_OR/CURA_FOOTER_OR/Page_CURA Healthcare Service/i_fa fa-dribbble fa-fw fa-3x' is clickable

31-01-2024T16:55:40 - [TEST_STEP][PASSED] - verifyElementText(findTestObject("Object Repository/Cura_Pages/CURA_MAKEAPPOINTMENT_OR/CURA_FOOTER_OR/Page_CURA Healthcare Service/p_Copyright  CURA Healthcare Service 2024"), "Copyright © CURA Healthcare Service 2024"): Actual text and expected text of test object 'Object Repository/Cura_Pages/CURA_MAKEAPPOINTMENT_OR/CURA_FOOTER_OR/Page_CURA Healthcare Service/p_Copyright  CURA Healthcare Service 2024' are matched.

31-01-2024T16:55:40 - [MESSAGE][PASSED] - Actual text and expected text of test object 'Object Repository/Cura_Pages/CURA_MAKEAPPOINTMENT_OR/CURA_FOOTER_OR/Page_CURA Healthcare Service/p_Copyright  CURA Healthcare Service 2024' are matched.

31-01-2024T16:55:40 - [TEST_STEP][PASSED] - verifyElementClickable(findTestObject("Object Repository/Cura_Pages/CURA_MAKEAPPOINTMENT_OR/CURA_FOOTER_OR/Page_CURA Healthcare Service/a_infokatalon.com")): Object 'Object Repository/Cura_Pages/CURA_MAKEAPPOINTMENT_OR/CURA_FOOTER_OR/Page_CURA Healthcare Service/a_infokatalon.com' is clickable

31-01-2024T16:55:40 - [MESSAGE][PASSED] - Object 'Object Repository/Cura_Pages/CURA_MAKEAPPOINTMENT_OR/CURA_FOOTER_OR/Page_CURA Healthcare Service/a_infokatalon.com' is clickable

31-01-2024T16:55:40 - [TEST_STEP][PASSED] - Start tear down : tearDownTestCase: Method 'tearDownTestCase' complete successfully

31-01-2024T16:55:40 - [TEST_STEP][PASSED] - delay(1): Delayed 1 second(s)

31-01-2024T16:55:41 - [MESSAGE][PASSED] - Delayed 1 second(s)

31-01-2024T16:55:41 - [MESSAGE][PASSED] - Method 'tearDownTestCase' complete successfully

31-01-2024T16:55:41 - [TEST_STEP][PASSED] - Start listener action : sampleAfterTestCase: null

31-01-2024T16:55:41 - [TEST_STEP][PASSED] - println(testCaseContext.getTestCaseId()): null

31-01-2024T16:55:41 - [TEST_STEP][PASSED] - println(testCaseContext.getTestCaseStatus()): null]]></system-out>
         <system-err><![CDATA[]]></system-err>
      </testcase>
      <testcase name="Test Cases/TC_CURA_MAKEAPPOINTMENT/CURA_MAKEAPPOINTMENT_LOGOUT" time="4.255" classname="Test Cases/TC_CURA_MAKEAPPOINTMENT/CURA_MAKEAPPOINTMENT_LOGOUT" status="PASSED">
         <system-out><![CDATA[31-01-2024T16:55:41 - [TEST_CASE][PASSED] - Test Cases/TC_CURA_MAKEAPPOINTMENT/CURA_MAKEAPPOINTMENT_LOGOUT: Test Cases/TC_CURA_MAKEAPPOINTMENT/CURA_MAKEAPPOINTMENT_LOGOUT

31-01-2024T16:55:41 - [TEST_STEP][PASSED] - Start listener action : sampleBeforeTestCase: Actual text 'CURA Healthcare Service' and expected text 'CURA Healthcare Service' are matched  using regular expression

31-01-2024T16:55:41 - [TEST_STEP][PASSED] - println(testCaseContext.getTestCaseId()): null

31-01-2024T16:55:41 - [TEST_STEP][PASSED] - println(testCaseContext.getTestCaseVariables()): null

31-01-2024T16:55:41 - [TEST_STEP][PASSED] - verifyMatch(getWindowTitle(), "CURA Healthcare Service", true): Actual text 'CURA Healthcare Service' and expected text 'CURA Healthcare Service' are matched  using regular expression

31-01-2024T16:55:41 - [MESSAGE][PASSED] - Current window's title is: 'CURA Healthcare Service'

31-01-2024T16:55:41 - [MESSAGE][PASSED] - Actual text 'CURA Healthcare Service' and expected text 'CURA Healthcare Service' are matched  using regular expression

31-01-2024T16:55:41 - [TEST_STEP][PASSED] - click(findTestObject("Object Repository/Cura_Pages/CURA_MAKEAPPOINTMENT_OR/CURA_LOGOUT_OR/Page_CURA Healthcare Service/amenu-toggle")): Object: 'Object Repository/Cura_Pages/CURA_MAKEAPPOINTMENT_OR/CURA_LOGOUT_OR/Page_CURA Healthcare Service/amenu-toggle' is clicked on

31-01-2024T16:55:42 - [MESSAGE][PASSED] - Object: 'Object Repository/Cura_Pages/CURA_MAKEAPPOINTMENT_OR/CURA_LOGOUT_OR/Page_CURA Healthcare Service/amenu-toggle' is clicked on

31-01-2024T16:55:42 - [TEST_STEP][PASSED] - verifyElementClickable(findTestObject("Object Repository/Cura_Pages/CURA_MAKEAPPOINTMENT_OR/CURA_LOGOUT_OR/Page_CURA Healthcare Service/a_CURA Healthcare")): Object 'Object Repository/Cura_Pages/CURA_MAKEAPPOINTMENT_OR/CURA_LOGOUT_OR/Page_CURA Healthcare Service/a_CURA Healthcare' is clickable

31-01-2024T16:55:42 - [MESSAGE][PASSED] - Object 'Object Repository/Cura_Pages/CURA_MAKEAPPOINTMENT_OR/CURA_LOGOUT_OR/Page_CURA Healthcare Service/a_CURA Healthcare' is clickable

31-01-2024T16:55:42 - [TEST_STEP][PASSED] - click(findTestObject("Object Repository/Cura_Pages/CURA_MAKEAPPOINTMENT_OR/CURA_LOGOUT_OR/Page_CURA Healthcare Service/a_Logout")): Object: 'Object Repository/Cura_Pages/CURA_MAKEAPPOINTMENT_OR/CURA_LOGOUT_OR/Page_CURA Healthcare Service/a_Logout' is clicked on

31-01-2024T16:55:43 - [MESSAGE][PASSED] - Object: 'Object Repository/Cura_Pages/CURA_MAKEAPPOINTMENT_OR/CURA_LOGOUT_OR/Page_CURA Healthcare Service/a_Logout' is clicked on

31-01-2024T16:55:43 - [TEST_STEP][PASSED] - click(findTestObject("Object Repository/Cura_Pages/CURA_MAKEAPPOINTMENT_OR/CURA_LOGOUT_OR/Page_CURA Healthcare Service/amenu-toggle")): Object: 'Object Repository/Cura_Pages/CURA_MAKEAPPOINTMENT_OR/CURA_LOGOUT_OR/Page_CURA Healthcare Service/amenu-toggle' is clicked on

31-01-2024T16:55:44 - [MESSAGE][PASSED] - Object: 'Object Repository/Cura_Pages/CURA_MAKEAPPOINTMENT_OR/CURA_LOGOUT_OR/Page_CURA Healthcare Service/amenu-toggle' is clicked on

31-01-2024T16:55:44 - [TEST_STEP][PASSED] - verifyElementPresent(findTestObject("Object Repository/Cura_Pages/CURA_MAKEAPPOINTMENT_OR/CURA_LOGOUT_OR/Page_CURA Healthcare Service/a_Login"), 0): Object 'Object Repository/Cura_Pages/CURA_MAKEAPPOINTMENT_OR/CURA_LOGOUT_OR/Page_CURA Healthcare Service/a_Login' is present

31-01-2024T16:55:44 - [MESSAGE][WARNING] - Timeout '0' is invalid. Using default page load timeout: '30'

31-01-2024T16:55:44 - [MESSAGE][PASSED] - Object 'Object Repository/Cura_Pages/CURA_MAKEAPPOINTMENT_OR/CURA_LOGOUT_OR/Page_CURA Healthcare Service/a_Login' is present

31-01-2024T16:55:44 - [TEST_STEP][PASSED] - verifyElementVisible(findTestObject("Object Repository/Cura_Pages/CURA_MAKEAPPOINTMENT_OR/CURA_LOGOUT_OR/Page_CURA Healthcare Service/div_CURA Healthcare Service        We Care _b17f12")): Object 'Object Repository/Cura_Pages/CURA_MAKEAPPOINTMENT_OR/CURA_LOGOUT_OR/Page_CURA Healthcare Service/div_CURA Healthcare Service        We Care _b17f12' is visible

31-01-2024T16:55:45 - [MESSAGE][PASSED] - Object 'Object Repository/Cura_Pages/CURA_MAKEAPPOINTMENT_OR/CURA_LOGOUT_OR/Page_CURA Healthcare Service/div_CURA Healthcare Service        We Care _b17f12' is visible

31-01-2024T16:55:45 - [TEST_STEP][PASSED] - Start tear down : tearDownTestCase: Method 'tearDownTestCase' complete successfully

31-01-2024T16:55:45 - [TEST_STEP][PASSED] - delay(1): Delayed 1 second(s)

31-01-2024T16:55:46 - [MESSAGE][PASSED] - Delayed 1 second(s)

31-01-2024T16:55:46 - [MESSAGE][PASSED] - Method 'tearDownTestCase' complete successfully

31-01-2024T16:55:46 - [TEST_STEP][PASSED] - Start listener action : sampleAfterTestCase: null

31-01-2024T16:55:46 - [TEST_STEP][PASSED] - println(testCaseContext.getTestCaseId()): null

31-01-2024T16:55:46 - [TEST_STEP][PASSED] - println(testCaseContext.getTestCaseStatus()): null]]></system-out>
         <system-err><![CDATA[]]></system-err>
      </testcase>
      <system-out><![CDATA[31-01-2024T16:54:22 - [TEST_SUITE][PASSED] - CURA_MAKEAPPOINTMENT_TESTSUITE: Test Cases/TC_CURA_MAKEAPPOINTMENT/CURA_MAKEAPPOINTMENT_LOGOUT]]></system-out>
      <system-err><![CDATA[]]></system-err>
   </testsuite>
</testsuites>
