<?xml version="1.0" encoding="UTF-8"?>
<testsuites name="CURA_MAKEAPPOINTMENT_TESTSUITE" time="33.092" tests="1" failures="0" errors="0">
   <testsuite name="CURA_MAKEAPPOINTMENT_TESTSUITE" tests="1" failures="0" errors="0" time="33.092" skipped="0" timestamp="31-01-2024T16:02:57" hostname="hp - LAPTOP-F3RG2V3G" id="Test Suites/CURA_MAKEAPPOINTMENT_TESTSUITE/CURA_MAKEAPPOINTMENT_TESTSUITE">
      <properties>
         <property name="deviceName" value=""/>
         <property name="devicePlatform" value=""/>
         <property name="logFolder" value="C:\\Users\\hp\\Katalon Studio\\CURA_HEALTHCARE_SERVICE\\Reports\\20240131_160238\\CURA_MAKEAPPOINTMENT_TESTSUITE\\CURA_MAKEAPPOINTMENT_TESTSUITE\\20240131_160238"/>
         <property name="logFiles" value="C:\\Users\\hp\\Katalon Studio\\CURA_HEALTHCARE_SERVICE\\Reports\\20240131_160238\\CURA_MAKEAPPOINTMENT_TESTSUITE\\CURA_MAKEAPPOINTMENT_TESTSUITE\\20240131_160238\\execution0.log"/>
         <property name="attachments" value=""/>
         <property name="hostName" value="hp - LAPTOP-F3RG2V3G"/>
         <property name="os" value="Windows 10 64bit"/>
         <property name="katalonVersion" value="9.1.0.212"/>
         <property name="browser" value="Chrome 120.0.0.0"/>
         <property name="hostAddress" value="192.168.51.157"/>
         <property name="sessionId" value="9e89083ec4ff25568a34d3559892a109"/>
         <property name="seleniumVersion" value="3.141.59"/>
         <property name="proxyInformation" value="ProxyInformation { proxyOption=NO_PROXY, proxyServerType=HTTP, username=, password=********, proxyServerAddress=, proxyServerPort=0, executionList=&quot;&quot;, isApplyToDesiredCapabilities=true }"/>
         <property name="platform" value="Windows 10"/>
      </properties>
      <testcase name="Test Cases/TC_CURA_MAKEAPPOINTMENT/CURA_MAKAEAPPOINTMENT_VERIFYING" time="12.024" classname="Test Cases/TC_CURA_MAKEAPPOINTMENT/CURA_MAKAEAPPOINTMENT_VERIFYING" status="PASSED">
         <system-out><![CDATA[31-01-2024T16:03:18 - [TEST_CASE][PASSED] - Test Cases/TC_CURA_MAKEAPPOINTMENT/CURA_MAKAEAPPOINTMENT_VERIFYING: Test Cases/TC_CURA_MAKEAPPOINTMENT/CURA_MAKAEAPPOINTMENT_VERIFYING

31-01-2024T16:03:18 - [TEST_STEP][PASSED] - Start listener action : sampleBeforeTestCase: Actual text 'CURA Healthcare Service' and expected text 'CURA Healthcare Service' are matched  using regular expression

31-01-2024T16:03:18 - [TEST_STEP][PASSED] - println(testCaseContext.getTestCaseId()): null

31-01-2024T16:03:18 - [TEST_STEP][PASSED] - println(testCaseContext.getTestCaseVariables()): null

31-01-2024T16:03:18 - [TEST_STEP][PASSED] - verifyMatch(getWindowTitle(), "CURA Healthcare Service", true): Actual text 'CURA Healthcare Service' and expected text 'CURA Healthcare Service' are matched  using regular expression

31-01-2024T16:03:18 - [MESSAGE][PASSED] - Current window's title is: 'CURA Healthcare Service'

31-01-2024T16:03:19 - [MESSAGE][PASSED] - Actual text 'CURA Healthcare Service' and expected text 'CURA Healthcare Service' are matched  using regular expression

31-01-2024T16:03:19 - [TEST_STEP][PASSED] - delay(2): Delayed 2 second(s)

31-01-2024T16:03:21 - [MESSAGE][PASSED] - Delayed 2 second(s)

31-01-2024T16:03:21 - [TEST_STEP][PASSED] - com.qa.test.customfunction.CuraDropdown(findTestObject("Cura_Pages/CURA_MAKEAPPOINTMENT_OR/CURA_MAKINGAPPOINTMENT_OR/Page_CURA Healthcare Service/select_Tokyo CURA Healthcare Center        _5b4107"), "Hongkong CURA Healthcare Center"): com.qa.test.customfunction.CuraDropdown is PASSED

31-01-2024T16:03:22 - [MESSAGE][PASSED] - com.qa.test.customfunction.CuraDropdown is PASSED

31-01-2024T16:03:22 - [TEST_STEP][PASSED] - click(findTestObject("Object Repository/Cura_Pages/CURA_MAKEAPPOINTMENT_OR/CURA_MAKINGAPPOINTMENT_OR/Page_CURA Healthcare Service/label_Medicaid")): Object: 'Object Repository/Cura_Pages/CURA_MAKEAPPOINTMENT_OR/CURA_MAKINGAPPOINTMENT_OR/Page_CURA Healthcare Service/label_Medicaid' is clicked on

31-01-2024T16:03:23 - [MESSAGE][PASSED] - Object: 'Object Repository/Cura_Pages/CURA_MAKEAPPOINTMENT_OR/CURA_MAKINGAPPOINTMENT_OR/Page_CURA Healthcare Service/label_Medicaid' is clicked on

31-01-2024T16:03:23 - [TEST_STEP][PASSED] - click(findTestObject("Object Repository/Cura_Pages/CURA_MAKEAPPOINTMENT_OR/CURA_MAKINGAPPOINTMENT_OR/Page_CURA Healthcare Service/label_Apply for hospital readmission")): Object: 'Object Repository/Cura_Pages/CURA_MAKEAPPOINTMENT_OR/CURA_MAKINGAPPOINTMENT_OR/Page_CURA Healthcare Service/label_Apply for hospital readmission' is clicked on

31-01-2024T16:03:24 - [MESSAGE][PASSED] - Object: 'Object Repository/Cura_Pages/CURA_MAKEAPPOINTMENT_OR/CURA_MAKINGAPPOINTMENT_OR/Page_CURA Healthcare Service/label_Apply for hospital readmission' is clicked on

31-01-2024T16:03:24 - [TEST_STEP][PASSED] - click(findTestObject("Object Repository/Cura_Pages/CURA_MAKEAPPOINTMENT_OR/CURA_MAKINGAPPOINTMENT_OR/Page_CURA Healthcare Service/div_input-group-addon")): Object: 'Object Repository/Cura_Pages/CURA_MAKEAPPOINTMENT_OR/CURA_MAKINGAPPOINTMENT_OR/Page_CURA Healthcare Service/div_input-group-addon' is clicked on

31-01-2024T16:03:24 - [MESSAGE][PASSED] - Object: 'Object Repository/Cura_Pages/CURA_MAKEAPPOINTMENT_OR/CURA_MAKINGAPPOINTMENT_OR/Page_CURA Healthcare Service/div_input-group-addon' is clicked on

31-01-2024T16:03:24 - [TEST_STEP][PASSED] - click(findTestObject("Object Repository/Cura_Pages/CURA_MAKEAPPOINTMENT_OR/CURA_MAKINGAPPOINTMENT_OR/Page_CURA Healthcare Service/td_30")): Object: 'Object Repository/Cura_Pages/CURA_MAKEAPPOINTMENT_OR/CURA_MAKINGAPPOINTMENT_OR/Page_CURA Healthcare Service/td_30' is clicked on

31-01-2024T16:03:25 - [MESSAGE][PASSED] - Object: 'Object Repository/Cura_Pages/CURA_MAKEAPPOINTMENT_OR/CURA_MAKINGAPPOINTMENT_OR/Page_CURA Healthcare Service/td_30' is clicked on

31-01-2024T16:03:25 - [TEST_STEP][PASSED] - setText(findTestObject("Object Repository/Cura_Pages/CURA_MAKEAPPOINTMENT_OR/CURA_MAKINGAPPOINTMENT_OR/Page_CURA Healthcare Service/textarea_comment"), "csdiufhasicmals;kcopa"): Text 'csdiufhasicmals;kcopa' is set on object 'Object Repository/Cura_Pages/CURA_MAKEAPPOINTMENT_OR/CURA_MAKINGAPPOINTMENT_OR/Page_CURA Healthcare Service/textarea_comment'

31-01-2024T16:03:26 - [MESSAGE][PASSED] - Text 'csdiufhasicmals;kcopa' is set on object 'Object Repository/Cura_Pages/CURA_MAKEAPPOINTMENT_OR/CURA_MAKINGAPPOINTMENT_OR/Page_CURA Healthcare Service/textarea_comment'

31-01-2024T16:03:26 - [TEST_STEP][PASSED] - click(findTestObject("Object Repository/Cura_Pages/CURA_MAKEAPPOINTMENT_OR/CURA_MAKINGAPPOINTMENT_OR/Page_CURA Healthcare Service/button_Book Appointment")): Object: 'Object Repository/Cura_Pages/CURA_MAKEAPPOINTMENT_OR/CURA_MAKINGAPPOINTMENT_OR/Page_CURA Healthcare Service/button_Book Appointment' is clicked on

31-01-2024T16:03:27 - [MESSAGE][PASSED] - Object: 'Object Repository/Cura_Pages/CURA_MAKEAPPOINTMENT_OR/CURA_MAKINGAPPOINTMENT_OR/Page_CURA Healthcare Service/button_Book Appointment' is clicked on

31-01-2024T16:03:27 - [TEST_STEP][PASSED] - verifyElementPresent(findTestObject("Object Repository/Cura_Pages/CURA_MAKEAPPOINTMENT_OR/CURA_MAKINGAPPOINTMENT_OR/Page_CURA Healthcare Service/p_Please be informed that your appointment _11813a"), 0): Object 'Object Repository/Cura_Pages/CURA_MAKEAPPOINTMENT_OR/CURA_MAKINGAPPOINTMENT_OR/Page_CURA Healthcare Service/p_Please be informed that your appointment _11813a' is present

31-01-2024T16:03:28 - [MESSAGE][WARNING] - Timeout '0' is invalid. Using default page load timeout: '30'

31-01-2024T16:03:29 - [MESSAGE][PASSED] - Object 'Object Repository/Cura_Pages/CURA_MAKEAPPOINTMENT_OR/CURA_MAKINGAPPOINTMENT_OR/Page_CURA Healthcare Service/p_Please be informed that your appointment _11813a' is present

31-01-2024T16:03:29 - [TEST_STEP][PASSED] - Start tear down : tearDownTestCase: Method 'tearDownTestCase' complete successfully

31-01-2024T16:03:29 - [TEST_STEP][PASSED] - delay(1): Delayed 1 second(s)

31-01-2024T16:03:30 - [MESSAGE][PASSED] - Delayed 1 second(s)

31-01-2024T16:03:30 - [MESSAGE][PASSED] - Method 'tearDownTestCase' complete successfully

31-01-2024T16:03:30 - [TEST_STEP][PASSED] - Start listener action : sampleAfterTestCase: null

31-01-2024T16:03:30 - [TEST_STEP][PASSED] - println(testCaseContext.getTestCaseId()): null

31-01-2024T16:03:30 - [TEST_STEP][PASSED] - println(testCaseContext.getTestCaseStatus()): null]]></system-out>
         <system-err><![CDATA[]]></system-err>
      </testcase>
      <system-out><![CDATA[31-01-2024T16:02:57 - [TEST_SUITE][PASSED] - CURA_MAKEAPPOINTMENT_TESTSUITE: Test Cases/TC_CURA_MAKEAPPOINTMENT/CURA_MAKAEAPPOINTMENT_VERIFYING]]></system-out>
      <system-err><![CDATA[]]></system-err>
   </testsuite>
</testsuites>
