<?xml version="1.0" encoding="UTF-8"?>
<testsuites name="CURA_MAKEAPPOINTMENT_TESTSUITE" time="43.207" tests="1" failures="0" errors="0">
   <testsuite name="CURA_MAKEAPPOINTMENT_TESTSUITE" tests="1" failures="0" errors="0" time="43.207" skipped="0" timestamp="02-02-2024T18:53:29" hostname="hp - LAPTOP-F3RG2V3G" id="Test Suites/CURA_MAKEAPPOINTMENT_TESTSUITE/CURA_MAKEAPPOINTMENT_TESTSUITE">
      <properties>
         <property name="deviceName" value=""/>
         <property name="devicePlatform" value=""/>
         <property name="logFolder" value="C:\\Users\\hp\\Katalon Studio\\CURA_HEALTHCARE_SERVICE\\Reports\\20240202_184946\\CURA_MAKEAPPOINTMENT_TESTSUITE\\CURA_MAKEAPPOINTMENT_TESTSUITE\\20240202_184952"/>
         <property name="logFiles" value="C:\\Users\\hp\\Katalon Studio\\CURA_HEALTHCARE_SERVICE\\Reports\\20240202_184946\\CURA_MAKEAPPOINTMENT_TESTSUITE\\CURA_MAKEAPPOINTMENT_TESTSUITE\\20240202_184952\\execution0.log"/>
         <property name="attachments" value=""/>
         <property name="hostName" value="hp - LAPTOP-F3RG2V3G"/>
         <property name="os" value="Windows 10 64bit"/>
         <property name="katalonVersion" value="9.1.0.212"/>
         <property name="browser" value="Firefox 85.0"/>
         <property name="hostAddress" value="192.168.1.10"/>
         <property name="sessionId" value="f36cf804-4dd1-41fc-8cef-089edecafd99"/>
         <property name="seleniumVersion" value="3.141.59"/>
         <property name="proxyInformation" value="ProxyInformation { proxyOption=NO_PROXY, proxyServerType=HTTP, username=, password=********, proxyServerAddress=, proxyServerPort=0, executionList=&quot;&quot;, isApplyToDesiredCapabilities=true }"/>
         <property name="platform" value="Windows 10"/>
      </properties>
      <testcase name="Test Cases/TC_CURA_MAKEAPPOINTMENT/CURA_MAKEAPPOINTMENT_VERIFYING" time="13.017" classname="Test Cases/TC_CURA_MAKEAPPOINTMENT/CURA_MAKEAPPOINTMENT_VERIFYING" status="PASSED">
         <system-out><![CDATA[02-02-2024T18:53:59 - [TEST_CASE][PASSED] - Test Cases/TC_CURA_MAKEAPPOINTMENT/CURA_MAKEAPPOINTMENT_VERIFYING: Test Cases/TC_CURA_MAKEAPPOINTMENT/CURA_MAKEAPPOINTMENT_VERIFYING

02-02-2024T18:53:59 - [TEST_STEP][PASSED] - Start listener action : sampleBeforeTestCase: Actual text 'CURA Healthcare Service' and expected text 'CURA Healthcare Service' are matched  using regular expression

02-02-2024T18:53:59 - [TEST_STEP][PASSED] - println(testCaseContext.getTestCaseId()): null

02-02-2024T18:53:59 - [TEST_STEP][PASSED] - println(testCaseContext.getTestCaseVariables()): null

02-02-2024T18:53:59 - [TEST_STEP][PASSED] - verifyMatch(getWindowTitle(), "CURA Healthcare Service", true): Actual text 'CURA Healthcare Service' and expected text 'CURA Healthcare Service' are matched  using regular expression

02-02-2024T18:53:59 - [MESSAGE][PASSED] - Current window's title is: 'CURA Healthcare Service'

02-02-2024T18:54:00 - [MESSAGE][PASSED] - Actual text 'CURA Healthcare Service' and expected text 'CURA Healthcare Service' are matched  using regular expression

02-02-2024T18:54:00 - [TEST_STEP][PASSED] - delay(2): Delayed 2 second(s)

02-02-2024T18:54:02 - [MESSAGE][PASSED] - Delayed 2 second(s)

02-02-2024T18:54:02 - [TEST_STEP][PASSED] - com.qa.test.customfunction.CuraDropdown(findTestObject("Cura_Pages/CURA_MAKEAPPOINTMENT_OR/CURA_MAKINGAPPOINTMENT_OR/Page_CURA Healthcare Service/select_Tokyo CURA Healthcare Center        _5b4107"), "Hongkong CURA Healthcare Center"): com.qa.test.customfunction.CuraDropdown is PASSED

02-02-2024T18:54:03 - [MESSAGE][PASSED] - com.qa.test.customfunction.CuraDropdown is PASSED

02-02-2024T18:54:03 - [TEST_STEP][PASSED] - click(findTestObject("Object Repository/Cura_Pages/CURA_MAKEAPPOINTMENT_OR/CURA_MAKINGAPPOINTMENT_OR/Page_CURA Healthcare Service/label_Medicaid")): Object: 'Object Repository/Cura_Pages/CURA_MAKEAPPOINTMENT_OR/CURA_MAKINGAPPOINTMENT_OR/Page_CURA Healthcare Service/label_Medicaid' is clicked on

02-02-2024T18:54:04 - [MESSAGE][PASSED] - Object: 'Object Repository/Cura_Pages/CURA_MAKEAPPOINTMENT_OR/CURA_MAKINGAPPOINTMENT_OR/Page_CURA Healthcare Service/label_Medicaid' is clicked on

02-02-2024T18:54:04 - [TEST_STEP][PASSED] - click(findTestObject("Object Repository/Cura_Pages/CURA_MAKEAPPOINTMENT_OR/CURA_MAKINGAPPOINTMENT_OR/Page_CURA Healthcare Service/label_Apply for hospital readmission")): Object: 'Object Repository/Cura_Pages/CURA_MAKEAPPOINTMENT_OR/CURA_MAKINGAPPOINTMENT_OR/Page_CURA Healthcare Service/label_Apply for hospital readmission' is clicked on

02-02-2024T18:54:05 - [MESSAGE][PASSED] - Object: 'Object Repository/Cura_Pages/CURA_MAKEAPPOINTMENT_OR/CURA_MAKINGAPPOINTMENT_OR/Page_CURA Healthcare Service/label_Apply for hospital readmission' is clicked on

02-02-2024T18:54:05 - [TEST_STEP][PASSED] - click(findTestObject("Object Repository/Cura_Pages/CURA_MAKEAPPOINTMENT_OR/CURA_MAKINGAPPOINTMENT_OR/Page_CURA Healthcare Service/div_input-group-addon")): Object: 'Object Repository/Cura_Pages/CURA_MAKEAPPOINTMENT_OR/CURA_MAKINGAPPOINTMENT_OR/Page_CURA Healthcare Service/div_input-group-addon' is clicked on

02-02-2024T18:54:06 - [MESSAGE][PASSED] - Object: 'Object Repository/Cura_Pages/CURA_MAKEAPPOINTMENT_OR/CURA_MAKINGAPPOINTMENT_OR/Page_CURA Healthcare Service/div_input-group-addon' is clicked on

02-02-2024T18:54:06 - [TEST_STEP][PASSED] - click(findTestObject("Object Repository/Cura_Pages/CURA_MAKEAPPOINTMENT_OR/CURA_MAKINGAPPOINTMENT_OR/Page_CURA Healthcare Service/td_30")): Object: 'Object Repository/Cura_Pages/CURA_MAKEAPPOINTMENT_OR/CURA_MAKINGAPPOINTMENT_OR/Page_CURA Healthcare Service/td_30' is clicked on

02-02-2024T18:54:06 - [MESSAGE][PASSED] - Object: 'Object Repository/Cura_Pages/CURA_MAKEAPPOINTMENT_OR/CURA_MAKINGAPPOINTMENT_OR/Page_CURA Healthcare Service/td_30' is clicked on

02-02-2024T18:54:06 - [TEST_STEP][PASSED] - setText(findTestObject("Object Repository/Cura_Pages/CURA_MAKEAPPOINTMENT_OR/CURA_MAKINGAPPOINTMENT_OR/Page_CURA Healthcare Service/textarea_comment"), "csdiufhasicmals;kcopa"): Text 'csdiufhasicmals;kcopa' is set on object 'Object Repository/Cura_Pages/CURA_MAKEAPPOINTMENT_OR/CURA_MAKINGAPPOINTMENT_OR/Page_CURA Healthcare Service/textarea_comment'

02-02-2024T18:54:07 - [MESSAGE][PASSED] - Text 'csdiufhasicmals;kcopa' is set on object 'Object Repository/Cura_Pages/CURA_MAKEAPPOINTMENT_OR/CURA_MAKINGAPPOINTMENT_OR/Page_CURA Healthcare Service/textarea_comment'

02-02-2024T18:54:07 - [TEST_STEP][PASSED] - click(findTestObject("Object Repository/Cura_Pages/CURA_MAKEAPPOINTMENT_OR/CURA_MAKINGAPPOINTMENT_OR/Page_CURA Healthcare Service/button_Book Appointment")): Object: 'Object Repository/Cura_Pages/CURA_MAKEAPPOINTMENT_OR/CURA_MAKINGAPPOINTMENT_OR/Page_CURA Healthcare Service/button_Book Appointment' is clicked on

02-02-2024T18:54:08 - [MESSAGE][PASSED] - Object: 'Object Repository/Cura_Pages/CURA_MAKEAPPOINTMENT_OR/CURA_MAKINGAPPOINTMENT_OR/Page_CURA Healthcare Service/button_Book Appointment' is clicked on

02-02-2024T18:54:08 - [TEST_STEP][PASSED] - verifyElementPresent(findTestObject("Object Repository/Cura_Pages/CURA_MAKEAPPOINTMENT_OR/CURA_MAKINGAPPOINTMENT_OR/Page_CURA Healthcare Service/p_Please be informed that your appointment _11813a"), 0): Object 'Object Repository/Cura_Pages/CURA_MAKEAPPOINTMENT_OR/CURA_MAKINGAPPOINTMENT_OR/Page_CURA Healthcare Service/p_Please be informed that your appointment _11813a' is present

02-02-2024T18:54:08 - [MESSAGE][WARNING] - Timeout '0' is invalid. Using default page load timeout: '30'

02-02-2024T18:54:09 - [MESSAGE][PASSED] - Object 'Object Repository/Cura_Pages/CURA_MAKEAPPOINTMENT_OR/CURA_MAKINGAPPOINTMENT_OR/Page_CURA Healthcare Service/p_Please be informed that your appointment _11813a' is present

02-02-2024T18:54:09 - [TEST_STEP][PASSED] - verifyCheckpoint(findCheckpoint("Checkpoints/CURA_CHECKPOINT_DATA"), true): Checkpoint data and Source data are matched

02-02-2024T18:54:11 - [MESSAGE][PASSED] - Checkpoint data and Source data are matched

02-02-2024T18:54:11 - [TEST_STEP][PASSED] - Start tear down : tearDownTestCase: Method 'tearDownTestCase' complete successfully

02-02-2024T18:54:11 - [TEST_STEP][PASSED] - delay(1): Delayed 1 second(s)

02-02-2024T18:54:12 - [MESSAGE][PASSED] - Delayed 1 second(s)

02-02-2024T18:54:12 - [MESSAGE][PASSED] - Method 'tearDownTestCase' complete successfully

02-02-2024T18:54:12 - [TEST_STEP][PASSED] - Start listener action : sampleAfterTestCase: null

02-02-2024T18:54:12 - [TEST_STEP][PASSED] - println(testCaseContext.getTestCaseId()): null

02-02-2024T18:54:12 - [TEST_STEP][PASSED] - println(testCaseContext.getTestCaseStatus()): null]]></system-out>
         <system-err><![CDATA[]]></system-err>
      </testcase>
      <system-out><![CDATA[02-02-2024T18:53:29 - [TEST_SUITE][PASSED] - CURA_MAKEAPPOINTMENT_TESTSUITE: Test Cases/TC_CURA_MAKEAPPOINTMENT/CURA_MAKEAPPOINTMENT_VERIFYING]]></system-out>
      <system-err><![CDATA[]]></system-err>
   </testsuite>
</testsuites>
